15:46:43.981 [main] INFO   -  
 --------------- Test Execution STARTED --------------- 
 
15:46:48.213 [main] INFO  PropertyManager - Trying to access property file: testdata/default.properties
15:46:48.302 [main] INFO   - com.test.AmazonBasicTest.searchTest --- Test case STARTED
15:46:48.414 [main] INFO  HomePage - Trying to open application home page
15:46:48.414 [main] INFO  HomePage - Navigating to website with url:   https://www.amazon.com/
15:46:52.349 [main] INFO  HomePage - Verifying if page title is equal to: Amazon.com: Online Shopping for Electronics, Apparel, Computers, Books, DVDs & more
15:46:52.400 [main] INFO  HomePage - Page title is correct: "Amazon.com: Online Shopping for Electronics, Apparel, Computers, Books, DVDs & more"
15:46:52.408 [main] INFO  HomePage - Performing search for product with title: Nintendo Switch
15:46:52.422 [main] INFO  HomePage - Entering text: "Nintendo Switch" into field with XPath: By.xpath: //input[@id='twotabsearchtextbox']
15:46:53.448 [main] INFO  HomePage - Pressing key: ENTER
15:46:56.571 [main] INFO   - com.test.AmazonBasicTest.searchTest --- Test case PASSED
15:46:58.204 [main] INFO   -  
 --------------- Test Execution ENDED --------------- 

15:46:58.273 [main] INFO   - Suite Name->HomeTask2::Report output Ditectory->C:\Users\Home\TestAutomationModule\HomeTask2\test-output\Default Suite::Suite Name->Default Suite
     Start Date Time for execution->Fri Apr 09 15:46:43 CEST 2021::End Date Time for execution->Fri Apr 09 15:46:58 CEST 2021
14:09:58.592 [main] INFO   -  
 --------------- Test Execution STARTED --------------- 
 
14:10:07.410 [main] INFO  PropertyManager - Trying to access property file: testdata/default.properties
14:10:07.624 [main] INFO   - com.test.AmazonBasicTest.searchTest --- Test case STARTED
14:10:07.836 [main] INFO  HomePage - Trying to open application home page
14:10:07.838 [main] INFO  HomePage - Navigating to website with url:   https://www.amazon.com/
14:10:10.458 [main] INFO  HomePage - Verifying if page title is equal to: Amazon.com: Online Shopping for Electronics, Apparel, Computers, Books, DVDs & more
14:10:11.040 [main] INFO  HomePage - Page title is correct: "Amazon.com: Online Shopping for Electronics, Apparel, Computers, Books, DVDs & more"
14:10:11.049 [main] INFO  HomePage - Performing search for product with title: Nintendo Switch
14:10:11.065 [main] INFO  HomePage - Entering text: "Nintendo Switch" into field with XPath: By.xpath: //input[@id='twotabsearchtextbox']
14:10:13.297 [main] INFO  HomePage - Pressing key: ENTER
14:10:17.700 [main] ERROR  - com.test.AmazonBasicTest.searchTest --- Test case FAILED
14:10:17.726 [main] ERROR  - java.lang.NullPointerException
	at com.test.AmazonBasicTest.searchTest(AmazonBasicTest.java:13)
	at java.base/jdk.internal.reflect.NativeMethodAccessorImpl.invoke0(Native Method)
	at java.base/jdk.internal.reflect.NativeMethodAccessorImpl.invoke(NativeMethodAccessorImpl.java:62)
	at java.base/jdk.internal.reflect.DelegatingMethodAccessorImpl.invoke(DelegatingMethodAccessorImpl.java:43)
	at java.base/java.lang.reflect.Method.invoke(Method.java:566)
	at org.testng.internal.MethodInvocationHelper.invokeMethod(MethodInvocationHelper.java:134)
	at org.testng.internal.TestInvoker.invokeMethod(TestInvoker.java:597)
	at org.testng.internal.TestInvoker.invokeTestMethod(TestInvoker.java:173)
	at org.testng.internal.MethodRunner.runInSequence(MethodRunner.java:46)
	at org.testng.internal.TestInvoker$MethodInvocationAgent.invoke(TestInvoker.java:816)
	at org.testng.internal.TestInvoker.invokeTestMethods(TestInvoker.java:146)
	at org.testng.internal.TestMethodWorker.invokeTestMethods(TestMethodWorker.java:146)
	at org.testng.internal.TestMethodWorker.run(TestMethodWorker.java:128)
	at java.base/java.util.ArrayList.forEach(ArrayList.java:1541)
	at org.testng.TestRunner.privateRun(TestRunner.java:766)
	at org.testng.TestRunner.run(TestRunner.java:587)
	at org.testng.SuiteRunner.runTest(SuiteRunner.java:384)
	at org.testng.SuiteRunner.runSequentially(SuiteRunner.java:378)
	at org.testng.SuiteRunner.privateRun(SuiteRunner.java:337)
	at org.testng.SuiteRunner.run(SuiteRunner.java:286)
	at org.testng.SuiteRunnerWorker.runSuite(SuiteRunnerWorker.java:53)
	at org.testng.SuiteRunnerWorker.run(SuiteRunnerWorker.java:96)
	at org.testng.TestNG.runSuitesSequentially(TestNG.java:1187)
	at org.testng.TestNG.runSuitesLocally(TestNG.java:1109)
	at org.testng.TestNG.runSuites(TestNG.java:1039)
	at org.testng.TestNG.run(TestNG.java:1007)
	at com.intellij.rt.testng.IDEARemoteTestNG.run(IDEARemoteTestNG.java:66)
	at com.intellij.rt.testng.RemoteTestNGStarter.main(RemoteTestNGStarter.java:109)

14:10:17.758 [main] ERROR  - com.test.AmazonBasicTest.searchTest --- Test case FAILED
14:10:17.759 [main] ERROR  - java.lang.NullPointerException
	at com.listeners.ReportUtils.makeScreenshot(ReportUtils.java:15)
	at com.listeners.TestResultsListener.onTestFailure(TestResultsListener.java:30)
	at org.testng.internal.TestListenerHelper.runTestListeners(TestListenerHelper.java:66)
	at org.testng.internal.TestInvoker.runTestResultListener(TestInvoker.java:219)
	at org.testng.internal.TestInvoker.invokeMethod(TestInvoker.java:651)
	at org.testng.internal.TestInvoker.invokeTestMethod(TestInvoker.java:173)
	at org.testng.internal.MethodRunner.runInSequence(MethodRunner.java:46)
	at org.testng.internal.TestInvoker$MethodInvocationAgent.invoke(TestInvoker.java:816)
	at org.testng.internal.TestInvoker.invokeTestMethods(TestInvoker.java:146)
	at org.testng.internal.TestMethodWorker.invokeTestMethods(TestMethodWorker.java:146)
	at org.testng.internal.TestMethodWorker.run(TestMethodWorker.java:128)
	at java.base/java.util.ArrayList.forEach(ArrayList.java:1541)
	at org.testng.TestRunner.privateRun(TestRunner.java:766)
	at org.testng.TestRunner.run(TestRunner.java:587)
	at org.testng.SuiteRunner.runTest(SuiteRunner.java:384)
	at org.testng.SuiteRunner.runSequentially(SuiteRunner.java:378)
	at org.testng.SuiteRunner.privateRun(SuiteRunner.java:337)
	at org.testng.SuiteRunner.run(SuiteRunner.java:286)
	at org.testng.SuiteRunnerWorker.runSuite(SuiteRunnerWorker.java:53)
	at org.testng.SuiteRunnerWorker.run(SuiteRunnerWorker.java:96)
	at org.testng.TestNG.runSuitesSequentially(TestNG.java:1187)
	at org.testng.TestNG.runSuitesLocally(TestNG.java:1109)
	at org.testng.TestNG.runSuites(TestNG.java:1039)
	at org.testng.TestNG.run(TestNG.java:1007)
	at com.intellij.rt.testng.IDEARemoteTestNG.run(IDEARemoteTestNG.java:66)
	at com.intellij.rt.testng.RemoteTestNGStarter.main(RemoteTestNGStarter.java:109)

14:10:18.880 [main] INFO   -  
 --------------- Test Execution ENDED --------------- 

14:12:08.981 [main] INFO   -  
 --------------- Test Execution STARTED --------------- 
 
14:12:17.225 [main] INFO  PropertyManager - Trying to access property file: testdata/default.properties
14:12:17.312 [main] INFO   - com.test.AmazonBasicTest.searchTest --- Test case STARTED
14:12:17.464 [main] INFO  HomePage - Trying to open application home page
14:12:17.464 [main] INFO  HomePage - Navigating to website with url:   https://www.amazon.com/
14:12:21.154 [main] INFO  HomePage - Verifying if page title is equal to: Amazon.com: Online Shopping for Electronics, Apparel, Computers, Books, DVDs & more
14:12:22.490 [main] INFO  HomePage - Page title is correct: "Amazon.com: Online Shopping for Electronics, Apparel, Computers, Books, DVDs & more"
14:12:22.501 [main] INFO  HomePage - Performing search for product with title: Nintendo Switch
14:12:22.511 [main] INFO  HomePage - Entering text: "Nintendo Switch" into field with XPath: By.xpath: //input[@id='twotabsearchtextbox']
14:12:25.581 [main] INFO  HomePage - Pressing key: ENTER
14:12:30.232 [main] INFO   - com.test.AmazonBasicTest.searchTest --- Test case PASSED
14:12:32.881 [main] INFO   -  
 --------------- Test Execution ENDED --------------- 

14:12:32.961 [main] INFO   - Suite Name->HomeTask2::Report output Ditectory->C:\Users\Home\TestAutomationModule\HomeTask2\test-output\Default Suite::Suite Name->Default Suite
     Start Date Time for execution->Mon Apr 12 14:12:08 CEST 2021::End Date Time for execution->Mon Apr 12 14:12:32 CEST 2021
14:14:09.871 [main] INFO   -  
 --------------- Test Execution STARTED --------------- 
 
14:14:16.023 [main] INFO  PropertyManager - Trying to access property file: testdata/default.properties
14:14:16.195 [main] INFO   - com.test.AmazonBasicTest.searchTest --- Test case STARTED
14:14:16.525 [main] INFO  HomePage - Trying to open application home page
14:14:16.525 [main] INFO  HomePage - Navigating to website with url:   https://www.amazon.com/
14:14:20.129 [main] INFO  HomePage - Verifying if page title is equal to: Amazon.com: Online Shopping for Electronics, Apparel, Computers, Books, DVDs & more
14:14:20.365 [main] INFO  HomePage - Page title is correct: "Amazon.com: Online Shopping for Electronics, Apparel, Computers, Books, DVDs & more"
14:14:20.374 [main] INFO  HomePage - Performing search for product with title: Nintendo Switch
14:14:20.386 [main] INFO  HomePage - Entering text: "Nintendo Switch" into field with XPath: By.xpath: //input[@id='twotabsearchtextbox']
14:14:22.240 [main] INFO  HomePage - Pressing key: ENTER
14:14:26.001 [main] ERROR  - com.test.AmazonBasicTest.searchTest --- Test case FAILED
14:14:26.006 [main] ERROR  - java.lang.NullPointerException
	at com.test.AmazonBasicTest.searchTest(AmazonBasicTest.java:14)
	at java.base/jdk.internal.reflect.NativeMethodAccessorImpl.invoke0(Native Method)
	at java.base/jdk.internal.reflect.NativeMethodAccessorImpl.invoke(NativeMethodAccessorImpl.java:62)
	at java.base/jdk.internal.reflect.DelegatingMethodAccessorImpl.invoke(DelegatingMethodAccessorImpl.java:43)
	at java.base/java.lang.reflect.Method.invoke(Method.java:566)
	at org.testng.internal.MethodInvocationHelper.invokeMethod(MethodInvocationHelper.java:134)
	at org.testng.internal.TestInvoker.invokeMethod(TestInvoker.java:597)
	at org.testng.internal.TestInvoker.invokeTestMethod(TestInvoker.java:173)
	at org.testng.internal.MethodRunner.runInSequence(MethodRunner.java:46)
	at org.testng.internal.TestInvoker$MethodInvocationAgent.invoke(TestInvoker.java:816)
	at org.testng.internal.TestInvoker.invokeTestMethods(TestInvoker.java:146)
	at org.testng.internal.TestMethodWorker.invokeTestMethods(TestMethodWorker.java:146)
	at org.testng.internal.TestMethodWorker.run(TestMethodWorker.java:128)
	at java.base/java.util.ArrayList.forEach(ArrayList.java:1541)
	at org.testng.TestRunner.privateRun(TestRunner.java:766)
	at org.testng.TestRunner.run(TestRunner.java:587)
	at org.testng.SuiteRunner.runTest(SuiteRunner.java:384)
	at org.testng.SuiteRunner.runSequentially(SuiteRunner.java:378)
	at org.testng.SuiteRunner.privateRun(SuiteRunner.java:337)
	at org.testng.SuiteRunner.run(SuiteRunner.java:286)
	at org.testng.SuiteRunnerWorker.runSuite(SuiteRunnerWorker.java:53)
	at org.testng.SuiteRunnerWorker.run(SuiteRunnerWorker.java:96)
	at org.testng.TestNG.runSuitesSequentially(TestNG.java:1187)
	at org.testng.TestNG.runSuitesLocally(TestNG.java:1109)
	at org.testng.TestNG.runSuites(TestNG.java:1039)
	at org.testng.TestNG.run(TestNG.java:1007)
	at com.intellij.rt.testng.IDEARemoteTestNG.run(IDEARemoteTestNG.java:66)
	at com.intellij.rt.testng.RemoteTestNGStarter.main(RemoteTestNGStarter.java:109)

14:14:26.021 [main] ERROR  - com.test.AmazonBasicTest.searchTest --- Test case FAILED
14:14:26.022 [main] ERROR  - java.lang.NullPointerException
	at com.listeners.ReportUtils.makeScreenshot(ReportUtils.java:15)
	at com.listeners.TestResultsListener.onTestFailure(TestResultsListener.java:30)
	at org.testng.internal.TestListenerHelper.runTestListeners(TestListenerHelper.java:66)
	at org.testng.internal.TestInvoker.runTestResultListener(TestInvoker.java:219)
	at org.testng.internal.TestInvoker.invokeMethod(TestInvoker.java:651)
	at org.testng.internal.TestInvoker.invokeTestMethod(TestInvoker.java:173)
	at org.testng.internal.MethodRunner.runInSequence(MethodRunner.java:46)
	at org.testng.internal.TestInvoker$MethodInvocationAgent.invoke(TestInvoker.java:816)
	at org.testng.internal.TestInvoker.invokeTestMethods(TestInvoker.java:146)
	at org.testng.internal.TestMethodWorker.invokeTestMethods(TestMethodWorker.java:146)
	at org.testng.internal.TestMethodWorker.run(TestMethodWorker.java:128)
	at java.base/java.util.ArrayList.forEach(ArrayList.java:1541)
	at org.testng.TestRunner.privateRun(TestRunner.java:766)
	at org.testng.TestRunner.run(TestRunner.java:587)
	at org.testng.SuiteRunner.runTest(SuiteRunner.java:384)
	at org.testng.SuiteRunner.runSequentially(SuiteRunner.java:378)
	at org.testng.SuiteRunner.privateRun(SuiteRunner.java:337)
	at org.testng.SuiteRunner.run(SuiteRunner.java:286)
	at org.testng.SuiteRunnerWorker.runSuite(SuiteRunnerWorker.java:53)
	at org.testng.SuiteRunnerWorker.run(SuiteRunnerWorker.java:96)
	at org.testng.TestNG.runSuitesSequentially(TestNG.java:1187)
	at org.testng.TestNG.runSuitesLocally(TestNG.java:1109)
	at org.testng.TestNG.runSuites(TestNG.java:1039)
	at org.testng.TestNG.run(TestNG.java:1007)
	at com.intellij.rt.testng.IDEARemoteTestNG.run(IDEARemoteTestNG.java:66)
	at com.intellij.rt.testng.RemoteTestNGStarter.main(RemoteTestNGStarter.java:109)

14:14:27.660 [main] INFO   -  
 --------------- Test Execution ENDED --------------- 

14:18:16.580 [main] INFO   -  
 --------------- Test Execution STARTED --------------- 
 
14:18:22.264 [main] INFO  PropertyManager - Trying to access property file: testdata/default.properties
14:18:22.370 [main] INFO   - com.test.AmazonBasicTest.searchTest --- Test case STARTED
14:18:22.575 [main] INFO  HomePage - Trying to open application home page
14:18:22.575 [main] INFO  HomePage - Navigating to website with url:   https://www.amazon.com/
14:18:25.790 [main] INFO  HomePage - Verifying if page title is equal to: Amazon.com: Online Shopping for Electronics, Apparel, Computers, Books, DVDs & more
14:18:26.515 [main] INFO  HomePage - Page title is correct: "Amazon.com: Online Shopping for Electronics, Apparel, Computers, Books, DVDs & more"
14:18:26.523 [main] INFO  HomePage - Performing search for product with title: Nintendo Switch
14:18:26.533 [main] INFO  HomePage - Entering text: "Nintendo Switch" into field with XPath: By.xpath: //input[@id='twotabsearchtextbox']
14:18:27.622 [main] INFO  HomePage - Pressing key: ENTER
14:18:32.478 [main] ERROR  - com.test.AmazonBasicTest.searchTest --- Test case FAILED
14:18:32.485 [main] ERROR  - java.lang.NullPointerException
	at com.test.AmazonBasicTest.searchTest(AmazonBasicTest.java:14)
	at java.base/jdk.internal.reflect.NativeMethodAccessorImpl.invoke0(Native Method)
	at java.base/jdk.internal.reflect.NativeMethodAccessorImpl.invoke(NativeMethodAccessorImpl.java:62)
	at java.base/jdk.internal.reflect.DelegatingMethodAccessorImpl.invoke(DelegatingMethodAccessorImpl.java:43)
	at java.base/java.lang.reflect.Method.invoke(Method.java:566)
	at org.testng.internal.MethodInvocationHelper.invokeMethod(MethodInvocationHelper.java:134)
	at org.testng.internal.TestInvoker.invokeMethod(TestInvoker.java:597)
	at org.testng.internal.TestInvoker.invokeTestMethod(TestInvoker.java:173)
	at org.testng.internal.MethodRunner.runInSequence(MethodRunner.java:46)
	at org.testng.internal.TestInvoker$MethodInvocationAgent.invoke(TestInvoker.java:816)
	at org.testng.internal.TestInvoker.invokeTestMethods(TestInvoker.java:146)
	at org.testng.internal.TestMethodWorker.invokeTestMethods(TestMethodWorker.java:146)
	at org.testng.internal.TestMethodWorker.run(TestMethodWorker.java:128)
	at java.base/java.util.ArrayList.forEach(ArrayList.java:1541)
	at org.testng.TestRunner.privateRun(TestRunner.java:766)
	at org.testng.TestRunner.run(TestRunner.java:587)
	at org.testng.SuiteRunner.runTest(SuiteRunner.java:384)
	at org.testng.SuiteRunner.runSequentially(SuiteRunner.java:378)
	at org.testng.SuiteRunner.privateRun(SuiteRunner.java:337)
	at org.testng.SuiteRunner.run(SuiteRunner.java:286)
	at org.testng.SuiteRunnerWorker.runSuite(SuiteRunnerWorker.java:53)
	at org.testng.SuiteRunnerWorker.run(SuiteRunnerWorker.java:96)
	at org.testng.TestNG.runSuitesSequentially(TestNG.java:1187)
	at org.testng.TestNG.runSuitesLocally(TestNG.java:1109)
	at org.testng.TestNG.runSuites(TestNG.java:1039)
	at org.testng.TestNG.run(TestNG.java:1007)
	at com.intellij.rt.testng.IDEARemoteTestNG.run(IDEARemoteTestNG.java:66)
	at com.intellij.rt.testng.RemoteTestNGStarter.main(RemoteTestNGStarter.java:109)

14:18:32.505 [main] ERROR  - com.test.AmazonBasicTest.searchTest --- Test case FAILED
14:18:32.506 [main] ERROR  - java.lang.NullPointerException
	at com.listeners.ReportUtils.makeScreenshot(ReportUtils.java:15)
	at com.listeners.TestResultsListener.onTestFailure(TestResultsListener.java:30)
	at org.testng.internal.TestListenerHelper.runTestListeners(TestListenerHelper.java:66)
	at org.testng.internal.TestInvoker.runTestResultListener(TestInvoker.java:219)
	at org.testng.internal.TestInvoker.invokeMethod(TestInvoker.java:651)
	at org.testng.internal.TestInvoker.invokeTestMethod(TestInvoker.java:173)
	at org.testng.internal.MethodRunner.runInSequence(MethodRunner.java:46)
	at org.testng.internal.TestInvoker$MethodInvocationAgent.invoke(TestInvoker.java:816)
	at org.testng.internal.TestInvoker.invokeTestMethods(TestInvoker.java:146)
	at org.testng.internal.TestMethodWorker.invokeTestMethods(TestMethodWorker.java:146)
	at org.testng.internal.TestMethodWorker.run(TestMethodWorker.java:128)
	at java.base/java.util.ArrayList.forEach(ArrayList.java:1541)
	at org.testng.TestRunner.privateRun(TestRunner.java:766)
	at org.testng.TestRunner.run(TestRunner.java:587)
	at org.testng.SuiteRunner.runTest(SuiteRunner.java:384)
	at org.testng.SuiteRunner.runSequentially(SuiteRunner.java:378)
	at org.testng.SuiteRunner.privateRun(SuiteRunner.java:337)
	at org.testng.SuiteRunner.run(SuiteRunner.java:286)
	at org.testng.SuiteRunnerWorker.runSuite(SuiteRunnerWorker.java:53)
	at org.testng.SuiteRunnerWorker.run(SuiteRunnerWorker.java:96)
	at org.testng.TestNG.runSuitesSequentially(TestNG.java:1187)
	at org.testng.TestNG.runSuitesLocally(TestNG.java:1109)
	at org.testng.TestNG.runSuites(TestNG.java:1039)
	at org.testng.TestNG.run(TestNG.java:1007)
	at com.intellij.rt.testng.IDEARemoteTestNG.run(IDEARemoteTestNG.java:66)
	at com.intellij.rt.testng.RemoteTestNGStarter.main(RemoteTestNGStarter.java:109)

14:18:34.148 [main] INFO   -  
 --------------- Test Execution ENDED --------------- 

14:21:26.540 [main] INFO   -  
 --------------- Test Execution STARTED --------------- 
 
14:21:32.121 [main] INFO  PropertyManager - Trying to access property file: testdata/default.properties
14:21:32.313 [main] INFO   - com.test.AmazonBasicTest.searchTest --- Test case STARTED
14:21:32.560 [main] INFO  HomePage - Trying to open application home page
14:21:32.560 [main] INFO  HomePage - Navigating to website with url:   https://www.amazon.com/
14:21:35.478 [main] INFO  HomePage - Verifying if page title is equal to: Amazon.com: Online Shopping for Electronics, Apparel, Computers, Books, DVDs & more
14:21:36.193 [main] INFO  HomePage - Page title is correct: "Amazon.com: Online Shopping for Electronics, Apparel, Computers, Books, DVDs & more"
14:21:36.201 [main] INFO  HomePage - Performing search for product with title: Nintendo Switch
14:21:36.209 [main] INFO  HomePage - Entering text: "Nintendo Switch" into field with XPath: By.xpath: //input[@id='twotabsearchtextbox']
14:21:37.558 [main] INFO  HomePage - Pressing key: ENTER
14:21:42.402 [main] INFO  SearchResultPage - Trying to select product from search results
14:21:42.404 [main] INFO  SearchResultPage - Clicking on element with xpath: By.xpath: (//a[@class='a-link-normal a-text-normal'])[1]
14:21:50.454 [main] INFO   - com.test.AmazonBasicTest.searchTest --- Test case PASSED
14:21:53.974 [main] INFO   -  
 --------------- Test Execution ENDED --------------- 

14:21:54.030 [main] INFO   - Suite Name->HomeTask2::Report output Ditectory->C:\Users\Home\TestAutomationModule\HomeTask2\test-output\Default Suite::Suite Name->Default Suite
     Start Date Time for execution->Mon Apr 12 14:21:26 CEST 2021::End Date Time for execution->Mon Apr 12 14:21:53 CEST 2021
15:12:36.202 [main] INFO   -  
 --------------- Test Execution STARTED --------------- 
 
15:12:43.021 [main] INFO  PropertyManager - Trying to access property file: testdata/default.properties
15:12:43.194 [main] INFO   - com.test.AmazonBasicTest.searchTest --- Test case STARTED
15:12:43.490 [main] INFO  HomePage - Trying to open application home page
15:12:43.490 [main] INFO  HomePage - Navigating to website with url:   https://www.amazon.com/
15:12:47.054 [main] INFO  HomePage - Verifying if page title is equal to: Amazon.com: Online Shopping for Electronics, Apparel, Computers, Books, DVDs & more
15:12:47.365 [main] INFO  HomePage - Page title is correct: "Amazon.com: Online Shopping for Electronics, Apparel, Computers, Books, DVDs & more"
15:12:47.375 [main] INFO  HomePage - Performing search for product with title: Nintendo Switch
15:12:47.384 [main] INFO  HomePage - Entering text: "Nintendo Switch" into field with XPath: By.xpath: //input[@id='twotabsearchtextbox']
15:12:49.195 [main] INFO  HomePage - Pressing key: ENTER
15:12:53.645 [main] INFO  SearchResultPage - Trying to select product from search results
15:12:53.646 [main] INFO  SearchResultPage - Clicking on element with xpath: By.xpath: (//a[@class='a-link-normal a-text-normal'])[1]
15:12:59.407 [main] INFO  ProductDetailsPage - Trying to add selected product to cart
15:12:59.408 [main] INFO  ProductDetailsPage - Clicking on element with xpath: By.xpath: //input[@id='add-to-cart-button']
15:13:01.512 [main] INFO  ProductDetailsPage - Verifying if product is added to cart
15:13:01.817 [main] INFO  ProductDetailsPage - Product is added to cart 
15:13:01.826 [main] INFO   - com.test.AmazonBasicTest.searchTest --- Test case PASSED
15:13:05.152 [main] INFO   -  
 --------------- Test Execution ENDED --------------- 

15:13:05.310 [main] INFO   - Suite Name->HomeTask2::Report output Ditectory->C:\Users\Home\TestAutomationModule\HomeTask2\test-output\Default Suite::Suite Name->Default Suite
     Start Date Time for execution->Mon Apr 12 15:12:36 CEST 2021::End Date Time for execution->Mon Apr 12 15:13:05 CEST 2021
16:31:20.242 [main] INFO   -  
 --------------- Test Execution STARTED --------------- 
 
16:31:27.754 [main] INFO  PropertyManager - Trying to access property file: testdata/default.properties
16:31:27.945 [main] INFO   - com.test.AmazonBasicTest.searchTest --- Test case STARTED
16:31:28.144 [main] INFO  HomePage - Trying to open application home page
16:31:28.145 [main] INFO  HomePage - Navigating to website with url:   https://www.amazon.com/
16:31:31.770 [main] INFO  HomePage - Verifying if page title is equal to: Amazon.com: Online Shopping for Electronics, Apparel, Computers, Books, DVDs & more
16:31:32.011 [main] INFO  HomePage - Page title is correct: "Amazon.com: Online Shopping for Electronics, Apparel, Computers, Books, DVDs & more"
16:31:32.019 [main] INFO  HomePage - Performing search for product with title: Nintendo Switch
16:31:32.028 [main] INFO  HomePage - Entering text: "Nintendo Switch" into field with XPath: By.xpath: //input[@id='twotabsearchtextbox']
16:31:33.748 [main] INFO  HomePage - Pressing key: ENTER
16:31:37.612 [main] INFO  ProductDetailsPage - Finding Sign In button on the main page and click it
16:31:38.343 [main] ERROR  - com.test.AmazonBasicTest.searchTest --- Test case FAILED
16:31:38.352 [main] ERROR  - org.openqa.selenium.ElementNotInteractableException: element not interactable
  (Session info: chrome=89.0.4389.114)
Build info: version: '4.0.0-alpha-1', revision: 'd1d3728cae', time: '2019-04-24T13:42:21'
System info: host: 'DESKTOP-6RAFNNG', ip: '192.168.1.102', os.name: 'Windows 10', os.arch: 'amd64', os.version: '10.0', java.version: '11.0.10'
Driver info: org.openqa.selenium.chrome.ChromeDriver
Capabilities {acceptInsecureCerts: false, browserName: chrome, browserVersion: 89.0.4389.114, chrome: {chromedriverVersion: 89.0.4389.23 (61b08ee2c5002..., userDataDir: C:\Users\Home\AppData\Local...}, goog:chromeOptions: {debuggerAddress: localhost:64389}, javascriptEnabled: true, networkConnectionEnabled: false, pageLoadStrategy: normal, platform: WINDOWS, platformName: WINDOWS, proxy: Proxy(), setWindowRect: true, strictFileInteractability: false, timeouts: {implicit: 0, pageLoad: 300000, script: 30000}, unhandledPromptBehavior: dismiss and notify, webauthn:extension:largeBlob: true, webauthn:virtualAuthenticators: true}
Session ID: 04cb2fce1b5f41271e7392cfbfee10a0
	at java.base/jdk.internal.reflect.NativeConstructorAccessorImpl.newInstance0(Native Method)
	at java.base/jdk.internal.reflect.NativeConstructorAccessorImpl.newInstance(NativeConstructorAccessorImpl.java:62)
	at java.base/jdk.internal.reflect.DelegatingConstructorAccessorImpl.newInstance(DelegatingConstructorAccessorImpl.java:45)
	at java.base/java.lang.reflect.Constructor.newInstance(Constructor.java:490)
	at org.openqa.selenium.remote.codec.w3c.W3CHttpResponseCodec.createException(W3CHttpResponseCodec.java:190)
	at org.openqa.selenium.remote.codec.w3c.W3CHttpResponseCodec.decode(W3CHttpResponseCodec.java:124)
	at org.openqa.selenium.remote.codec.w3c.W3CHttpResponseCodec.decode(W3CHttpResponseCodec.java:51)
	at org.openqa.selenium.remote.HttpCommandExecutor.execute(HttpCommandExecutor.java:161)
	at org.openqa.selenium.remote.service.DriverCommandExecutor.execute(DriverCommandExecutor.java:83)
	at org.openqa.selenium.remote.RemoteWebDriver.execute(RemoteWebDriver.java:577)
	at org.openqa.selenium.remote.RemoteWebElement.execute(RemoteWebElement.java:308)
	at org.openqa.selenium.remote.RemoteWebElement.click(RemoteWebElement.java:83)
	at com.pageobject.BasePage.clickSignIn(BasePage.java:59)
	at com.pageobject.steam.SignInPage.signIn(SignInPage.java:22)
	at com.test.AmazonBasicTest.searchTest(AmazonBasicTest.java:13)
	at java.base/jdk.internal.reflect.NativeMethodAccessorImpl.invoke0(Native Method)
	at java.base/jdk.internal.reflect.NativeMethodAccessorImpl.invoke(NativeMethodAccessorImpl.java:62)
	at java.base/jdk.internal.reflect.DelegatingMethodAccessorImpl.invoke(DelegatingMethodAccessorImpl.java:43)
	at java.base/java.lang.reflect.Method.invoke(Method.java:566)
	at org.testng.internal.MethodInvocationHelper.invokeMethod(MethodInvocationHelper.java:134)
	at org.testng.internal.TestInvoker.invokeMethod(TestInvoker.java:597)
	at org.testng.internal.TestInvoker.invokeTestMethod(TestInvoker.java:173)
	at org.testng.internal.MethodRunner.runInSequence(MethodRunner.java:46)
	at org.testng.internal.TestInvoker$MethodInvocationAgent.invoke(TestInvoker.java:816)
	at org.testng.internal.TestInvoker.invokeTestMethods(TestInvoker.java:146)
	at org.testng.internal.TestMethodWorker.invokeTestMethods(TestMethodWorker.java:146)
	at org.testng.internal.TestMethodWorker.run(TestMethodWorker.java:128)
	at java.base/java.util.ArrayList.forEach(ArrayList.java:1541)
	at org.testng.TestRunner.privateRun(TestRunner.java:766)
	at org.testng.TestRunner.run(TestRunner.java:587)
	at org.testng.SuiteRunner.runTest(SuiteRunner.java:384)
	at org.testng.SuiteRunner.runSequentially(SuiteRunner.java:378)
	at org.testng.SuiteRunner.privateRun(SuiteRunner.java:337)
	at org.testng.SuiteRunner.run(SuiteRunner.java:286)
	at org.testng.SuiteRunnerWorker.runSuite(SuiteRunnerWorker.java:53)
	at org.testng.SuiteRunnerWorker.run(SuiteRunnerWorker.java:96)
	at org.testng.TestNG.runSuitesSequentially(TestNG.java:1187)
	at org.testng.TestNG.runSuitesLocally(TestNG.java:1109)
	at org.testng.TestNG.runSuites(TestNG.java:1039)
	at org.testng.TestNG.run(TestNG.java:1007)
	at com.intellij.rt.testng.IDEARemoteTestNG.run(IDEARemoteTestNG.java:66)
	at com.intellij.rt.testng.RemoteTestNGStarter.main(RemoteTestNGStarter.java:109)

16:31:38.373 [main] ERROR  - com.test.AmazonBasicTest.searchTest --- Test case FAILED
16:31:38.374 [main] ERROR  - java.lang.NullPointerException
	at com.listeners.ReportUtils.makeScreenshot(ReportUtils.java:15)
	at com.listeners.TestResultsListener.onTestFailure(TestResultsListener.java:30)
	at org.testng.internal.TestListenerHelper.runTestListeners(TestListenerHelper.java:66)
	at org.testng.internal.TestInvoker.runTestResultListener(TestInvoker.java:219)
	at org.testng.internal.TestInvoker.invokeMethod(TestInvoker.java:651)
	at org.testng.internal.TestInvoker.invokeTestMethod(TestInvoker.java:173)
	at org.testng.internal.MethodRunner.runInSequence(MethodRunner.java:46)
	at org.testng.internal.TestInvoker$MethodInvocationAgent.invoke(TestInvoker.java:816)
	at org.testng.internal.TestInvoker.invokeTestMethods(TestInvoker.java:146)
	at org.testng.internal.TestMethodWorker.invokeTestMethods(TestMethodWorker.java:146)
	at org.testng.internal.TestMethodWorker.run(TestMethodWorker.java:128)
	at java.base/java.util.ArrayList.forEach(ArrayList.java:1541)
	at org.testng.TestRunner.privateRun(TestRunner.java:766)
	at org.testng.TestRunner.run(TestRunner.java:587)
	at org.testng.SuiteRunner.runTest(SuiteRunner.java:384)
	at org.testng.SuiteRunner.runSequentially(SuiteRunner.java:378)
	at org.testng.SuiteRunner.privateRun(SuiteRunner.java:337)
	at org.testng.SuiteRunner.run(SuiteRunner.java:286)
	at org.testng.SuiteRunnerWorker.runSuite(SuiteRunnerWorker.java:53)
	at org.testng.SuiteRunnerWorker.run(SuiteRunnerWorker.java:96)
	at org.testng.TestNG.runSuitesSequentially(TestNG.java:1187)
	at org.testng.TestNG.runSuitesLocally(TestNG.java:1109)
	at org.testng.TestNG.runSuites(TestNG.java:1039)
	at org.testng.TestNG.run(TestNG.java:1007)
	at com.intellij.rt.testng.IDEARemoteTestNG.run(IDEARemoteTestNG.java:66)
	at com.intellij.rt.testng.RemoteTestNGStarter.main(RemoteTestNGStarter.java:109)

16:31:41.385 [main] INFO   -  
 --------------- Test Execution ENDED --------------- 

16:32:47.134 [main] INFO   -  
 --------------- Test Execution STARTED --------------- 
 
16:32:52.553 [main] INFO  PropertyManager - Trying to access property file: testdata/default.properties
16:32:52.665 [main] INFO   - com.test.AmazonBasicTest.searchTest --- Test case STARTED
16:32:52.815 [main] INFO  HomePage - Trying to open application home page
16:32:52.816 [main] INFO  HomePage - Navigating to website with url:   https://www.amazon.com/
16:32:56.123 [main] INFO  HomePage - Verifying if page title is equal to: Amazon.com: Online Shopping for Electronics, Apparel, Computers, Books, DVDs & more
16:32:57.814 [main] INFO  HomePage - Page title is correct: "Amazon.com: Online Shopping for Electronics, Apparel, Computers, Books, DVDs & more"
16:32:57.820 [main] INFO  ProductDetailsPage - Finding Sign In button on the main page and click it
16:33:00.376 [main] INFO  ProductDetailsPage - Filling an email field
16:33:02.636 [main] INFO  ProductDetailsPage - Filling a password field
16:33:02.883 [main] INFO  ProductDetailsPage - Clicking sign in button
16:33:03.183 [main] INFO  HomePage - Performing search for product with title: Nintendo Switch
16:33:03.194 [main] INFO  HomePage - Entering text: "Nintendo Switch" into field with XPath: By.xpath: //input[@id='twotabsearchtextbox']
16:33:04.804 [main] ERROR HomePage -  Element with XPath: By.xpath: //input[@id='twotabsearchtextbox']  was not found on the page.
16:33:04.808 [main] ERROR HomePage - org.openqa.selenium.NoSuchElementException: no such element: Unable to locate element: {"method":"xpath","selector":"//input[@id='twotabsearchtextbox']"}
  (Session info: chrome=89.0.4389.114)
For documentation on this error, please visit: https://www.seleniumhq.org/exceptions/no_such_element.html
Build info: version: '4.0.0-alpha-1', revision: 'd1d3728cae', time: '2019-04-24T13:42:21'
System info: host: 'DESKTOP-6RAFNNG', ip: '192.168.1.102', os.name: 'Windows 10', os.arch: 'amd64', os.version: '10.0', java.version: '11.0.10'
Driver info: org.openqa.selenium.chrome.ChromeDriver
Capabilities {acceptInsecureCerts: false, browserName: chrome, browserVersion: 89.0.4389.114, chrome: {chromedriverVersion: 89.0.4389.23 (61b08ee2c5002..., userDataDir: C:\Users\Home\AppData\Local...}, goog:chromeOptions: {debuggerAddress: localhost:64501}, javascriptEnabled: true, networkConnectionEnabled: false, pageLoadStrategy: normal, platform: WINDOWS, platformName: WINDOWS, proxy: Proxy(), setWindowRect: true, strictFileInteractability: false, timeouts: {implicit: 0, pageLoad: 300000, script: 30000}, unhandledPromptBehavior: dismiss and notify, webauthn:extension:largeBlob: true, webauthn:virtualAuthenticators: true}
Session ID: 7ab316345ef515573b1b61e7b639a2ee
*** Element info: {Using=xpath, value=//input[@id='twotabsearchtextbox']}
	at java.base/jdk.internal.reflect.NativeConstructorAccessorImpl.newInstance0(Native Method)
	at java.base/jdk.internal.reflect.NativeConstructorAccessorImpl.newInstance(NativeConstructorAccessorImpl.java:62)
	at java.base/jdk.internal.reflect.DelegatingConstructorAccessorImpl.newInstance(DelegatingConstructorAccessorImpl.java:45)
	at java.base/java.lang.reflect.Constructor.newInstance(Constructor.java:490)
	at org.openqa.selenium.remote.codec.w3c.W3CHttpResponseCodec.createException(W3CHttpResponseCodec.java:190)
	at org.openqa.selenium.remote.codec.w3c.W3CHttpResponseCodec.decode(W3CHttpResponseCodec.java:124)
	at org.openqa.selenium.remote.codec.w3c.W3CHttpResponseCodec.decode(W3CHttpResponseCodec.java:51)
	at org.openqa.selenium.remote.HttpCommandExecutor.execute(HttpCommandExecutor.java:161)
	at org.openqa.selenium.remote.service.DriverCommandExecutor.execute(DriverCommandExecutor.java:83)
	at org.openqa.selenium.remote.RemoteWebDriver.execute(RemoteWebDriver.java:577)
	at org.openqa.selenium.remote.RemoteWebDriver.findElement(RemoteWebDriver.java:328)
	at org.openqa.selenium.remote.RemoteWebDriver.findElementByXPath(RemoteWebDriver.java:446)
	at org.openqa.selenium.By$ByXPath.findElement(By.java:353)
	at org.openqa.selenium.remote.RemoteWebDriver.findElement(RemoteWebDriver.java:320)
	at com.actions.Elements.findElement(Elements.java:23)
	at com.actions.Elements.findElement(Elements.java:16)
	at com.pageobject.BasePage.enterTextIntoField(BasePage.java:46)
	at com.pageobject.steam.HomePage.searchByProductTitle(HomePage.java:35)
	at com.test.AmazonBasicTest.searchTest(AmazonBasicTest.java:14)
	at java.base/jdk.internal.reflect.NativeMethodAccessorImpl.invoke0(Native Method)
	at java.base/jdk.internal.reflect.NativeMethodAccessorImpl.invoke(NativeMethodAccessorImpl.java:62)
	at java.base/jdk.internal.reflect.DelegatingMethodAccessorImpl.invoke(DelegatingMethodAccessorImpl.java:43)
	at java.base/java.lang.reflect.Method.invoke(Method.java:566)
	at org.testng.internal.MethodInvocationHelper.invokeMethod(MethodInvocationHelper.java:134)
	at org.testng.internal.TestInvoker.invokeMethod(TestInvoker.java:597)
	at org.testng.internal.TestInvoker.invokeTestMethod(TestInvoker.java:173)
	at org.testng.internal.MethodRunner.runInSequence(MethodRunner.java:46)
	at org.testng.internal.TestInvoker$MethodInvocationAgent.invoke(TestInvoker.java:816)
	at org.testng.internal.TestInvoker.invokeTestMethods(TestInvoker.java:146)
	at org.testng.internal.TestMethodWorker.invokeTestMethods(TestMethodWorker.java:146)
	at org.testng.internal.TestMethodWorker.run(TestMethodWorker.java:128)
	at java.base/java.util.ArrayList.forEach(ArrayList.java:1541)
	at org.testng.TestRunner.privateRun(TestRunner.java:766)
	at org.testng.TestRunner.run(TestRunner.java:587)
	at org.testng.SuiteRunner.runTest(SuiteRunner.java:384)
	at org.testng.SuiteRunner.runSequentially(SuiteRunner.java:378)
	at org.testng.SuiteRunner.privateRun(SuiteRunner.java:337)
	at org.testng.SuiteRunner.run(SuiteRunner.java:286)
	at org.testng.SuiteRunnerWorker.runSuite(SuiteRunnerWorker.java:53)
	at org.testng.SuiteRunnerWorker.run(SuiteRunnerWorker.java:96)
	at org.testng.TestNG.runSuitesSequentially(TestNG.java:1187)
	at org.testng.TestNG.runSuitesLocally(TestNG.java:1109)
	at org.testng.TestNG.runSuites(TestNG.java:1039)
	at org.testng.TestNG.run(TestNG.java:1007)
	at com.intellij.rt.testng.IDEARemoteTestNG.run(IDEARemoteTestNG.java:66)
	at com.intellij.rt.testng.RemoteTestNGStarter.main(RemoteTestNGStarter.java:109)

16:33:04.829 [main] ERROR  - com.test.AmazonBasicTest.searchTest --- Test case FAILED
16:33:04.830 [main] ERROR  - java.lang.NullPointerException
	at java.base/java.util.Objects.requireNonNull(Objects.java:221)
	at org.openqa.selenium.interactions.PointerInput$Origin.fromElement(PointerInput.java:222)
	at org.openqa.selenium.interactions.Actions.moveInTicks(Actions.java:390)
	at org.openqa.selenium.interactions.Actions.focusInTicks(Actions.java:320)
	at org.openqa.selenium.interactions.Actions.sendKeys(Actions.java:188)
	at com.pageobject.BasePage.enterTextIntoField(BasePage.java:46)
	at com.pageobject.steam.HomePage.searchByProductTitle(HomePage.java:35)
	at com.test.AmazonBasicTest.searchTest(AmazonBasicTest.java:14)
	at java.base/jdk.internal.reflect.NativeMethodAccessorImpl.invoke0(Native Method)
	at java.base/jdk.internal.reflect.NativeMethodAccessorImpl.invoke(NativeMethodAccessorImpl.java:62)
	at java.base/jdk.internal.reflect.DelegatingMethodAccessorImpl.invoke(DelegatingMethodAccessorImpl.java:43)
	at java.base/java.lang.reflect.Method.invoke(Method.java:566)
	at org.testng.internal.MethodInvocationHelper.invokeMethod(MethodInvocationHelper.java:134)
	at org.testng.internal.TestInvoker.invokeMethod(TestInvoker.java:597)
	at org.testng.internal.TestInvoker.invokeTestMethod(TestInvoker.java:173)
	at org.testng.internal.MethodRunner.runInSequence(MethodRunner.java:46)
	at org.testng.internal.TestInvoker$MethodInvocationAgent.invoke(TestInvoker.java:816)
	at org.testng.internal.TestInvoker.invokeTestMethods(TestInvoker.java:146)
	at org.testng.internal.TestMethodWorker.invokeTestMethods(TestMethodWorker.java:146)
	at org.testng.internal.TestMethodWorker.run(TestMethodWorker.java:128)
	at java.base/java.util.ArrayList.forEach(ArrayList.java:1541)
	at org.testng.TestRunner.privateRun(TestRunner.java:766)
	at org.testng.TestRunner.run(TestRunner.java:587)
	at org.testng.SuiteRunner.runTest(SuiteRunner.java:384)
	at org.testng.SuiteRunner.runSequentially(SuiteRunner.java:378)
	at org.testng.SuiteRunner.privateRun(SuiteRunner.java:337)
	at org.testng.SuiteRunner.run(SuiteRunner.java:286)
	at org.testng.SuiteRunnerWorker.runSuite(SuiteRunnerWorker.java:53)
	at org.testng.SuiteRunnerWorker.run(SuiteRunnerWorker.java:96)
	at org.testng.TestNG.runSuitesSequentially(TestNG.java:1187)
	at org.testng.TestNG.runSuitesLocally(TestNG.java:1109)
	at org.testng.TestNG.runSuites(TestNG.java:1039)
	at org.testng.TestNG.run(TestNG.java:1007)
	at com.intellij.rt.testng.IDEARemoteTestNG.run(IDEARemoteTestNG.java:66)
	at com.intellij.rt.testng.RemoteTestNGStarter.main(RemoteTestNGStarter.java:109)

16:33:04.841 [main] ERROR  - com.test.AmazonBasicTest.searchTest --- Test case FAILED
16:33:04.842 [main] ERROR  - java.lang.NullPointerException
	at com.listeners.ReportUtils.makeScreenshot(ReportUtils.java:15)
	at com.listeners.TestResultsListener.onTestFailure(TestResultsListener.java:30)
	at org.testng.internal.TestListenerHelper.runTestListeners(TestListenerHelper.java:66)
	at org.testng.internal.TestInvoker.runTestResultListener(TestInvoker.java:219)
	at org.testng.internal.TestInvoker.invokeMethod(TestInvoker.java:651)
	at org.testng.internal.TestInvoker.invokeTestMethod(TestInvoker.java:173)
	at org.testng.internal.MethodRunner.runInSequence(MethodRunner.java:46)
	at org.testng.internal.TestInvoker$MethodInvocationAgent.invoke(TestInvoker.java:816)
	at org.testng.internal.TestInvoker.invokeTestMethods(TestInvoker.java:146)
	at org.testng.internal.TestMethodWorker.invokeTestMethods(TestMethodWorker.java:146)
	at org.testng.internal.TestMethodWorker.run(TestMethodWorker.java:128)
	at java.base/java.util.ArrayList.forEach(ArrayList.java:1541)
	at org.testng.TestRunner.privateRun(TestRunner.java:766)
	at org.testng.TestRunner.run(TestRunner.java:587)
	at org.testng.SuiteRunner.runTest(SuiteRunner.java:384)
	at org.testng.SuiteRunner.runSequentially(SuiteRunner.java:378)
	at org.testng.SuiteRunner.privateRun(SuiteRunner.java:337)
	at org.testng.SuiteRunner.run(SuiteRunner.java:286)
	at org.testng.SuiteRunnerWorker.runSuite(SuiteRunnerWorker.java:53)
	at org.testng.SuiteRunnerWorker.run(SuiteRunnerWorker.java:96)
	at org.testng.TestNG.runSuitesSequentially(TestNG.java:1187)
	at org.testng.TestNG.runSuitesLocally(TestNG.java:1109)
	at org.testng.TestNG.runSuites(TestNG.java:1039)
	at org.testng.TestNG.run(TestNG.java:1007)
	at com.intellij.rt.testng.IDEARemoteTestNG.run(IDEARemoteTestNG.java:66)
	at com.intellij.rt.testng.RemoteTestNGStarter.main(RemoteTestNGStarter.java:109)

16:33:06.051 [main] INFO   -  
 --------------- Test Execution ENDED --------------- 

16:33:39.984 [main] INFO   -  
 --------------- Test Execution STARTED --------------- 
 
16:33:45.278 [main] INFO  PropertyManager - Trying to access property file: testdata/default.properties
16:33:45.424 [main] INFO   - com.test.AmazonBasicTest.searchTest --- Test case STARTED
16:33:45.730 [main] INFO  HomePage - Trying to open application home page
16:33:45.731 [main] INFO  HomePage - Navigating to website with url:   https://www.amazon.com/
16:33:48.789 [main] INFO  HomePage - Verifying if page title is equal to: Amazon.com: Online Shopping for Electronics, Apparel, Computers, Books, DVDs & more
16:33:50.491 [main] INFO  HomePage - Page title is correct: "Amazon.com: Online Shopping for Electronics, Apparel, Computers, Books, DVDs & more"
16:33:50.499 [main] INFO  ProductDetailsPage - Finding Sign In button on the main page and click it
16:33:53.352 [main] INFO  ProductDetailsPage - Filling an email field
16:33:55.521 [main] INFO  ProductDetailsPage - Filling a password field
16:33:55.748 [main] INFO  ProductDetailsPage - Clicking sign in button
16:33:56.019 [main] INFO  HomePage - Performing search for product with title: Nintendo Switch
16:33:56.032 [main] INFO  HomePage - Entering text: "Nintendo Switch" into field with XPath: By.xpath: //input[@id='twotabsearchtextbox']
16:33:57.407 [main] ERROR HomePage -  Element with XPath: By.xpath: //input[@id='twotabsearchtextbox']  was not found on the page.
16:33:57.412 [main] ERROR HomePage - org.openqa.selenium.NoSuchElementException: no such element: Unable to locate element: {"method":"xpath","selector":"//input[@id='twotabsearchtextbox']"}
  (Session info: chrome=89.0.4389.114)
For documentation on this error, please visit: https://www.seleniumhq.org/exceptions/no_such_element.html
Build info: version: '4.0.0-alpha-1', revision: 'd1d3728cae', time: '2019-04-24T13:42:21'
System info: host: 'DESKTOP-6RAFNNG', ip: '192.168.1.102', os.name: 'Windows 10', os.arch: 'amd64', os.version: '10.0', java.version: '11.0.10'
Driver info: org.openqa.selenium.chrome.ChromeDriver
Capabilities {acceptInsecureCerts: false, browserName: chrome, browserVersion: 89.0.4389.114, chrome: {chromedriverVersion: 89.0.4389.23 (61b08ee2c5002..., userDataDir: C:\Users\Home\AppData\Local...}, goog:chromeOptions: {debuggerAddress: localhost:64606}, javascriptEnabled: true, networkConnectionEnabled: false, pageLoadStrategy: normal, platform: WINDOWS, platformName: WINDOWS, proxy: Proxy(), setWindowRect: true, strictFileInteractability: false, timeouts: {implicit: 0, pageLoad: 300000, script: 30000}, unhandledPromptBehavior: dismiss and notify, webauthn:extension:largeBlob: true, webauthn:virtualAuthenticators: true}
Session ID: d9e07822365d24a1a28164c06b37edca
*** Element info: {Using=xpath, value=//input[@id='twotabsearchtextbox']}
	at java.base/jdk.internal.reflect.NativeConstructorAccessorImpl.newInstance0(Native Method)
	at java.base/jdk.internal.reflect.NativeConstructorAccessorImpl.newInstance(NativeConstructorAccessorImpl.java:62)
	at java.base/jdk.internal.reflect.DelegatingConstructorAccessorImpl.newInstance(DelegatingConstructorAccessorImpl.java:45)
	at java.base/java.lang.reflect.Constructor.newInstance(Constructor.java:490)
	at org.openqa.selenium.remote.codec.w3c.W3CHttpResponseCodec.createException(W3CHttpResponseCodec.java:190)
	at org.openqa.selenium.remote.codec.w3c.W3CHttpResponseCodec.decode(W3CHttpResponseCodec.java:124)
	at org.openqa.selenium.remote.codec.w3c.W3CHttpResponseCodec.decode(W3CHttpResponseCodec.java:51)
	at org.openqa.selenium.remote.HttpCommandExecutor.execute(HttpCommandExecutor.java:161)
	at org.openqa.selenium.remote.service.DriverCommandExecutor.execute(DriverCommandExecutor.java:83)
	at org.openqa.selenium.remote.RemoteWebDriver.execute(RemoteWebDriver.java:577)
	at org.openqa.selenium.remote.RemoteWebDriver.findElement(RemoteWebDriver.java:328)
	at org.openqa.selenium.remote.RemoteWebDriver.findElementByXPath(RemoteWebDriver.java:446)
	at org.openqa.selenium.By$ByXPath.findElement(By.java:353)
	at org.openqa.selenium.remote.RemoteWebDriver.findElement(RemoteWebDriver.java:320)
	at com.actions.Elements.findElement(Elements.java:23)
	at com.actions.Elements.findElement(Elements.java:16)
	at com.pageobject.BasePage.enterTextIntoField(BasePage.java:46)
	at com.pageobject.steam.HomePage.searchByProductTitle(HomePage.java:35)
	at com.test.AmazonBasicTest.searchTest(AmazonBasicTest.java:14)
	at java.base/jdk.internal.reflect.NativeMethodAccessorImpl.invoke0(Native Method)
	at java.base/jdk.internal.reflect.NativeMethodAccessorImpl.invoke(NativeMethodAccessorImpl.java:62)
	at java.base/jdk.internal.reflect.DelegatingMethodAccessorImpl.invoke(DelegatingMethodAccessorImpl.java:43)
	at java.base/java.lang.reflect.Method.invoke(Method.java:566)
	at org.testng.internal.MethodInvocationHelper.invokeMethod(MethodInvocationHelper.java:134)
	at org.testng.internal.TestInvoker.invokeMethod(TestInvoker.java:597)
	at org.testng.internal.TestInvoker.invokeTestMethod(TestInvoker.java:173)
	at org.testng.internal.MethodRunner.runInSequence(MethodRunner.java:46)
	at org.testng.internal.TestInvoker$MethodInvocationAgent.invoke(TestInvoker.java:816)
	at org.testng.internal.TestInvoker.invokeTestMethods(TestInvoker.java:146)
	at org.testng.internal.TestMethodWorker.invokeTestMethods(TestMethodWorker.java:146)
	at org.testng.internal.TestMethodWorker.run(TestMethodWorker.java:128)
	at java.base/java.util.ArrayList.forEach(ArrayList.java:1541)
	at org.testng.TestRunner.privateRun(TestRunner.java:766)
	at org.testng.TestRunner.run(TestRunner.java:587)
	at org.testng.SuiteRunner.runTest(SuiteRunner.java:384)
	at org.testng.SuiteRunner.runSequentially(SuiteRunner.java:378)
	at org.testng.SuiteRunner.privateRun(SuiteRunner.java:337)
	at org.testng.SuiteRunner.run(SuiteRunner.java:286)
	at org.testng.SuiteRunnerWorker.runSuite(SuiteRunnerWorker.java:53)
	at org.testng.SuiteRunnerWorker.run(SuiteRunnerWorker.java:96)
	at org.testng.TestNG.runSuitesSequentially(TestNG.java:1187)
	at org.testng.TestNG.runSuitesLocally(TestNG.java:1109)
	at org.testng.TestNG.runSuites(TestNG.java:1039)
	at org.testng.TestNG.run(TestNG.java:1007)
	at com.intellij.rt.testng.IDEARemoteTestNG.run(IDEARemoteTestNG.java:66)
	at com.intellij.rt.testng.RemoteTestNGStarter.main(RemoteTestNGStarter.java:109)

16:33:57.431 [main] ERROR  - com.test.AmazonBasicTest.searchTest --- Test case FAILED
16:33:57.431 [main] ERROR  - java.lang.NullPointerException
	at java.base/java.util.Objects.requireNonNull(Objects.java:221)
	at org.openqa.selenium.interactions.PointerInput$Origin.fromElement(PointerInput.java:222)
	at org.openqa.selenium.interactions.Actions.moveInTicks(Actions.java:390)
	at org.openqa.selenium.interactions.Actions.focusInTicks(Actions.java:320)
	at org.openqa.selenium.interactions.Actions.sendKeys(Actions.java:188)
	at com.pageobject.BasePage.enterTextIntoField(BasePage.java:46)
	at com.pageobject.steam.HomePage.searchByProductTitle(HomePage.java:35)
	at com.test.AmazonBasicTest.searchTest(AmazonBasicTest.java:14)
	at java.base/jdk.internal.reflect.NativeMethodAccessorImpl.invoke0(Native Method)
	at java.base/jdk.internal.reflect.NativeMethodAccessorImpl.invoke(NativeMethodAccessorImpl.java:62)
	at java.base/jdk.internal.reflect.DelegatingMethodAccessorImpl.invoke(DelegatingMethodAccessorImpl.java:43)
	at java.base/java.lang.reflect.Method.invoke(Method.java:566)
	at org.testng.internal.MethodInvocationHelper.invokeMethod(MethodInvocationHelper.java:134)
	at org.testng.internal.TestInvoker.invokeMethod(TestInvoker.java:597)
	at org.testng.internal.TestInvoker.invokeTestMethod(TestInvoker.java:173)
	at org.testng.internal.MethodRunner.runInSequence(MethodRunner.java:46)
	at org.testng.internal.TestInvoker$MethodInvocationAgent.invoke(TestInvoker.java:816)
	at org.testng.internal.TestInvoker.invokeTestMethods(TestInvoker.java:146)
	at org.testng.internal.TestMethodWorker.invokeTestMethods(TestMethodWorker.java:146)
	at org.testng.internal.TestMethodWorker.run(TestMethodWorker.java:128)
	at java.base/java.util.ArrayList.forEach(ArrayList.java:1541)
	at org.testng.TestRunner.privateRun(TestRunner.java:766)
	at org.testng.TestRunner.run(TestRunner.java:587)
	at org.testng.SuiteRunner.runTest(SuiteRunner.java:384)
	at org.testng.SuiteRunner.runSequentially(SuiteRunner.java:378)
	at org.testng.SuiteRunner.privateRun(SuiteRunner.java:337)
	at org.testng.SuiteRunner.run(SuiteRunner.java:286)
	at org.testng.SuiteRunnerWorker.runSuite(SuiteRunnerWorker.java:53)
	at org.testng.SuiteRunnerWorker.run(SuiteRunnerWorker.java:96)
	at org.testng.TestNG.runSuitesSequentially(TestNG.java:1187)
	at org.testng.TestNG.runSuitesLocally(TestNG.java:1109)
	at org.testng.TestNG.runSuites(TestNG.java:1039)
	at org.testng.TestNG.run(TestNG.java:1007)
	at com.intellij.rt.testng.IDEARemoteTestNG.run(IDEARemoteTestNG.java:66)
	at com.intellij.rt.testng.RemoteTestNGStarter.main(RemoteTestNGStarter.java:109)

16:33:57.459 [main] ERROR  - com.test.AmazonBasicTest.searchTest --- Test case FAILED
16:33:57.460 [main] ERROR  - java.lang.NullPointerException
	at com.listeners.ReportUtils.makeScreenshot(ReportUtils.java:15)
	at com.listeners.TestResultsListener.onTestFailure(TestResultsListener.java:30)
	at org.testng.internal.TestListenerHelper.runTestListeners(TestListenerHelper.java:66)
	at org.testng.internal.TestInvoker.runTestResultListener(TestInvoker.java:219)
	at org.testng.internal.TestInvoker.invokeMethod(TestInvoker.java:651)
	at org.testng.internal.TestInvoker.invokeTestMethod(TestInvoker.java:173)
	at org.testng.internal.MethodRunner.runInSequence(MethodRunner.java:46)
	at org.testng.internal.TestInvoker$MethodInvocationAgent.invoke(TestInvoker.java:816)
	at org.testng.internal.TestInvoker.invokeTestMethods(TestInvoker.java:146)
	at org.testng.internal.TestMethodWorker.invokeTestMethods(TestMethodWorker.java:146)
	at org.testng.internal.TestMethodWorker.run(TestMethodWorker.java:128)
	at java.base/java.util.ArrayList.forEach(ArrayList.java:1541)
	at org.testng.TestRunner.privateRun(TestRunner.java:766)
	at org.testng.TestRunner.run(TestRunner.java:587)
	at org.testng.SuiteRunner.runTest(SuiteRunner.java:384)
	at org.testng.SuiteRunner.runSequentially(SuiteRunner.java:378)
	at org.testng.SuiteRunner.privateRun(SuiteRunner.java:337)
	at org.testng.SuiteRunner.run(SuiteRunner.java:286)
	at org.testng.SuiteRunnerWorker.runSuite(SuiteRunnerWorker.java:53)
	at org.testng.SuiteRunnerWorker.run(SuiteRunnerWorker.java:96)
	at org.testng.TestNG.runSuitesSequentially(TestNG.java:1187)
	at org.testng.TestNG.runSuitesLocally(TestNG.java:1109)
	at org.testng.TestNG.runSuites(TestNG.java:1039)
	at org.testng.TestNG.run(TestNG.java:1007)
	at com.intellij.rt.testng.IDEARemoteTestNG.run(IDEARemoteTestNG.java:66)
	at com.intellij.rt.testng.RemoteTestNGStarter.main(RemoteTestNGStarter.java:109)

16:33:58.969 [main] INFO   -  
 --------------- Test Execution ENDED --------------- 

16:36:53.315 [main] INFO   -  
 --------------- Test Execution STARTED --------------- 
 
16:36:59.062 [main] INFO  PropertyManager - Trying to access property file: testdata/default.properties
16:36:59.244 [main] INFO   - com.test.AmazonBasicTest.searchTest --- Test case STARTED
16:36:59.562 [main] INFO  HomePage - Trying to open application home page
16:36:59.562 [main] INFO  HomePage - Navigating to website with url:   https://www.amazon.com/
16:37:02.869 [main] INFO  HomePage - Verifying if page title is equal to: Amazon.com: Online Shopping for Electronics, Apparel, Computers, Books, DVDs & more
16:37:03.152 [main] INFO  HomePage - Page title is correct: "Amazon.com: Online Shopping for Electronics, Apparel, Computers, Books, DVDs & more"
16:37:03.156 [main] INFO  ProductDetailsPage - Finding Sign In button on the main page and click it
16:37:05.112 [main] INFO  ProductDetailsPage - Filling an email field
16:37:07.181 [main] INFO  ProductDetailsPage - Filling a password field
16:37:07.381 [main] INFO  ProductDetailsPage - Clicking sign in button
16:37:07.720 [main] INFO  HomePage - Performing search for product with title: Nintendo Switch
16:37:07.734 [main] INFO  HomePage - Entering text: "Nintendo Switch" into field with XPath: By.xpath: //input[@id='twotabsearchtextbox']
16:37:09.286 [main] ERROR HomePage -  Element with XPath: By.xpath: //input[@id='twotabsearchtextbox']  was not found on the page.
16:37:09.291 [main] ERROR HomePage - org.openqa.selenium.NoSuchElementException: no such element: Unable to locate element: {"method":"xpath","selector":"//input[@id='twotabsearchtextbox']"}
  (Session info: chrome=89.0.4389.114)
For documentation on this error, please visit: https://www.seleniumhq.org/exceptions/no_such_element.html
Build info: version: '4.0.0-alpha-1', revision: 'd1d3728cae', time: '2019-04-24T13:42:21'
System info: host: 'DESKTOP-6RAFNNG', ip: '192.168.1.102', os.name: 'Windows 10', os.arch: 'amd64', os.version: '10.0', java.version: '11.0.10'
Driver info: org.openqa.selenium.chrome.ChromeDriver
Capabilities {acceptInsecureCerts: false, browserName: chrome, browserVersion: 89.0.4389.114, chrome: {chromedriverVersion: 89.0.4389.23 (61b08ee2c5002..., userDataDir: C:\Users\Home\AppData\Local...}, goog:chromeOptions: {debuggerAddress: localhost:64721}, javascriptEnabled: true, networkConnectionEnabled: false, pageLoadStrategy: normal, platform: WINDOWS, platformName: WINDOWS, proxy: Proxy(), setWindowRect: true, strictFileInteractability: false, timeouts: {implicit: 0, pageLoad: 300000, script: 30000}, unhandledPromptBehavior: dismiss and notify, webauthn:extension:largeBlob: true, webauthn:virtualAuthenticators: true}
Session ID: f12b1006d9fea7c7d20e7a28d1269246
*** Element info: {Using=xpath, value=//input[@id='twotabsearchtextbox']}
	at java.base/jdk.internal.reflect.NativeConstructorAccessorImpl.newInstance0(Native Method)
	at java.base/jdk.internal.reflect.NativeConstructorAccessorImpl.newInstance(NativeConstructorAccessorImpl.java:62)
	at java.base/jdk.internal.reflect.DelegatingConstructorAccessorImpl.newInstance(DelegatingConstructorAccessorImpl.java:45)
	at java.base/java.lang.reflect.Constructor.newInstance(Constructor.java:490)
	at org.openqa.selenium.remote.codec.w3c.W3CHttpResponseCodec.createException(W3CHttpResponseCodec.java:190)
	at org.openqa.selenium.remote.codec.w3c.W3CHttpResponseCodec.decode(W3CHttpResponseCodec.java:124)
	at org.openqa.selenium.remote.codec.w3c.W3CHttpResponseCodec.decode(W3CHttpResponseCodec.java:51)
	at org.openqa.selenium.remote.HttpCommandExecutor.execute(HttpCommandExecutor.java:161)
	at org.openqa.selenium.remote.service.DriverCommandExecutor.execute(DriverCommandExecutor.java:83)
	at org.openqa.selenium.remote.RemoteWebDriver.execute(RemoteWebDriver.java:577)
	at org.openqa.selenium.remote.RemoteWebDriver.findElement(RemoteWebDriver.java:328)
	at org.openqa.selenium.remote.RemoteWebDriver.findElementByXPath(RemoteWebDriver.java:446)
	at org.openqa.selenium.By$ByXPath.findElement(By.java:353)
	at org.openqa.selenium.remote.RemoteWebDriver.findElement(RemoteWebDriver.java:320)
	at com.actions.Elements.findElement(Elements.java:23)
	at com.actions.Elements.findElement(Elements.java:16)
	at com.pageobject.BasePage.enterTextIntoField(BasePage.java:46)
	at com.pageobject.steam.HomePage.searchByProductTitle(HomePage.java:35)
	at com.test.AmazonBasicTest.searchTest(AmazonBasicTest.java:14)
	at java.base/jdk.internal.reflect.NativeMethodAccessorImpl.invoke0(Native Method)
	at java.base/jdk.internal.reflect.NativeMethodAccessorImpl.invoke(NativeMethodAccessorImpl.java:62)
	at java.base/jdk.internal.reflect.DelegatingMethodAccessorImpl.invoke(DelegatingMethodAccessorImpl.java:43)
	at java.base/java.lang.reflect.Method.invoke(Method.java:566)
	at org.testng.internal.MethodInvocationHelper.invokeMethod(MethodInvocationHelper.java:134)
	at org.testng.internal.TestInvoker.invokeMethod(TestInvoker.java:597)
	at org.testng.internal.TestInvoker.invokeTestMethod(TestInvoker.java:173)
	at org.testng.internal.MethodRunner.runInSequence(MethodRunner.java:46)
	at org.testng.internal.TestInvoker$MethodInvocationAgent.invoke(TestInvoker.java:816)
	at org.testng.internal.TestInvoker.invokeTestMethods(TestInvoker.java:146)
	at org.testng.internal.TestMethodWorker.invokeTestMethods(TestMethodWorker.java:146)
	at org.testng.internal.TestMethodWorker.run(TestMethodWorker.java:128)
	at java.base/java.util.ArrayList.forEach(ArrayList.java:1541)
	at org.testng.TestRunner.privateRun(TestRunner.java:766)
	at org.testng.TestRunner.run(TestRunner.java:587)
	at org.testng.SuiteRunner.runTest(SuiteRunner.java:384)
	at org.testng.SuiteRunner.runSequentially(SuiteRunner.java:378)
	at org.testng.SuiteRunner.privateRun(SuiteRunner.java:337)
	at org.testng.SuiteRunner.run(SuiteRunner.java:286)
	at org.testng.SuiteRunnerWorker.runSuite(SuiteRunnerWorker.java:53)
	at org.testng.SuiteRunnerWorker.run(SuiteRunnerWorker.java:96)
	at org.testng.TestNG.runSuitesSequentially(TestNG.java:1187)
	at org.testng.TestNG.runSuitesLocally(TestNG.java:1109)
	at org.testng.TestNG.runSuites(TestNG.java:1039)
	at org.testng.TestNG.run(TestNG.java:1007)
	at com.intellij.rt.testng.IDEARemoteTestNG.run(IDEARemoteTestNG.java:66)
	at com.intellij.rt.testng.RemoteTestNGStarter.main(RemoteTestNGStarter.java:109)

16:37:09.313 [main] ERROR  - com.test.AmazonBasicTest.searchTest --- Test case FAILED
16:37:09.314 [main] ERROR  - java.lang.NullPointerException
	at java.base/java.util.Objects.requireNonNull(Objects.java:221)
	at org.openqa.selenium.interactions.PointerInput$Origin.fromElement(PointerInput.java:222)
	at org.openqa.selenium.interactions.Actions.moveInTicks(Actions.java:390)
	at org.openqa.selenium.interactions.Actions.focusInTicks(Actions.java:320)
	at org.openqa.selenium.interactions.Actions.sendKeys(Actions.java:188)
	at com.pageobject.BasePage.enterTextIntoField(BasePage.java:46)
	at com.pageobject.steam.HomePage.searchByProductTitle(HomePage.java:35)
	at com.test.AmazonBasicTest.searchTest(AmazonBasicTest.java:14)
	at java.base/jdk.internal.reflect.NativeMethodAccessorImpl.invoke0(Native Method)
	at java.base/jdk.internal.reflect.NativeMethodAccessorImpl.invoke(NativeMethodAccessorImpl.java:62)
	at java.base/jdk.internal.reflect.DelegatingMethodAccessorImpl.invoke(DelegatingMethodAccessorImpl.java:43)
	at java.base/java.lang.reflect.Method.invoke(Method.java:566)
	at org.testng.internal.MethodInvocationHelper.invokeMethod(MethodInvocationHelper.java:134)
	at org.testng.internal.TestInvoker.invokeMethod(TestInvoker.java:597)
	at org.testng.internal.TestInvoker.invokeTestMethod(TestInvoker.java:173)
	at org.testng.internal.MethodRunner.runInSequence(MethodRunner.java:46)
	at org.testng.internal.TestInvoker$MethodInvocationAgent.invoke(TestInvoker.java:816)
	at org.testng.internal.TestInvoker.invokeTestMethods(TestInvoker.java:146)
	at org.testng.internal.TestMethodWorker.invokeTestMethods(TestMethodWorker.java:146)
	at org.testng.internal.TestMethodWorker.run(TestMethodWorker.java:128)
	at java.base/java.util.ArrayList.forEach(ArrayList.java:1541)
	at org.testng.TestRunner.privateRun(TestRunner.java:766)
	at org.testng.TestRunner.run(TestRunner.java:587)
	at org.testng.SuiteRunner.runTest(SuiteRunner.java:384)
	at org.testng.SuiteRunner.runSequentially(SuiteRunner.java:378)
	at org.testng.SuiteRunner.privateRun(SuiteRunner.java:337)
	at org.testng.SuiteRunner.run(SuiteRunner.java:286)
	at org.testng.SuiteRunnerWorker.runSuite(SuiteRunnerWorker.java:53)
	at org.testng.SuiteRunnerWorker.run(SuiteRunnerWorker.java:96)
	at org.testng.TestNG.runSuitesSequentially(TestNG.java:1187)
	at org.testng.TestNG.runSuitesLocally(TestNG.java:1109)
	at org.testng.TestNG.runSuites(TestNG.java:1039)
	at org.testng.TestNG.run(TestNG.java:1007)
	at com.intellij.rt.testng.IDEARemoteTestNG.run(IDEARemoteTestNG.java:66)
	at com.intellij.rt.testng.RemoteTestNGStarter.main(RemoteTestNGStarter.java:109)

16:37:09.328 [main] ERROR  - com.test.AmazonBasicTest.searchTest --- Test case FAILED
16:37:09.328 [main] ERROR  - java.lang.NullPointerException
	at com.listeners.ReportUtils.makeScreenshot(ReportUtils.java:15)
	at com.listeners.TestResultsListener.onTestFailure(TestResultsListener.java:30)
	at org.testng.internal.TestListenerHelper.runTestListeners(TestListenerHelper.java:66)
	at org.testng.internal.TestInvoker.runTestResultListener(TestInvoker.java:219)
	at org.testng.internal.TestInvoker.invokeMethod(TestInvoker.java:651)
	at org.testng.internal.TestInvoker.invokeTestMethod(TestInvoker.java:173)
	at org.testng.internal.MethodRunner.runInSequence(MethodRunner.java:46)
	at org.testng.internal.TestInvoker$MethodInvocationAgent.invoke(TestInvoker.java:816)
	at org.testng.internal.TestInvoker.invokeTestMethods(TestInvoker.java:146)
	at org.testng.internal.TestMethodWorker.invokeTestMethods(TestMethodWorker.java:146)
	at org.testng.internal.TestMethodWorker.run(TestMethodWorker.java:128)
	at java.base/java.util.ArrayList.forEach(ArrayList.java:1541)
	at org.testng.TestRunner.privateRun(TestRunner.java:766)
	at org.testng.TestRunner.run(TestRunner.java:587)
	at org.testng.SuiteRunner.runTest(SuiteRunner.java:384)
	at org.testng.SuiteRunner.runSequentially(SuiteRunner.java:378)
	at org.testng.SuiteRunner.privateRun(SuiteRunner.java:337)
	at org.testng.SuiteRunner.run(SuiteRunner.java:286)
	at org.testng.SuiteRunnerWorker.runSuite(SuiteRunnerWorker.java:53)
	at org.testng.SuiteRunnerWorker.run(SuiteRunnerWorker.java:96)
	at org.testng.TestNG.runSuitesSequentially(TestNG.java:1187)
	at org.testng.TestNG.runSuitesLocally(TestNG.java:1109)
	at org.testng.TestNG.runSuites(TestNG.java:1039)
	at org.testng.TestNG.run(TestNG.java:1007)
	at com.intellij.rt.testng.IDEARemoteTestNG.run(IDEARemoteTestNG.java:66)
	at com.intellij.rt.testng.RemoteTestNGStarter.main(RemoteTestNGStarter.java:109)

16:37:12.261 [main] INFO   -  
 --------------- Test Execution ENDED --------------- 

17:23:01.385 [main] INFO   -  
 --------------- Test Execution STARTED --------------- 
 
17:23:06.703 [main] INFO  PropertyManager - Trying to access property file: testdata/default.properties
17:23:06.809 [main] INFO   - com.test.AmazonBasicTest.searchTest --- Test case STARTED
17:23:06.968 [main] INFO  HomePage - Trying to open application home page
17:23:06.969 [main] INFO  HomePage - Navigating to website with url:   https://www.amazon.com/
17:23:10.793 [main] INFO  HomePage - Verifying if page title is equal to: Amazon.com: Online Shopping for Electronics, Apparel, Computers, Books, DVDs & more
17:23:11.061 [main] INFO  HomePage - Page title is correct: "Amazon.com: Online Shopping for Electronics, Apparel, Computers, Books, DVDs & more"
17:23:11.065 [main] INFO  ProductDetailsPage - Finding Sign In button on the main page and click it
17:23:11.481 [main] ERROR  - com.test.AmazonBasicTest.searchTest --- Test case FAILED
17:23:11.484 [main] ERROR  - org.openqa.selenium.ElementNotInteractableException: element not interactable
  (Session info: chrome=89.0.4389.114)
Build info: version: '4.0.0-alpha-1', revision: 'd1d3728cae', time: '2019-04-24T13:42:21'
System info: host: 'DESKTOP-6RAFNNG', ip: '192.168.1.102', os.name: 'Windows 10', os.arch: 'amd64', os.version: '10.0', java.version: '11.0.10'
Driver info: org.openqa.selenium.chrome.ChromeDriver
Capabilities {acceptInsecureCerts: false, browserName: chrome, browserVersion: 89.0.4389.114, chrome: {chromedriverVersion: 89.0.4389.23 (61b08ee2c5002..., userDataDir: C:\Users\Home\AppData\Local...}, goog:chromeOptions: {debuggerAddress: localhost:65258}, javascriptEnabled: true, networkConnectionEnabled: false, pageLoadStrategy: normal, platform: WINDOWS, platformName: WINDOWS, proxy: Proxy(), setWindowRect: true, strictFileInteractability: false, timeouts: {implicit: 0, pageLoad: 300000, script: 30000}, unhandledPromptBehavior: dismiss and notify, webauthn:extension:largeBlob: true, webauthn:virtualAuthenticators: true}
Session ID: 63f2624c1ac36a042118eb7022b1598a
	at java.base/jdk.internal.reflect.NativeConstructorAccessorImpl.newInstance0(Native Method)
	at java.base/jdk.internal.reflect.NativeConstructorAccessorImpl.newInstance(NativeConstructorAccessorImpl.java:62)
	at java.base/jdk.internal.reflect.DelegatingConstructorAccessorImpl.newInstance(DelegatingConstructorAccessorImpl.java:45)
	at java.base/java.lang.reflect.Constructor.newInstance(Constructor.java:490)
	at org.openqa.selenium.remote.codec.w3c.W3CHttpResponseCodec.createException(W3CHttpResponseCodec.java:190)
	at org.openqa.selenium.remote.codec.w3c.W3CHttpResponseCodec.decode(W3CHttpResponseCodec.java:124)
	at org.openqa.selenium.remote.codec.w3c.W3CHttpResponseCodec.decode(W3CHttpResponseCodec.java:51)
	at org.openqa.selenium.remote.HttpCommandExecutor.execute(HttpCommandExecutor.java:161)
	at org.openqa.selenium.remote.service.DriverCommandExecutor.execute(DriverCommandExecutor.java:83)
	at org.openqa.selenium.remote.RemoteWebDriver.execute(RemoteWebDriver.java:577)
	at org.openqa.selenium.remote.RemoteWebElement.execute(RemoteWebElement.java:308)
	at org.openqa.selenium.remote.RemoteWebElement.click(RemoteWebElement.java:83)
	at com.pageobject.BasePage.clickSignIn(BasePage.java:60)
	at com.pageobject.steam.SignInPage.signIn(SignInPage.java:22)
	at com.test.AmazonBasicTest.searchTest(AmazonBasicTest.java:13)
	at java.base/jdk.internal.reflect.NativeMethodAccessorImpl.invoke0(Native Method)
	at java.base/jdk.internal.reflect.NativeMethodAccessorImpl.invoke(NativeMethodAccessorImpl.java:62)
	at java.base/jdk.internal.reflect.DelegatingMethodAccessorImpl.invoke(DelegatingMethodAccessorImpl.java:43)
	at java.base/java.lang.reflect.Method.invoke(Method.java:566)
	at org.testng.internal.MethodInvocationHelper.invokeMethod(MethodInvocationHelper.java:134)
	at org.testng.internal.TestInvoker.invokeMethod(TestInvoker.java:597)
	at org.testng.internal.TestInvoker.invokeTestMethod(TestInvoker.java:173)
	at org.testng.internal.MethodRunner.runInSequence(MethodRunner.java:46)
	at org.testng.internal.TestInvoker$MethodInvocationAgent.invoke(TestInvoker.java:816)
	at org.testng.internal.TestInvoker.invokeTestMethods(TestInvoker.java:146)
	at org.testng.internal.TestMethodWorker.invokeTestMethods(TestMethodWorker.java:146)
	at org.testng.internal.TestMethodWorker.run(TestMethodWorker.java:128)
	at java.base/java.util.ArrayList.forEach(ArrayList.java:1541)
	at org.testng.TestRunner.privateRun(TestRunner.java:766)
	at org.testng.TestRunner.run(TestRunner.java:587)
	at org.testng.SuiteRunner.runTest(SuiteRunner.java:384)
	at org.testng.SuiteRunner.runSequentially(SuiteRunner.java:378)
	at org.testng.SuiteRunner.privateRun(SuiteRunner.java:337)
	at org.testng.SuiteRunner.run(SuiteRunner.java:286)
	at org.testng.SuiteRunnerWorker.runSuite(SuiteRunnerWorker.java:53)
	at org.testng.SuiteRunnerWorker.run(SuiteRunnerWorker.java:96)
	at org.testng.TestNG.runSuitesSequentially(TestNG.java:1187)
	at org.testng.TestNG.runSuitesLocally(TestNG.java:1109)
	at org.testng.TestNG.runSuites(TestNG.java:1039)
	at org.testng.TestNG.run(TestNG.java:1007)
	at com.intellij.rt.testng.IDEARemoteTestNG.run(IDEARemoteTestNG.java:66)
	at com.intellij.rt.testng.RemoteTestNGStarter.main(RemoteTestNGStarter.java:109)

17:23:11.501 [main] ERROR  - com.test.AmazonBasicTest.searchTest --- Test case FAILED
17:23:11.501 [main] ERROR  - java.lang.NullPointerException
	at com.listeners.ReportUtils.makeScreenshot(ReportUtils.java:15)
	at com.listeners.TestResultsListener.onTestFailure(TestResultsListener.java:30)
	at org.testng.internal.TestListenerHelper.runTestListeners(TestListenerHelper.java:66)
	at org.testng.internal.TestInvoker.runTestResultListener(TestInvoker.java:219)
	at org.testng.internal.TestInvoker.invokeMethod(TestInvoker.java:651)
	at org.testng.internal.TestInvoker.invokeTestMethod(TestInvoker.java:173)
	at org.testng.internal.MethodRunner.runInSequence(MethodRunner.java:46)
	at org.testng.internal.TestInvoker$MethodInvocationAgent.invoke(TestInvoker.java:816)
	at org.testng.internal.TestInvoker.invokeTestMethods(TestInvoker.java:146)
	at org.testng.internal.TestMethodWorker.invokeTestMethods(TestMethodWorker.java:146)
	at org.testng.internal.TestMethodWorker.run(TestMethodWorker.java:128)
	at java.base/java.util.ArrayList.forEach(ArrayList.java:1541)
	at org.testng.TestRunner.privateRun(TestRunner.java:766)
	at org.testng.TestRunner.run(TestRunner.java:587)
	at org.testng.SuiteRunner.runTest(SuiteRunner.java:384)
	at org.testng.SuiteRunner.runSequentially(SuiteRunner.java:378)
	at org.testng.SuiteRunner.privateRun(SuiteRunner.java:337)
	at org.testng.SuiteRunner.run(SuiteRunner.java:286)
	at org.testng.SuiteRunnerWorker.runSuite(SuiteRunnerWorker.java:53)
	at org.testng.SuiteRunnerWorker.run(SuiteRunnerWorker.java:96)
	at org.testng.TestNG.runSuitesSequentially(TestNG.java:1187)
	at org.testng.TestNG.runSuitesLocally(TestNG.java:1109)
	at org.testng.TestNG.runSuites(TestNG.java:1039)
	at org.testng.TestNG.run(TestNG.java:1007)
	at com.intellij.rt.testng.IDEARemoteTestNG.run(IDEARemoteTestNG.java:66)
	at com.intellij.rt.testng.RemoteTestNGStarter.main(RemoteTestNGStarter.java:109)

17:23:13.792 [main] INFO   -  
 --------------- Test Execution ENDED --------------- 

17:23:37.147 [main] INFO   -  
 --------------- Test Execution STARTED --------------- 
 
17:23:42.360 [main] INFO  PropertyManager - Trying to access property file: testdata/default.properties
17:23:42.555 [main] INFO   - com.test.AmazonBasicTest.searchTest --- Test case STARTED
17:23:42.762 [main] INFO  HomePage - Trying to open application home page
17:23:42.764 [main] INFO  HomePage - Navigating to website with url:   https://www.amazon.com/
17:23:45.168 [main] INFO  HomePage - Verifying if page title is equal to: Amazon.com: Online Shopping for Electronics, Apparel, Computers, Books, DVDs & more
17:23:45.570 [main] INFO  HomePage - Page title is correct: "Amazon.com: Online Shopping for Electronics, Apparel, Computers, Books, DVDs & more"
17:23:45.575 [main] INFO  ProductDetailsPage - Finding Sign In button on the main page and click it
17:23:48.165 [main] INFO  ProductDetailsPage - Filling an email field
17:23:50.157 [main] INFO  ProductDetailsPage - Filling a password field
17:23:50.357 [main] INFO  ProductDetailsPage - Clicking sign in button
17:23:50.564 [main] INFO  ProductDetailsPage - Checking of sign in
17:23:53.969 [main] INFO  HomePage - Performing search for product with title: Nintendo Switch
17:23:53.980 [main] INFO  HomePage - Entering text: "Nintendo Switch" into field with XPath: By.xpath: //input[@id='twotabsearchtextbox']
17:23:55.328 [main] INFO  HomePage - Pressing key: ENTER
17:23:59.065 [main] INFO  SearchResultPage - Trying to select product from search results
17:23:59.066 [main] INFO  SearchResultPage - Clicking on element with xpath: By.xpath: (//a[@class='a-link-normal a-text-normal'])[1]
17:24:04.698 [main] INFO  ProductDetailsPage - Trying to add selected product to cart
17:24:04.698 [main] INFO  ProductDetailsPage - Clicking on element with xpath: By.xpath: //input[@id='add-to-cart-button']
17:24:08.364 [main] INFO  ProductDetailsPage - Verifying if product is added to cart
17:24:08.442 [main] INFO  ProductDetailsPage - Product is added to cart 
17:24:08.449 [main] INFO   - com.test.AmazonBasicTest.searchTest --- Test case PASSED
17:24:11.180 [main] INFO   -  
 --------------- Test Execution ENDED --------------- 

17:24:11.283 [main] INFO   - Suite Name->HomeTask2::Report output Ditectory->C:\Users\Home\TestAutomationModule\HomeTask2\test-output\Default Suite::Suite Name->Default Suite
     Start Date Time for execution->Mon Apr 12 17:23:37 CEST 2021::End Date Time for execution->Mon Apr 12 17:24:11 CEST 2021
15:45:23.984 [main] INFO   -  
 --------------- Test Execution STARTED --------------- 
 
15:45:29.990 [main] INFO  PropertyManager - Trying to access property file: testdata/default.properties
15:45:30.304 [main] INFO   - com.test.AmazonBasicTest.searchTest --- Test case STARTED
15:45:30.535 [main] INFO  HomePage - Trying to open application home page
15:45:30.536 [main] INFO  HomePage - Navigating to website with url:   https://www.amazon.com/
15:45:34.485 [main] INFO  HomePage - Verifying if page title is equal to: Amazon.com: Online Shopping for Electronics, Apparel, Computers, Books, DVDs & more
15:45:34.659 [main] INFO  HomePage - Page title is correct: "Amazon.com: Online Shopping for Electronics, Apparel, Computers, Books, DVDs & more"
15:45:34.665 [main] INFO  ProductDetailsPage - Finding Sign In button on the main page and click it
15:45:36.371 [main] INFO  ProductDetailsPage - Filling an email field
15:45:38.344 [main] INFO  ProductDetailsPage - Filling a password field
15:45:38.515 [main] INFO  ProductDetailsPage - Clicking sign in button
15:45:38.712 [main] INFO  ProductDetailsPage - Checking of sign in
15:45:42.382 [main] INFO  HomePage - Performing search for product with title: Nintendo Switch
15:45:42.428 [main] INFO  HomePage - Entering text: "Nintendo Switch" into field with XPath: [[ChromeDriver: chrome on WINDOWS (5a64e3c07d922ce044a7d471405cb8e7)] -> xpath: //input[@id='twotabsearchtextbox']]
15:45:42.994 [main] INFO  HomePage - Pressing key: ENTER
15:45:46.565 [main] INFO  SearchResultPage - Trying to select product from search results
15:45:46.566 [main] INFO  SearchResultPage - Clicking on element with xpath: By.xpath: (//a[@class='a-link-normal a-text-normal'])[1]
15:45:52.165 [main] INFO  ProductDetailsPage - Trying to add selected product to cart
15:45:52.166 [main] INFO  ProductDetailsPage - Clicking on element with xpath: By.xpath: //input[@id='add-to-cart-button']
15:45:55.770 [main] INFO  ProductDetailsPage - Verifying if product is added to cart
15:45:56.042 [main] INFO  ProductDetailsPage - Product is added to cart 
15:45:56.048 [main] INFO   - com.test.AmazonBasicTest.searchTest --- Test case PASSED
15:45:57.882 [main] INFO   -  
 --------------- Test Execution ENDED --------------- 

15:45:57.962 [main] INFO   - Suite Name->HomeTask2::Report output Ditectory->C:\Users\Home\TestAutomationModule\HomeTask2\test-output\Default Suite::Suite Name->Default Suite
     Start Date Time for execution->Tue Apr 13 15:45:23 CEST 2021::End Date Time for execution->Tue Apr 13 15:45:57 CEST 2021
16:02:57.011 [main] INFO   -  
 --------------- Test Execution STARTED --------------- 
 
16:03:02.133 [main] INFO  PropertyManager - Trying to access property file: testdata/default.properties
16:03:02.450 [main] INFO   - com.test.AmazonBasicTest.searchTest --- Test case STARTED
16:03:02.655 [main] INFO  HomePage - Trying to open application home page
16:03:02.656 [main] INFO  HomePage - Navigating to website with url:   https://www.amazon.com/
16:03:05.666 [main] INFO  HomePage - Verifying if page title is equal to: Amazon.com: Online Shopping for Electronics, Apparel, Computers, Books, DVDs & more
16:03:05.690 [main] INFO  HomePage - Page title is correct: "Amazon.com: Online Shopping for Electronics, Apparel, Computers, Books, DVDs & more"
16:03:05.694 [main] INFO  ProductDetailsPage - Finding Sign In button on the main page and click it
16:03:07.739 [main] INFO  ProductDetailsPage - Filling an email field
16:03:07.852 [main] ERROR  - com.test.AmazonBasicTest.searchTest --- Test case FAILED
16:03:07.911 [main] ERROR  - org.openqa.selenium.NoSuchElementException: no such element: Unable to locate element: {"method":"xpath","selector":"//input[@id='ap_email']"}
  (Session info: chrome=89.0.4389.114)
For documentation on this error, please visit: https://www.seleniumhq.org/exceptions/no_such_element.html
Build info: version: '4.0.0-alpha-1', revision: 'd1d3728cae', time: '2019-04-24T13:42:21'
System info: host: 'DESKTOP-6RAFNNG', ip: '192.168.1.102', os.name: 'Windows 10', os.arch: 'amd64', os.version: '10.0', java.version: '11.0.10'
Driver info: org.openqa.selenium.chrome.ChromeDriver
Capabilities {acceptInsecureCerts: false, browserName: chrome, browserVersion: 89.0.4389.114, chrome: {chromedriverVersion: 89.0.4389.23 (61b08ee2c5002..., userDataDir: C:\Users\Home\AppData\Local...}, goog:chromeOptions: {debuggerAddress: localhost:60433}, javascriptEnabled: true, networkConnectionEnabled: false, pageLoadStrategy: normal, platform: WINDOWS, platformName: WINDOWS, proxy: Proxy(), setWindowRect: true, strictFileInteractability: false, timeouts: {implicit: 0, pageLoad: 300000, script: 30000}, unhandledPromptBehavior: dismiss and notify, webauthn:extension:largeBlob: true, webauthn:virtualAuthenticators: true}
Session ID: dd690e26868c12b32bb0fc599a979708
*** Element info: {Using=xpath, value=//input[@id='ap_email']}
	at java.base/jdk.internal.reflect.NativeConstructorAccessorImpl.newInstance0(Native Method)
	at java.base/jdk.internal.reflect.NativeConstructorAccessorImpl.newInstance(NativeConstructorAccessorImpl.java:62)
	at java.base/jdk.internal.reflect.DelegatingConstructorAccessorImpl.newInstance(DelegatingConstructorAccessorImpl.java:45)
	at java.base/java.lang.reflect.Constructor.newInstance(Constructor.java:490)
	at org.openqa.selenium.remote.codec.w3c.W3CHttpResponseCodec.createException(W3CHttpResponseCodec.java:190)
	at org.openqa.selenium.remote.codec.w3c.W3CHttpResponseCodec.decode(W3CHttpResponseCodec.java:124)
	at org.openqa.selenium.remote.codec.w3c.W3CHttpResponseCodec.decode(W3CHttpResponseCodec.java:51)
	at org.openqa.selenium.remote.HttpCommandExecutor.execute(HttpCommandExecutor.java:161)
	at org.openqa.selenium.remote.service.DriverCommandExecutor.execute(DriverCommandExecutor.java:83)
	at org.openqa.selenium.remote.RemoteWebDriver.execute(RemoteWebDriver.java:577)
	at org.openqa.selenium.remote.RemoteWebDriver.findElement(RemoteWebDriver.java:328)
	at org.openqa.selenium.remote.RemoteWebDriver.findElementByXPath(RemoteWebDriver.java:446)
	at org.openqa.selenium.By$ByXPath.findElement(By.java:353)
	at org.openqa.selenium.remote.RemoteWebDriver.findElement(RemoteWebDriver.java:320)
	at com.pageobject.BasePage.fillSignInFields(BasePage.java:65)
	at com.pageobject.steam.SignInPage.signIn(SignInPage.java:23)
	at com.test.AmazonBasicTest.searchTest(AmazonBasicTest.java:13)
	at java.base/jdk.internal.reflect.NativeMethodAccessorImpl.invoke0(Native Method)
	at java.base/jdk.internal.reflect.NativeMethodAccessorImpl.invoke(NativeMethodAccessorImpl.java:62)
	at java.base/jdk.internal.reflect.DelegatingMethodAccessorImpl.invoke(DelegatingMethodAccessorImpl.java:43)
	at java.base/java.lang.reflect.Method.invoke(Method.java:566)
	at org.testng.internal.MethodInvocationHelper.invokeMethod(MethodInvocationHelper.java:134)
	at org.testng.internal.TestInvoker.invokeMethod(TestInvoker.java:597)
	at org.testng.internal.TestInvoker.invokeTestMethod(TestInvoker.java:173)
	at org.testng.internal.MethodRunner.runInSequence(MethodRunner.java:46)
	at org.testng.internal.TestInvoker$MethodInvocationAgent.invoke(TestInvoker.java:816)
	at org.testng.internal.TestInvoker.invokeTestMethods(TestInvoker.java:146)
	at org.testng.internal.TestMethodWorker.invokeTestMethods(TestMethodWorker.java:146)
	at org.testng.internal.TestMethodWorker.run(TestMethodWorker.java:128)
	at java.base/java.util.ArrayList.forEach(ArrayList.java:1541)
	at org.testng.TestRunner.privateRun(TestRunner.java:766)
	at org.testng.TestRunner.run(TestRunner.java:587)
	at org.testng.SuiteRunner.runTest(SuiteRunner.java:384)
	at org.testng.SuiteRunner.runSequentially(SuiteRunner.java:378)
	at org.testng.SuiteRunner.privateRun(SuiteRunner.java:337)
	at org.testng.SuiteRunner.run(SuiteRunner.java:286)
	at org.testng.SuiteRunnerWorker.runSuite(SuiteRunnerWorker.java:53)
	at org.testng.SuiteRunnerWorker.run(SuiteRunnerWorker.java:96)
	at org.testng.TestNG.runSuitesSequentially(TestNG.java:1187)
	at org.testng.TestNG.runSuitesLocally(TestNG.java:1109)
	at org.testng.TestNG.runSuites(TestNG.java:1039)
	at org.testng.TestNG.run(TestNG.java:1007)
	at com.intellij.rt.testng.IDEARemoteTestNG.run(IDEARemoteTestNG.java:66)
	at com.intellij.rt.testng.RemoteTestNGStarter.main(RemoteTestNGStarter.java:109)

16:03:07.937 [main] ERROR  - com.test.AmazonBasicTest.searchTest --- Test case FAILED
16:03:07.937 [main] ERROR  - java.lang.NullPointerException
	at com.listeners.ReportUtils.makeScreenshot(ReportUtils.java:15)
	at com.listeners.TestResultsListener.onTestFailure(TestResultsListener.java:30)
	at org.testng.internal.TestListenerHelper.runTestListeners(TestListenerHelper.java:66)
	at org.testng.internal.TestInvoker.runTestResultListener(TestInvoker.java:219)
	at org.testng.internal.TestInvoker.invokeMethod(TestInvoker.java:651)
	at org.testng.internal.TestInvoker.invokeTestMethod(TestInvoker.java:173)
	at org.testng.internal.MethodRunner.runInSequence(MethodRunner.java:46)
	at org.testng.internal.TestInvoker$MethodInvocationAgent.invoke(TestInvoker.java:816)
	at org.testng.internal.TestInvoker.invokeTestMethods(TestInvoker.java:146)
	at org.testng.internal.TestMethodWorker.invokeTestMethods(TestMethodWorker.java:146)
	at org.testng.internal.TestMethodWorker.run(TestMethodWorker.java:128)
	at java.base/java.util.ArrayList.forEach(ArrayList.java:1541)
	at org.testng.TestRunner.privateRun(TestRunner.java:766)
	at org.testng.TestRunner.run(TestRunner.java:587)
	at org.testng.SuiteRunner.runTest(SuiteRunner.java:384)
	at org.testng.SuiteRunner.runSequentially(SuiteRunner.java:378)
	at org.testng.SuiteRunner.privateRun(SuiteRunner.java:337)
	at org.testng.SuiteRunner.run(SuiteRunner.java:286)
	at org.testng.SuiteRunnerWorker.runSuite(SuiteRunnerWorker.java:53)
	at org.testng.SuiteRunnerWorker.run(SuiteRunnerWorker.java:96)
	at org.testng.TestNG.runSuitesSequentially(TestNG.java:1187)
	at org.testng.TestNG.runSuitesLocally(TestNG.java:1109)
	at org.testng.TestNG.runSuites(TestNG.java:1039)
	at org.testng.TestNG.run(TestNG.java:1007)
	at com.intellij.rt.testng.IDEARemoteTestNG.run(IDEARemoteTestNG.java:66)
	at com.intellij.rt.testng.RemoteTestNGStarter.main(RemoteTestNGStarter.java:109)

16:03:09.587 [main] INFO   -  
 --------------- Test Execution ENDED --------------- 

16:05:59.831 [main] INFO   -  
 --------------- Test Execution STARTED --------------- 
 
16:06:04.903 [main] INFO  PropertyManager - Trying to access property file: testdata/default.properties
16:06:05.308 [main] INFO   - com.test.AmazonBasicTest.searchTest --- Test case STARTED
16:06:05.619 [main] INFO  HomePage - Trying to open application home page
16:06:05.620 [main] INFO  HomePage - Navigating to website with url:   https://www.amazon.com/
16:06:08.797 [main] INFO  HomePage - Verifying if page title is equal to: Amazon.com: Online Shopping for Electronics, Apparel, Computers, Books, DVDs & more
16:06:09.043 [main] INFO  HomePage - Page title is correct: "Amazon.com: Online Shopping for Electronics, Apparel, Computers, Books, DVDs & more"
16:06:09.048 [main] INFO  ProductDetailsPage - Finding Sign In button on the main page and click it
16:06:11.035 [main] INFO  ProductDetailsPage - Filling an email field
16:06:12.927 [main] INFO  ProductDetailsPage - Filling a password field
16:06:13.150 [main] INFO  ProductDetailsPage - Clicking sign in button
16:06:13.304 [main] INFO  ProductDetailsPage - Checking of sign in
16:06:16.518 [main] INFO  HomePage - Performing search for product with title: Nintendo Switch
16:06:16.604 [main] INFO  HomePage - Entering text: "Nintendo Switch" into field with XPath: [[ChromeDriver: chrome on WINDOWS (36780f2503b5960c73da487c43ac1680)] -> xpath: //input[@id='twotabsearchtextbox']]
16:06:17.454 [main] INFO  HomePage - Pressing key: ENTER
16:06:21.300 [main] INFO  SearchResultPage - Trying to select product from search results
16:06:21.301 [main] INFO  SearchResultPage - Clicking on element: null
16:06:21.320 [main] ERROR  - com.test.AmazonBasicTest.searchTest --- Test case FAILED
16:06:21.323 [main] ERROR  - java.lang.NullPointerException
	at java.base/java.util.Objects.requireNonNull(Objects.java:221)
	at org.openqa.selenium.interactions.PointerInput$Origin.fromElement(PointerInput.java:222)
	at org.openqa.selenium.interactions.Actions.moveInTicks(Actions.java:390)
	at org.openqa.selenium.interactions.Actions.click(Actions.java:296)
	at com.pageobject.BasePage.clickOnElement(BasePage.java:79)
	at com.pageobject.steam.SearchResultPage.selectProduct(SearchResultPage.java:24)
	at com.test.AmazonBasicTest.searchTest(AmazonBasicTest.java:15)
	at java.base/jdk.internal.reflect.NativeMethodAccessorImpl.invoke0(Native Method)
	at java.base/jdk.internal.reflect.NativeMethodAccessorImpl.invoke(NativeMethodAccessorImpl.java:62)
	at java.base/jdk.internal.reflect.DelegatingMethodAccessorImpl.invoke(DelegatingMethodAccessorImpl.java:43)
	at java.base/java.lang.reflect.Method.invoke(Method.java:566)
	at org.testng.internal.MethodInvocationHelper.invokeMethod(MethodInvocationHelper.java:134)
	at org.testng.internal.TestInvoker.invokeMethod(TestInvoker.java:597)
	at org.testng.internal.TestInvoker.invokeTestMethod(TestInvoker.java:173)
	at org.testng.internal.MethodRunner.runInSequence(MethodRunner.java:46)
	at org.testng.internal.TestInvoker$MethodInvocationAgent.invoke(TestInvoker.java:816)
	at org.testng.internal.TestInvoker.invokeTestMethods(TestInvoker.java:146)
	at org.testng.internal.TestMethodWorker.invokeTestMethods(TestMethodWorker.java:146)
	at org.testng.internal.TestMethodWorker.run(TestMethodWorker.java:128)
	at java.base/java.util.ArrayList.forEach(ArrayList.java:1541)
	at org.testng.TestRunner.privateRun(TestRunner.java:766)
	at org.testng.TestRunner.run(TestRunner.java:587)
	at org.testng.SuiteRunner.runTest(SuiteRunner.java:384)
	at org.testng.SuiteRunner.runSequentially(SuiteRunner.java:378)
	at org.testng.SuiteRunner.privateRun(SuiteRunner.java:337)
	at org.testng.SuiteRunner.run(SuiteRunner.java:286)
	at org.testng.SuiteRunnerWorker.runSuite(SuiteRunnerWorker.java:53)
	at org.testng.SuiteRunnerWorker.run(SuiteRunnerWorker.java:96)
	at org.testng.TestNG.runSuitesSequentially(TestNG.java:1187)
	at org.testng.TestNG.runSuitesLocally(TestNG.java:1109)
	at org.testng.TestNG.runSuites(TestNG.java:1039)
	at org.testng.TestNG.run(TestNG.java:1007)
	at com.intellij.rt.testng.IDEARemoteTestNG.run(IDEARemoteTestNG.java:66)
	at com.intellij.rt.testng.RemoteTestNGStarter.main(RemoteTestNGStarter.java:109)

16:06:21.330 [main] ERROR  - com.test.AmazonBasicTest.searchTest --- Test case FAILED
16:06:21.331 [main] ERROR  - java.lang.NullPointerException
	at com.listeners.ReportUtils.makeScreenshot(ReportUtils.java:15)
	at com.listeners.TestResultsListener.onTestFailure(TestResultsListener.java:30)
	at org.testng.internal.TestListenerHelper.runTestListeners(TestListenerHelper.java:66)
	at org.testng.internal.TestInvoker.runTestResultListener(TestInvoker.java:219)
	at org.testng.internal.TestInvoker.invokeMethod(TestInvoker.java:651)
	at org.testng.internal.TestInvoker.invokeTestMethod(TestInvoker.java:173)
	at org.testng.internal.MethodRunner.runInSequence(MethodRunner.java:46)
	at org.testng.internal.TestInvoker$MethodInvocationAgent.invoke(TestInvoker.java:816)
	at org.testng.internal.TestInvoker.invokeTestMethods(TestInvoker.java:146)
	at org.testng.internal.TestMethodWorker.invokeTestMethods(TestMethodWorker.java:146)
	at org.testng.internal.TestMethodWorker.run(TestMethodWorker.java:128)
	at java.base/java.util.ArrayList.forEach(ArrayList.java:1541)
	at org.testng.TestRunner.privateRun(TestRunner.java:766)
	at org.testng.TestRunner.run(TestRunner.java:587)
	at org.testng.SuiteRunner.runTest(SuiteRunner.java:384)
	at org.testng.SuiteRunner.runSequentially(SuiteRunner.java:378)
	at org.testng.SuiteRunner.privateRun(SuiteRunner.java:337)
	at org.testng.SuiteRunner.run(SuiteRunner.java:286)
	at org.testng.SuiteRunnerWorker.runSuite(SuiteRunnerWorker.java:53)
	at org.testng.SuiteRunnerWorker.run(SuiteRunnerWorker.java:96)
	at org.testng.TestNG.runSuitesSequentially(TestNG.java:1187)
	at org.testng.TestNG.runSuitesLocally(TestNG.java:1109)
	at org.testng.TestNG.runSuites(TestNG.java:1039)
	at org.testng.TestNG.run(TestNG.java:1007)
	at com.intellij.rt.testng.IDEARemoteTestNG.run(IDEARemoteTestNG.java:66)
	at com.intellij.rt.testng.RemoteTestNGStarter.main(RemoteTestNGStarter.java:109)

16:06:23.250 [main] INFO   -  
 --------------- Test Execution ENDED --------------- 

16:12:07.775 [main] INFO   -  
 --------------- Test Execution STARTED --------------- 
 
16:12:13.060 [main] INFO  PropertyManager - Trying to access property file: testdata/default.properties
16:12:13.437 [main] INFO   - com.test.AmazonBasicTest.searchTest --- Test case STARTED
16:12:13.641 [main] INFO  HomePage - Trying to open application home page
16:12:13.643 [main] INFO  HomePage - Navigating to website with url:   https://www.amazon.com/
16:12:17.191 [main] INFO  HomePage - Verifying if page title is equal to: Amazon.com: Online Shopping for Electronics, Apparel, Computers, Books, DVDs & more
16:12:17.730 [main] INFO  HomePage - Page title is correct: "Amazon.com: Online Shopping for Electronics, Apparel, Computers, Books, DVDs & more"
16:12:17.735 [main] INFO  ProductDetailsPage - Finding Sign In button on the main page and click it
16:12:19.465 [main] INFO  ProductDetailsPage - Filling an email field
16:12:21.225 [main] INFO  ProductDetailsPage - Filling a password field
16:12:21.418 [main] INFO  ProductDetailsPage - Clicking sign in button
16:12:21.564 [main] INFO  ProductDetailsPage - Checking of sign in
16:12:24.512 [main] INFO  HomePage - Performing search for product with title: Nintendo Switch
16:12:24.784 [main] INFO  HomePage - Entering text: "Nintendo Switch" into field with XPath: [[ChromeDriver: chrome on WINDOWS (68ecb1eef58547eea9582fe30b49caba)] -> xpath: //input[@id='twotabsearchtextbox']]
16:12:26.067 [main] INFO  HomePage - Pressing key: ENTER
16:12:29.806 [main] INFO  SearchResultPage - Trying to select product from search results
16:12:29.806 [main] INFO  SearchResultPage - Clicking on element: null
16:12:29.824 [main] ERROR  - com.test.AmazonBasicTest.searchTest --- Test case FAILED
16:12:29.826 [main] ERROR  - java.lang.NullPointerException
	at java.base/java.util.Objects.requireNonNull(Objects.java:221)
	at org.openqa.selenium.interactions.PointerInput$Origin.fromElement(PointerInput.java:222)
	at org.openqa.selenium.interactions.Actions.moveInTicks(Actions.java:390)
	at org.openqa.selenium.interactions.Actions.click(Actions.java:296)
	at com.pageobject.BasePage.clickOnElement(BasePage.java:79)
	at com.pageobject.steam.SearchResultPage.selectProduct(SearchResultPage.java:26)
	at com.test.AmazonBasicTest.searchTest(AmazonBasicTest.java:15)
	at java.base/jdk.internal.reflect.NativeMethodAccessorImpl.invoke0(Native Method)
	at java.base/jdk.internal.reflect.NativeMethodAccessorImpl.invoke(NativeMethodAccessorImpl.java:62)
	at java.base/jdk.internal.reflect.DelegatingMethodAccessorImpl.invoke(DelegatingMethodAccessorImpl.java:43)
	at java.base/java.lang.reflect.Method.invoke(Method.java:566)
	at org.testng.internal.MethodInvocationHelper.invokeMethod(MethodInvocationHelper.java:134)
	at org.testng.internal.TestInvoker.invokeMethod(TestInvoker.java:597)
	at org.testng.internal.TestInvoker.invokeTestMethod(TestInvoker.java:173)
	at org.testng.internal.MethodRunner.runInSequence(MethodRunner.java:46)
	at org.testng.internal.TestInvoker$MethodInvocationAgent.invoke(TestInvoker.java:816)
	at org.testng.internal.TestInvoker.invokeTestMethods(TestInvoker.java:146)
	at org.testng.internal.TestMethodWorker.invokeTestMethods(TestMethodWorker.java:146)
	at org.testng.internal.TestMethodWorker.run(TestMethodWorker.java:128)
	at java.base/java.util.ArrayList.forEach(ArrayList.java:1541)
	at org.testng.TestRunner.privateRun(TestRunner.java:766)
	at org.testng.TestRunner.run(TestRunner.java:587)
	at org.testng.SuiteRunner.runTest(SuiteRunner.java:384)
	at org.testng.SuiteRunner.runSequentially(SuiteRunner.java:378)
	at org.testng.SuiteRunner.privateRun(SuiteRunner.java:337)
	at org.testng.SuiteRunner.run(SuiteRunner.java:286)
	at org.testng.SuiteRunnerWorker.runSuite(SuiteRunnerWorker.java:53)
	at org.testng.SuiteRunnerWorker.run(SuiteRunnerWorker.java:96)
	at org.testng.TestNG.runSuitesSequentially(TestNG.java:1187)
	at org.testng.TestNG.runSuitesLocally(TestNG.java:1109)
	at org.testng.TestNG.runSuites(TestNG.java:1039)
	at org.testng.TestNG.run(TestNG.java:1007)
	at com.intellij.rt.testng.IDEARemoteTestNG.run(IDEARemoteTestNG.java:66)
	at com.intellij.rt.testng.RemoteTestNGStarter.main(RemoteTestNGStarter.java:109)

16:12:29.838 [main] ERROR  - com.test.AmazonBasicTest.searchTest --- Test case FAILED
16:12:29.839 [main] ERROR  - java.lang.NullPointerException
	at com.listeners.ReportUtils.makeScreenshot(ReportUtils.java:15)
	at com.listeners.TestResultsListener.onTestFailure(TestResultsListener.java:30)
	at org.testng.internal.TestListenerHelper.runTestListeners(TestListenerHelper.java:66)
	at org.testng.internal.TestInvoker.runTestResultListener(TestInvoker.java:219)
	at org.testng.internal.TestInvoker.invokeMethod(TestInvoker.java:651)
	at org.testng.internal.TestInvoker.invokeTestMethod(TestInvoker.java:173)
	at org.testng.internal.MethodRunner.runInSequence(MethodRunner.java:46)
	at org.testng.internal.TestInvoker$MethodInvocationAgent.invoke(TestInvoker.java:816)
	at org.testng.internal.TestInvoker.invokeTestMethods(TestInvoker.java:146)
	at org.testng.internal.TestMethodWorker.invokeTestMethods(TestMethodWorker.java:146)
	at org.testng.internal.TestMethodWorker.run(TestMethodWorker.java:128)
	at java.base/java.util.ArrayList.forEach(ArrayList.java:1541)
	at org.testng.TestRunner.privateRun(TestRunner.java:766)
	at org.testng.TestRunner.run(TestRunner.java:587)
	at org.testng.SuiteRunner.runTest(SuiteRunner.java:384)
	at org.testng.SuiteRunner.runSequentially(SuiteRunner.java:378)
	at org.testng.SuiteRunner.privateRun(SuiteRunner.java:337)
	at org.testng.SuiteRunner.run(SuiteRunner.java:286)
	at org.testng.SuiteRunnerWorker.runSuite(SuiteRunnerWorker.java:53)
	at org.testng.SuiteRunnerWorker.run(SuiteRunnerWorker.java:96)
	at org.testng.TestNG.runSuitesSequentially(TestNG.java:1187)
	at org.testng.TestNG.runSuitesLocally(TestNG.java:1109)
	at org.testng.TestNG.runSuites(TestNG.java:1039)
	at org.testng.TestNG.run(TestNG.java:1007)
	at com.intellij.rt.testng.IDEARemoteTestNG.run(IDEARemoteTestNG.java:66)
	at com.intellij.rt.testng.RemoteTestNGStarter.main(RemoteTestNGStarter.java:109)

16:12:30.925 [main] INFO   -  
 --------------- Test Execution ENDED --------------- 

16:14:43.200 [main] INFO   -  
 --------------- Test Execution STARTED --------------- 
 
16:14:49.262 [main] INFO  PropertyManager - Trying to access property file: testdata/default.properties
16:14:49.725 [main] INFO   - com.test.AmazonBasicTest.searchTest --- Test case STARTED
16:14:49.940 [main] INFO  HomePage - Trying to open application home page
16:14:49.941 [main] INFO  HomePage - Navigating to website with url:   https://www.amazon.com/
16:14:53.865 [main] INFO  HomePage - Verifying if page title is equal to: Amazon.com: Online Shopping for Electronics, Apparel, Computers, Books, DVDs & more
16:14:54.321 [main] INFO  HomePage - Page title is correct: "Amazon.com: Online Shopping for Electronics, Apparel, Computers, Books, DVDs & more"
16:14:54.326 [main] INFO  ProductDetailsPage - Finding Sign In button on the main page and click it
16:14:56.922 [main] ERROR  - com.test.AmazonBasicTest.searchTest --- Test case FAILED
16:14:56.925 [main] ERROR  - org.openqa.selenium.ElementClickInterceptedException: element click intercepted: Element <a href="https://www.amazon.com/ap/signin?openid.pape.max_auth_age=0&amp;openid.return_to=https%3A%2F%2Fwww.amazon.com%2F%3Fref_%3Dnav_signin&amp;openid.identity=http%3A%2F%2Fspecs.openid.net%2Fauth%2F2.0%2Fidentifier_select&amp;openid.assoc_handle=usflex&amp;openid.mode=checkid_setup&amp;openid.claimed_id=http%3A%2F%2Fspecs.openid.net%2Fauth%2F2.0%2Fidentifier_select&amp;openid.ns=http%3A%2F%2Fspecs.openid.net%2Fauth%2F2.0&amp;" rel="nofollow" class="nav-action-button" data-nav-role="signin" data-nav-ref="nav_signin">...</a> is not clickable at point (99, 16). Other element would receive the click: <a href="/ref=nav_logo" id="nav-logo-sprites" class="nav-logo-link nav-progressive-attribute" aria-label="Amazon">...</a>
  (Session info: chrome=89.0.4389.114)
Build info: version: '4.0.0-alpha-1', revision: 'd1d3728cae', time: '2019-04-24T13:42:21'
System info: host: 'DESKTOP-6RAFNNG', ip: '192.168.1.102', os.name: 'Windows 10', os.arch: 'amd64', os.version: '10.0', java.version: '11.0.10'
Driver info: org.openqa.selenium.chrome.ChromeDriver
Capabilities {acceptInsecureCerts: false, browserName: chrome, browserVersion: 89.0.4389.114, chrome: {chromedriverVersion: 89.0.4389.23 (61b08ee2c5002..., userDataDir: C:\Users\Home\AppData\Local...}, goog:chromeOptions: {debuggerAddress: localhost:61484}, javascriptEnabled: true, networkConnectionEnabled: false, pageLoadStrategy: normal, platform: WINDOWS, platformName: WINDOWS, proxy: Proxy(), setWindowRect: true, strictFileInteractability: false, timeouts: {implicit: 0, pageLoad: 300000, script: 30000}, unhandledPromptBehavior: dismiss and notify, webauthn:extension:largeBlob: true, webauthn:virtualAuthenticators: true}
Session ID: 0fa4938dc8b66a7b3997263224519ef2
	at java.base/jdk.internal.reflect.NativeConstructorAccessorImpl.newInstance0(Native Method)
	at java.base/jdk.internal.reflect.NativeConstructorAccessorImpl.newInstance(NativeConstructorAccessorImpl.java:62)
	at java.base/jdk.internal.reflect.DelegatingConstructorAccessorImpl.newInstance(DelegatingConstructorAccessorImpl.java:45)
	at java.base/java.lang.reflect.Constructor.newInstance(Constructor.java:490)
	at org.openqa.selenium.remote.codec.w3c.W3CHttpResponseCodec.createException(W3CHttpResponseCodec.java:190)
	at org.openqa.selenium.remote.codec.w3c.W3CHttpResponseCodec.decode(W3CHttpResponseCodec.java:124)
	at org.openqa.selenium.remote.codec.w3c.W3CHttpResponseCodec.decode(W3CHttpResponseCodec.java:51)
	at org.openqa.selenium.remote.HttpCommandExecutor.execute(HttpCommandExecutor.java:161)
	at org.openqa.selenium.remote.service.DriverCommandExecutor.execute(DriverCommandExecutor.java:83)
	at org.openqa.selenium.remote.RemoteWebDriver.execute(RemoteWebDriver.java:577)
	at org.openqa.selenium.remote.RemoteWebElement.execute(RemoteWebElement.java:308)
	at org.openqa.selenium.remote.RemoteWebElement.click(RemoteWebElement.java:83)
	at com.pageobject.BasePage.clickSignIn(BasePage.java:60)
	at com.pageobject.steam.SignInPage.signIn(SignInPage.java:22)
	at com.test.AmazonBasicTest.searchTest(AmazonBasicTest.java:13)
	at java.base/jdk.internal.reflect.NativeMethodAccessorImpl.invoke0(Native Method)
	at java.base/jdk.internal.reflect.NativeMethodAccessorImpl.invoke(NativeMethodAccessorImpl.java:62)
	at java.base/jdk.internal.reflect.DelegatingMethodAccessorImpl.invoke(DelegatingMethodAccessorImpl.java:43)
	at java.base/java.lang.reflect.Method.invoke(Method.java:566)
	at org.testng.internal.MethodInvocationHelper.invokeMethod(MethodInvocationHelper.java:134)
	at org.testng.internal.TestInvoker.invokeMethod(TestInvoker.java:597)
	at org.testng.internal.TestInvoker.invokeTestMethod(TestInvoker.java:173)
	at org.testng.internal.MethodRunner.runInSequence(MethodRunner.java:46)
	at org.testng.internal.TestInvoker$MethodInvocationAgent.invoke(TestInvoker.java:816)
	at org.testng.internal.TestInvoker.invokeTestMethods(TestInvoker.java:146)
	at org.testng.internal.TestMethodWorker.invokeTestMethods(TestMethodWorker.java:146)
	at org.testng.internal.TestMethodWorker.run(TestMethodWorker.java:128)
	at java.base/java.util.ArrayList.forEach(ArrayList.java:1541)
	at org.testng.TestRunner.privateRun(TestRunner.java:766)
	at org.testng.TestRunner.run(TestRunner.java:587)
	at org.testng.SuiteRunner.runTest(SuiteRunner.java:384)
	at org.testng.SuiteRunner.runSequentially(SuiteRunner.java:378)
	at org.testng.SuiteRunner.privateRun(SuiteRunner.java:337)
	at org.testng.SuiteRunner.run(SuiteRunner.java:286)
	at org.testng.SuiteRunnerWorker.runSuite(SuiteRunnerWorker.java:53)
	at org.testng.SuiteRunnerWorker.run(SuiteRunnerWorker.java:96)
	at org.testng.TestNG.runSuitesSequentially(TestNG.java:1187)
	at org.testng.TestNG.runSuitesLocally(TestNG.java:1109)
	at org.testng.TestNG.runSuites(TestNG.java:1039)
	at org.testng.TestNG.run(TestNG.java:1007)
	at com.intellij.rt.testng.IDEARemoteTestNG.run(IDEARemoteTestNG.java:66)
	at com.intellij.rt.testng.RemoteTestNGStarter.main(RemoteTestNGStarter.java:109)

16:14:56.933 [main] ERROR  - com.test.AmazonBasicTest.searchTest --- Test case FAILED
16:14:56.935 [main] ERROR  - java.lang.NullPointerException
	at com.listeners.ReportUtils.makeScreenshot(ReportUtils.java:15)
	at com.listeners.TestResultsListener.onTestFailure(TestResultsListener.java:30)
	at org.testng.internal.TestListenerHelper.runTestListeners(TestListenerHelper.java:66)
	at org.testng.internal.TestInvoker.runTestResultListener(TestInvoker.java:219)
	at org.testng.internal.TestInvoker.invokeMethod(TestInvoker.java:651)
	at org.testng.internal.TestInvoker.invokeTestMethod(TestInvoker.java:173)
	at org.testng.internal.MethodRunner.runInSequence(MethodRunner.java:46)
	at org.testng.internal.TestInvoker$MethodInvocationAgent.invoke(TestInvoker.java:816)
	at org.testng.internal.TestInvoker.invokeTestMethods(TestInvoker.java:146)
	at org.testng.internal.TestMethodWorker.invokeTestMethods(TestMethodWorker.java:146)
	at org.testng.internal.TestMethodWorker.run(TestMethodWorker.java:128)
	at java.base/java.util.ArrayList.forEach(ArrayList.java:1541)
	at org.testng.TestRunner.privateRun(TestRunner.java:766)
	at org.testng.TestRunner.run(TestRunner.java:587)
	at org.testng.SuiteRunner.runTest(SuiteRunner.java:384)
	at org.testng.SuiteRunner.runSequentially(SuiteRunner.java:378)
	at org.testng.SuiteRunner.privateRun(SuiteRunner.java:337)
	at org.testng.SuiteRunner.run(SuiteRunner.java:286)
	at org.testng.SuiteRunnerWorker.runSuite(SuiteRunnerWorker.java:53)
	at org.testng.SuiteRunnerWorker.run(SuiteRunnerWorker.java:96)
	at org.testng.TestNG.runSuitesSequentially(TestNG.java:1187)
	at org.testng.TestNG.runSuitesLocally(TestNG.java:1109)
	at org.testng.TestNG.runSuites(TestNG.java:1039)
	at org.testng.TestNG.run(TestNG.java:1007)
	at com.intellij.rt.testng.IDEARemoteTestNG.run(IDEARemoteTestNG.java:66)
	at com.intellij.rt.testng.RemoteTestNGStarter.main(RemoteTestNGStarter.java:109)

16:14:58.469 [main] INFO   -  
 --------------- Test Execution ENDED --------------- 

16:15:31.497 [main] INFO   -  
 --------------- Test Execution STARTED --------------- 
 
16:15:36.368 [main] INFO  PropertyManager - Trying to access property file: testdata/default.properties
16:15:36.584 [main] INFO   - com.test.AmazonBasicTest.searchTest --- Test case STARTED
16:15:36.925 [main] INFO  HomePage - Trying to open application home page
16:15:36.926 [main] INFO  HomePage - Navigating to website with url:   https://www.amazon.com/
16:15:40.111 [main] INFO  HomePage - Verifying if page title is equal to: Amazon.com: Online Shopping for Electronics, Apparel, Computers, Books, DVDs & more
16:15:40.442 [main] INFO  HomePage - Page title is correct: "Amazon.com: Online Shopping for Electronics, Apparel, Computers, Books, DVDs & more"
16:15:40.447 [main] INFO  ProductDetailsPage - Finding Sign In button on the main page and click it
16:15:42.090 [main] INFO  ProductDetailsPage - Filling an email field
16:15:43.647 [main] INFO  ProductDetailsPage - Filling a password field
16:15:43.784 [main] INFO  ProductDetailsPage - Clicking sign in button
16:15:43.910 [main] INFO  ProductDetailsPage - Checking of sign in
16:15:46.920 [main] INFO  HomePage - Performing search for product with title: Nintendo Switch
16:15:47.016 [main] INFO  HomePage - Entering text: "Nintendo Switch" into field with XPath: [[ChromeDriver: chrome on WINDOWS (b53e2b8d21409678af2532e3b637e6eb)] -> xpath: //input[@id='twotabsearchtextbox']]
16:15:47.921 [main] INFO  HomePage - Pressing key: ENTER
16:15:51.135 [main] INFO  SearchResultPage - Trying to select product from search results
16:15:51.136 [main] INFO  SearchResultPage - Clicking on element: null
16:15:51.152 [main] ERROR  - com.test.AmazonBasicTest.searchTest --- Test case FAILED
16:15:51.154 [main] ERROR  - java.lang.NullPointerException
	at java.base/java.util.Objects.requireNonNull(Objects.java:221)
	at org.openqa.selenium.interactions.PointerInput$Origin.fromElement(PointerInput.java:222)
	at org.openqa.selenium.interactions.Actions.moveInTicks(Actions.java:390)
	at org.openqa.selenium.interactions.Actions.click(Actions.java:296)
	at com.pageobject.BasePage.clickOnElement(BasePage.java:79)
	at com.pageobject.steam.SearchResultPage.selectProduct(SearchResultPage.java:27)
	at com.test.AmazonBasicTest.searchTest(AmazonBasicTest.java:15)
	at java.base/jdk.internal.reflect.NativeMethodAccessorImpl.invoke0(Native Method)
	at java.base/jdk.internal.reflect.NativeMethodAccessorImpl.invoke(NativeMethodAccessorImpl.java:62)
	at java.base/jdk.internal.reflect.DelegatingMethodAccessorImpl.invoke(DelegatingMethodAccessorImpl.java:43)
	at java.base/java.lang.reflect.Method.invoke(Method.java:566)
	at org.testng.internal.MethodInvocationHelper.invokeMethod(MethodInvocationHelper.java:134)
	at org.testng.internal.TestInvoker.invokeMethod(TestInvoker.java:597)
	at org.testng.internal.TestInvoker.invokeTestMethod(TestInvoker.java:173)
	at org.testng.internal.MethodRunner.runInSequence(MethodRunner.java:46)
	at org.testng.internal.TestInvoker$MethodInvocationAgent.invoke(TestInvoker.java:816)
	at org.testng.internal.TestInvoker.invokeTestMethods(TestInvoker.java:146)
	at org.testng.internal.TestMethodWorker.invokeTestMethods(TestMethodWorker.java:146)
	at org.testng.internal.TestMethodWorker.run(TestMethodWorker.java:128)
	at java.base/java.util.ArrayList.forEach(ArrayList.java:1541)
	at org.testng.TestRunner.privateRun(TestRunner.java:766)
	at org.testng.TestRunner.run(TestRunner.java:587)
	at org.testng.SuiteRunner.runTest(SuiteRunner.java:384)
	at org.testng.SuiteRunner.runSequentially(SuiteRunner.java:378)
	at org.testng.SuiteRunner.privateRun(SuiteRunner.java:337)
	at org.testng.SuiteRunner.run(SuiteRunner.java:286)
	at org.testng.SuiteRunnerWorker.runSuite(SuiteRunnerWorker.java:53)
	at org.testng.SuiteRunnerWorker.run(SuiteRunnerWorker.java:96)
	at org.testng.TestNG.runSuitesSequentially(TestNG.java:1187)
	at org.testng.TestNG.runSuitesLocally(TestNG.java:1109)
	at org.testng.TestNG.runSuites(TestNG.java:1039)
	at org.testng.TestNG.run(TestNG.java:1007)
	at com.intellij.rt.testng.IDEARemoteTestNG.run(IDEARemoteTestNG.java:66)
	at com.intellij.rt.testng.RemoteTestNGStarter.main(RemoteTestNGStarter.java:109)

16:15:51.161 [main] ERROR  - com.test.AmazonBasicTest.searchTest --- Test case FAILED
16:15:51.161 [main] ERROR  - java.lang.NullPointerException
	at com.listeners.ReportUtils.makeScreenshot(ReportUtils.java:15)
	at com.listeners.TestResultsListener.onTestFailure(TestResultsListener.java:30)
	at org.testng.internal.TestListenerHelper.runTestListeners(TestListenerHelper.java:66)
	at org.testng.internal.TestInvoker.runTestResultListener(TestInvoker.java:219)
	at org.testng.internal.TestInvoker.invokeMethod(TestInvoker.java:651)
	at org.testng.internal.TestInvoker.invokeTestMethod(TestInvoker.java:173)
	at org.testng.internal.MethodRunner.runInSequence(MethodRunner.java:46)
	at org.testng.internal.TestInvoker$MethodInvocationAgent.invoke(TestInvoker.java:816)
	at org.testng.internal.TestInvoker.invokeTestMethods(TestInvoker.java:146)
	at org.testng.internal.TestMethodWorker.invokeTestMethods(TestMethodWorker.java:146)
	at org.testng.internal.TestMethodWorker.run(TestMethodWorker.java:128)
	at java.base/java.util.ArrayList.forEach(ArrayList.java:1541)
	at org.testng.TestRunner.privateRun(TestRunner.java:766)
	at org.testng.TestRunner.run(TestRunner.java:587)
	at org.testng.SuiteRunner.runTest(SuiteRunner.java:384)
	at org.testng.SuiteRunner.runSequentially(SuiteRunner.java:378)
	at org.testng.SuiteRunner.privateRun(SuiteRunner.java:337)
	at org.testng.SuiteRunner.run(SuiteRunner.java:286)
	at org.testng.SuiteRunnerWorker.runSuite(SuiteRunnerWorker.java:53)
	at org.testng.SuiteRunnerWorker.run(SuiteRunnerWorker.java:96)
	at org.testng.TestNG.runSuitesSequentially(TestNG.java:1187)
	at org.testng.TestNG.runSuitesLocally(TestNG.java:1109)
	at org.testng.TestNG.runSuites(TestNG.java:1039)
	at org.testng.TestNG.run(TestNG.java:1007)
	at com.intellij.rt.testng.IDEARemoteTestNG.run(IDEARemoteTestNG.java:66)
	at com.intellij.rt.testng.RemoteTestNGStarter.main(RemoteTestNGStarter.java:109)

16:15:53.060 [main] INFO   -  
 --------------- Test Execution ENDED --------------- 

19:45:14.229 [main] INFO   -  
 --------------- Test Execution STARTED --------------- 
 
19:45:16.145 [main] INFO   - com.CucumberRunner.runScenario --- Test case STARTED
19:45:17.066 [main] ERROR  - com.CucumberRunner.runScenario --- Test case FAILED
19:45:17.086 [main] ERROR  - io.cucumber.testng.UndefinedStepException: The step 'anonymous customer is on home page' and 2 other step(s) are undefined.
You can implement these steps using the snippet(s) below:

@Given("anonymous customer is on home page")
public void anonymous_customer_is_on_home_page() {
    // Write code here that turns the phrase above into concrete actions
    throw new io.cucumber.java.PendingException();
}
@When("customer search a product")
public void customer_search_a_product() {
    // Write code here that turns the phrase above into concrete actions
    throw new io.cucumber.java.PendingException();
}
@Then("redirected to a search page")
public void redirected_to_a_search_page() {
    // Write code here that turns the phrase above into concrete actions
    throw new io.cucumber.java.PendingException();
}

	at io.cucumber.core.runtime.TestCaseResultObserver.assertTestCasePassed(TestCaseResultObserver.java:69)
	at io.cucumber.testng.TestCaseResultObserver.assertTestCasePassed(TestCaseResultObserver.java:23)
	at io.cucumber.testng.TestNGCucumberRunner.lambda$runScenario$0(TestNGCucumberRunner.java:118)
	at io.cucumber.core.runtime.CucumberExecutionContext.runTestCase(CucumberExecutionContext.java:117)
	at io.cucumber.testng.TestNGCucumberRunner.runScenario(TestNGCucumberRunner.java:114)
	at io.cucumber.testng.AbstractTestNGCucumberTests.runScenario(AbstractTestNGCucumberTests.java:31)
	at java.base/jdk.internal.reflect.NativeMethodAccessorImpl.invoke0(Native Method)
	at java.base/jdk.internal.reflect.NativeMethodAccessorImpl.invoke(NativeMethodAccessorImpl.java:62)
	at java.base/jdk.internal.reflect.DelegatingMethodAccessorImpl.invoke(DelegatingMethodAccessorImpl.java:43)
	at java.base/java.lang.reflect.Method.invoke(Method.java:566)
	at org.testng.internal.MethodInvocationHelper.invokeMethod(MethodInvocationHelper.java:134)
	at org.testng.internal.TestInvoker.invokeMethod(TestInvoker.java:597)
	at org.testng.internal.TestInvoker.invokeTestMethod(TestInvoker.java:173)
	at org.testng.internal.MethodRunner.runInSequence(MethodRunner.java:46)
	at org.testng.internal.TestInvoker$MethodInvocationAgent.invoke(TestInvoker.java:816)
	at org.testng.internal.TestInvoker.invokeTestMethods(TestInvoker.java:146)
	at org.testng.internal.TestMethodWorker.invokeTestMethods(TestMethodWorker.java:146)
	at org.testng.internal.TestMethodWorker.run(TestMethodWorker.java:128)
	at java.base/java.util.ArrayList.forEach(ArrayList.java:1541)
	at org.testng.TestRunner.privateRun(TestRunner.java:766)
	at org.testng.TestRunner.run(TestRunner.java:587)
	at org.testng.SuiteRunner.runTest(SuiteRunner.java:384)
	at org.testng.SuiteRunner.runSequentially(SuiteRunner.java:378)
	at org.testng.SuiteRunner.privateRun(SuiteRunner.java:337)
	at org.testng.SuiteRunner.run(SuiteRunner.java:286)
	at org.testng.SuiteRunnerWorker.runSuite(SuiteRunnerWorker.java:53)
	at org.testng.SuiteRunnerWorker.run(SuiteRunnerWorker.java:96)
	at org.testng.TestNG.runSuitesSequentially(TestNG.java:1187)
	at org.testng.TestNG.runSuitesLocally(TestNG.java:1109)
	at org.testng.TestNG.runSuites(TestNG.java:1039)
	at org.testng.TestNG.run(TestNG.java:1007)
	at org.apache.maven.surefire.testng.TestNGExecutor.run(TestNGExecutor.java:284)
	at org.apache.maven.surefire.testng.TestNGXmlTestSuite.execute(TestNGXmlTestSuite.java:75)
	at org.apache.maven.surefire.testng.TestNGProvider.invoke(TestNGProvider.java:119)
	at org.apache.maven.surefire.booter.ForkedBooter.runSuitesInProcess(ForkedBooter.java:428)
	at org.apache.maven.surefire.booter.ForkedBooter.execute(ForkedBooter.java:162)
	at org.apache.maven.surefire.booter.ForkedBooter.run(ForkedBooter.java:562)
	at org.apache.maven.surefire.booter.ForkedBooter.main(ForkedBooter.java:548)

19:45:17.302 [main] ERROR  - com.CucumberRunner.runScenario --- Test case FAILED
19:45:17.303 [main] ERROR  - java.lang.NullPointerException
	at com.listeners.ReportUtils.makeScreenshot(ReportUtils.java:15)
	at com.listeners.TestResultsListener.onTestFailure(TestResultsListener.java:30)
	at org.testng.internal.TestListenerHelper.runTestListeners(TestListenerHelper.java:66)
	at org.testng.internal.TestInvoker.runTestResultListener(TestInvoker.java:219)
	at org.testng.internal.TestInvoker.invokeMethod(TestInvoker.java:651)
	at org.testng.internal.TestInvoker.invokeTestMethod(TestInvoker.java:173)
	at org.testng.internal.MethodRunner.runInSequence(MethodRunner.java:46)
	at org.testng.internal.TestInvoker$MethodInvocationAgent.invoke(TestInvoker.java:816)
	at org.testng.internal.TestInvoker.invokeTestMethods(TestInvoker.java:146)
	at org.testng.internal.TestMethodWorker.invokeTestMethods(TestMethodWorker.java:146)
	at org.testng.internal.TestMethodWorker.run(TestMethodWorker.java:128)
	at java.base/java.util.ArrayList.forEach(ArrayList.java:1541)
	at org.testng.TestRunner.privateRun(TestRunner.java:766)
	at org.testng.TestRunner.run(TestRunner.java:587)
	at org.testng.SuiteRunner.runTest(SuiteRunner.java:384)
	at org.testng.SuiteRunner.runSequentially(SuiteRunner.java:378)
	at org.testng.SuiteRunner.privateRun(SuiteRunner.java:337)
	at org.testng.SuiteRunner.run(SuiteRunner.java:286)
	at org.testng.SuiteRunnerWorker.runSuite(SuiteRunnerWorker.java:53)
	at org.testng.SuiteRunnerWorker.run(SuiteRunnerWorker.java:96)
	at org.testng.TestNG.runSuitesSequentially(TestNG.java:1187)
	at org.testng.TestNG.runSuitesLocally(TestNG.java:1109)
	at org.testng.TestNG.runSuites(TestNG.java:1039)
	at org.testng.TestNG.run(TestNG.java:1007)
	at org.apache.maven.surefire.testng.TestNGExecutor.run(TestNGExecutor.java:284)
	at org.apache.maven.surefire.testng.TestNGXmlTestSuite.execute(TestNGXmlTestSuite.java:75)
	at org.apache.maven.surefire.testng.TestNGProvider.invoke(TestNGProvider.java:119)
	at org.apache.maven.surefire.booter.ForkedBooter.runSuitesInProcess(ForkedBooter.java:428)
	at org.apache.maven.surefire.booter.ForkedBooter.execute(ForkedBooter.java:162)
	at org.apache.maven.surefire.booter.ForkedBooter.run(ForkedBooter.java:562)
	at org.apache.maven.surefire.booter.ForkedBooter.main(ForkedBooter.java:548)

19:45:17.444 [main] INFO   -  
 --------------- Test Execution ENDED --------------- 

19:55:43.319 [main] INFO   -  
 --------------- Test Execution STARTED --------------- 
 
19:55:46.163 [main] INFO   - com.CucumberRunner.runScenario --- Test case STARTED
19:55:47.875 [main] ERROR  - com.CucumberRunner.runScenario --- Test case FAILED
19:55:47.883 [main] ERROR  - io.cucumber.testng.UndefinedStepException: The step 'anonymous customer is on home page' and 2 other step(s) are undefined.
You can implement these steps using the snippet(s) below:

@Given("anonymous customer is on home page")
public void anonymous_customer_is_on_home_page() {
    // Write code here that turns the phrase above into concrete actions
    throw new io.cucumber.java.PendingException();
}
@When("customer search a product")
public void customer_search_a_product() {
    // Write code here that turns the phrase above into concrete actions
    throw new io.cucumber.java.PendingException();
}
@Then("redirected to a search page")
public void redirected_to_a_search_page() {
    // Write code here that turns the phrase above into concrete actions
    throw new io.cucumber.java.PendingException();
}

	at io.cucumber.core.runtime.TestCaseResultObserver.assertTestCasePassed(TestCaseResultObserver.java:69)
	at io.cucumber.testng.TestCaseResultObserver.assertTestCasePassed(TestCaseResultObserver.java:23)
	at io.cucumber.testng.TestNGCucumberRunner.lambda$runScenario$0(TestNGCucumberRunner.java:118)
	at io.cucumber.core.runtime.CucumberExecutionContext.runTestCase(CucumberExecutionContext.java:117)
	at io.cucumber.testng.TestNGCucumberRunner.runScenario(TestNGCucumberRunner.java:114)
	at io.cucumber.testng.AbstractTestNGCucumberTests.runScenario(AbstractTestNGCucumberTests.java:31)
	at java.base/jdk.internal.reflect.NativeMethodAccessorImpl.invoke0(Native Method)
	at java.base/jdk.internal.reflect.NativeMethodAccessorImpl.invoke(NativeMethodAccessorImpl.java:62)
	at java.base/jdk.internal.reflect.DelegatingMethodAccessorImpl.invoke(DelegatingMethodAccessorImpl.java:43)
	at java.base/java.lang.reflect.Method.invoke(Method.java:566)
	at org.testng.internal.MethodInvocationHelper.invokeMethod(MethodInvocationHelper.java:134)
	at org.testng.internal.TestInvoker.invokeMethod(TestInvoker.java:597)
	at org.testng.internal.TestInvoker.invokeTestMethod(TestInvoker.java:173)
	at org.testng.internal.MethodRunner.runInSequence(MethodRunner.java:46)
	at org.testng.internal.TestInvoker$MethodInvocationAgent.invoke(TestInvoker.java:816)
	at org.testng.internal.TestInvoker.invokeTestMethods(TestInvoker.java:146)
	at org.testng.internal.TestMethodWorker.invokeTestMethods(TestMethodWorker.java:146)
	at org.testng.internal.TestMethodWorker.run(TestMethodWorker.java:128)
	at java.base/java.util.ArrayList.forEach(ArrayList.java:1541)
	at org.testng.TestRunner.privateRun(TestRunner.java:766)
	at org.testng.TestRunner.run(TestRunner.java:587)
	at org.testng.SuiteRunner.runTest(SuiteRunner.java:384)
	at org.testng.SuiteRunner.runSequentially(SuiteRunner.java:378)
	at org.testng.SuiteRunner.privateRun(SuiteRunner.java:337)
	at org.testng.SuiteRunner.run(SuiteRunner.java:286)
	at org.testng.SuiteRunnerWorker.runSuite(SuiteRunnerWorker.java:53)
	at org.testng.SuiteRunnerWorker.run(SuiteRunnerWorker.java:96)
	at org.testng.TestNG.runSuitesSequentially(TestNG.java:1187)
	at org.testng.TestNG.runSuitesLocally(TestNG.java:1109)
	at org.testng.TestNG.runSuites(TestNG.java:1039)
	at org.testng.TestNG.run(TestNG.java:1007)
	at org.apache.maven.surefire.testng.TestNGExecutor.run(TestNGExecutor.java:284)
	at org.apache.maven.surefire.testng.TestNGXmlTestSuite.execute(TestNGXmlTestSuite.java:75)
	at org.apache.maven.surefire.testng.TestNGProvider.invoke(TestNGProvider.java:119)
	at org.apache.maven.surefire.booter.ForkedBooter.runSuitesInProcess(ForkedBooter.java:428)
	at org.apache.maven.surefire.booter.ForkedBooter.execute(ForkedBooter.java:162)
	at org.apache.maven.surefire.booter.ForkedBooter.run(ForkedBooter.java:562)
	at org.apache.maven.surefire.booter.ForkedBooter.main(ForkedBooter.java:548)

19:55:48.402 [main] ERROR  - com.CucumberRunner.runScenario --- Test case FAILED
19:55:48.403 [main] ERROR  - java.lang.NullPointerException
	at com.listeners.ReportUtils.makeScreenshot(ReportUtils.java:15)
	at com.listeners.TestResultsListener.onTestFailure(TestResultsListener.java:30)
	at org.testng.internal.TestListenerHelper.runTestListeners(TestListenerHelper.java:66)
	at org.testng.internal.TestInvoker.runTestResultListener(TestInvoker.java:219)
	at org.testng.internal.TestInvoker.invokeMethod(TestInvoker.java:651)
	at org.testng.internal.TestInvoker.invokeTestMethod(TestInvoker.java:173)
	at org.testng.internal.MethodRunner.runInSequence(MethodRunner.java:46)
	at org.testng.internal.TestInvoker$MethodInvocationAgent.invoke(TestInvoker.java:816)
	at org.testng.internal.TestInvoker.invokeTestMethods(TestInvoker.java:146)
	at org.testng.internal.TestMethodWorker.invokeTestMethods(TestMethodWorker.java:146)
	at org.testng.internal.TestMethodWorker.run(TestMethodWorker.java:128)
	at java.base/java.util.ArrayList.forEach(ArrayList.java:1541)
	at org.testng.TestRunner.privateRun(TestRunner.java:766)
	at org.testng.TestRunner.run(TestRunner.java:587)
	at org.testng.SuiteRunner.runTest(SuiteRunner.java:384)
	at org.testng.SuiteRunner.runSequentially(SuiteRunner.java:378)
	at org.testng.SuiteRunner.privateRun(SuiteRunner.java:337)
	at org.testng.SuiteRunner.run(SuiteRunner.java:286)
	at org.testng.SuiteRunnerWorker.runSuite(SuiteRunnerWorker.java:53)
	at org.testng.SuiteRunnerWorker.run(SuiteRunnerWorker.java:96)
	at org.testng.TestNG.runSuitesSequentially(TestNG.java:1187)
	at org.testng.TestNG.runSuitesLocally(TestNG.java:1109)
	at org.testng.TestNG.runSuites(TestNG.java:1039)
	at org.testng.TestNG.run(TestNG.java:1007)
	at org.apache.maven.surefire.testng.TestNGExecutor.run(TestNGExecutor.java:284)
	at org.apache.maven.surefire.testng.TestNGXmlTestSuite.execute(TestNGXmlTestSuite.java:75)
	at org.apache.maven.surefire.testng.TestNGProvider.invoke(TestNGProvider.java:119)
	at org.apache.maven.surefire.booter.ForkedBooter.runSuitesInProcess(ForkedBooter.java:428)
	at org.apache.maven.surefire.booter.ForkedBooter.execute(ForkedBooter.java:162)
	at org.apache.maven.surefire.booter.ForkedBooter.run(ForkedBooter.java:562)
	at org.apache.maven.surefire.booter.ForkedBooter.main(ForkedBooter.java:548)

19:55:49.050 [main] INFO   -  
 --------------- Test Execution ENDED --------------- 

19:39:19.123 [main] INFO  PropertyManager - Trying to access property file: null
19:39:19.136 [main] ERROR PropertyManager - Property file with path: null cannot be opened
19:39:19.139 [main] ERROR PropertyManager - java.lang.NullPointerException
	at java.base/java.util.Objects.requireNonNull(Objects.java:221)
	at java.base/java.lang.ClassLoader.getResourceAsStream(ClassLoader.java:1736)
	at com.PropertyManager.loadProperties(PropertyManager.java:26)
	at com.PropertyManager.<init>(PropertyManager.java:15)
	at com.PropertyManager.getProperty(PropertyManager.java:20)
	at com.pageobject.steam.HomePage.<clinit>(HomePage.java:18)
	at com.stepdefinitions.SearchSteps.selectProduct(SearchSteps.java:32)
	at java.base/jdk.internal.reflect.NativeMethodAccessorImpl.invoke0(Native Method)
	at java.base/jdk.internal.reflect.NativeMethodAccessorImpl.invoke(NativeMethodAccessorImpl.java:62)
	at java.base/jdk.internal.reflect.DelegatingMethodAccessorImpl.invoke(DelegatingMethodAccessorImpl.java:43)
	at java.base/java.lang.reflect.Method.invoke(Method.java:566)
	at io.cucumber.java.Invoker.doInvoke(Invoker.java:66)
	at io.cucumber.java.Invoker.invoke(Invoker.java:24)
	at io.cucumber.java.AbstractGlueDefinition.invokeMethod(AbstractGlueDefinition.java:47)
	at io.cucumber.java.JavaStepDefinition.execute(JavaStepDefinition.java:29)
	at io.cucumber.core.runner.CoreStepDefinition.execute(CoreStepDefinition.java:66)
	at io.cucumber.core.runner.PickleStepDefinitionMatch.runStep(PickleStepDefinitionMatch.java:63)
	at io.cucumber.core.runner.ExecutionMode$1.execute(ExecutionMode.java:10)
	at io.cucumber.core.runner.TestStep.executeStep(TestStep.java:92)
	at io.cucumber.core.runner.TestStep.run(TestStep.java:64)
	at io.cucumber.core.runner.PickleStepTestStep.run(PickleStepTestStep.java:51)
	at io.cucumber.core.runner.TestCase.run(TestCase.java:104)
	at io.cucumber.core.runner.Runner.runPickle(Runner.java:73)
	at io.cucumber.core.runtime.Runtime.lambda$execute$5(Runtime.java:110)
	at io.cucumber.core.runtime.CucumberExecutionContext.runTestCase(CucumberExecutionContext.java:117)
	at io.cucumber.core.runtime.Runtime.lambda$execute$6(Runtime.java:110)
	at java.base/java.util.concurrent.Executors$RunnableAdapter.call(Executors.java:515)
	at java.base/java.util.concurrent.FutureTask.run(FutureTask.java:264)
	at io.cucumber.core.runtime.Runtime$SameThreadExecutorService.execute(Runtime.java:233)
	at java.base/java.util.concurrent.AbstractExecutorService.submit(AbstractExecutorService.java:118)
	at io.cucumber.core.runtime.Runtime.lambda$run$2(Runtime.java:86)
	at java.base/java.util.stream.ReferencePipeline$3$1.accept(ReferencePipeline.java:195)
	at java.base/java.util.stream.SliceOps$1$1.accept(SliceOps.java:199)
	at java.base/java.util.ArrayList$ArrayListSpliterator.tryAdvance(ArrayList.java:1632)
	at java.base/java.util.stream.ReferencePipeline.forEachWithCancel(ReferencePipeline.java:127)
	at java.base/java.util.stream.AbstractPipeline.copyIntoWithCancel(AbstractPipeline.java:502)
	at java.base/java.util.stream.AbstractPipeline.copyInto(AbstractPipeline.java:488)
	at java.base/java.util.stream.AbstractPipeline.wrapAndCopyInto(AbstractPipeline.java:474)
	at java.base/java.util.stream.ReduceOps$ReduceOp.evaluateSequential(ReduceOps.java:913)
	at java.base/java.util.stream.AbstractPipeline.evaluate(AbstractPipeline.java:234)
	at java.base/java.util.stream.ReferencePipeline.collect(ReferencePipeline.java:578)
	at io.cucumber.core.runtime.Runtime.run(Runtime.java:87)
	at io.cucumber.core.cli.Main.run(Main.java:92)
	at io.cucumber.core.cli.Main.main(Main.java:34)

19:39:19.250 [main] INFO  HomePage - Performing search for product with title: NIKE
19:39:19.506 [main] INFO  HomePage - Entering text: "NIKE" into field with XPath: [[ChromeDriver: chrome on WINDOWS (98b243d4a7ba92c12a4ec1842a18faee)] -> xpath: //input[@id='twotabsearchtextbox']]
19:39:20.567 [main] INFO  HomePage - Pressing key: ENTER
19:53:09.605 [main] INFO  PropertyManager - Trying to access property file: null
19:53:09.613 [main] ERROR PropertyManager - Property file with path: null cannot be opened
19:53:09.615 [main] ERROR PropertyManager - java.lang.NullPointerException
	at java.base/java.util.Objects.requireNonNull(Objects.java:221)
	at java.base/java.lang.ClassLoader.getResourceAsStream(ClassLoader.java:1736)
	at com.PropertyManager.loadProperties(PropertyManager.java:26)
	at com.PropertyManager.<init>(PropertyManager.java:15)
	at com.PropertyManager.getProperty(PropertyManager.java:20)
	at com.stepdefinitions.SearchSteps.openWebPage(SearchSteps.java:30)
	at java.base/jdk.internal.reflect.NativeMethodAccessorImpl.invoke0(Native Method)
	at java.base/jdk.internal.reflect.NativeMethodAccessorImpl.invoke(NativeMethodAccessorImpl.java:62)
	at java.base/jdk.internal.reflect.DelegatingMethodAccessorImpl.invoke(DelegatingMethodAccessorImpl.java:43)
	at java.base/java.lang.reflect.Method.invoke(Method.java:566)
	at io.cucumber.java.Invoker.doInvoke(Invoker.java:66)
	at io.cucumber.java.Invoker.invoke(Invoker.java:24)
	at io.cucumber.java.AbstractGlueDefinition.invokeMethod(AbstractGlueDefinition.java:47)
	at io.cucumber.java.JavaStepDefinition.execute(JavaStepDefinition.java:29)
	at io.cucumber.core.runner.CoreStepDefinition.execute(CoreStepDefinition.java:66)
	at io.cucumber.core.runner.PickleStepDefinitionMatch.runStep(PickleStepDefinitionMatch.java:63)
	at io.cucumber.core.runner.ExecutionMode$1.execute(ExecutionMode.java:10)
	at io.cucumber.core.runner.TestStep.executeStep(TestStep.java:92)
	at io.cucumber.core.runner.TestStep.run(TestStep.java:64)
	at io.cucumber.core.runner.PickleStepTestStep.run(PickleStepTestStep.java:51)
	at io.cucumber.core.runner.TestCase.run(TestCase.java:104)
	at io.cucumber.core.runner.Runner.runPickle(Runner.java:73)
	at io.cucumber.core.runtime.Runtime.lambda$execute$5(Runtime.java:110)
	at io.cucumber.core.runtime.CucumberExecutionContext.runTestCase(CucumberExecutionContext.java:117)
	at io.cucumber.core.runtime.Runtime.lambda$execute$6(Runtime.java:110)
	at java.base/java.util.concurrent.Executors$RunnableAdapter.call(Executors.java:515)
	at java.base/java.util.concurrent.FutureTask.run(FutureTask.java:264)
	at io.cucumber.core.runtime.Runtime$SameThreadExecutorService.execute(Runtime.java:233)
	at java.base/java.util.concurrent.AbstractExecutorService.submit(AbstractExecutorService.java:118)
	at io.cucumber.core.runtime.Runtime.lambda$run$2(Runtime.java:86)
	at java.base/java.util.stream.ReferencePipeline$3$1.accept(ReferencePipeline.java:195)
	at java.base/java.util.stream.SliceOps$1$1.accept(SliceOps.java:199)
	at java.base/java.util.ArrayList$ArrayListSpliterator.tryAdvance(ArrayList.java:1632)
	at java.base/java.util.stream.ReferencePipeline.forEachWithCancel(ReferencePipeline.java:127)
	at java.base/java.util.stream.AbstractPipeline.copyIntoWithCancel(AbstractPipeline.java:502)
	at java.base/java.util.stream.AbstractPipeline.copyInto(AbstractPipeline.java:488)
	at java.base/java.util.stream.AbstractPipeline.wrapAndCopyInto(AbstractPipeline.java:474)
	at java.base/java.util.stream.ReduceOps$ReduceOp.evaluateSequential(ReduceOps.java:913)
	at java.base/java.util.stream.AbstractPipeline.evaluate(AbstractPipeline.java:234)
	at java.base/java.util.stream.ReferencePipeline.collect(ReferencePipeline.java:578)
	at io.cucumber.core.runtime.Runtime.run(Runtime.java:87)
	at io.cucumber.core.cli.Main.run(Main.java:92)
	at io.cucumber.core.cli.Main.main(Main.java:34)

15:09:53.014 [main] INFO  PropertyManager - Trying to access property file: null
15:09:53.023 [main] ERROR PropertyManager - Property file with path: null cannot be opened
15:09:53.025 [main] ERROR PropertyManager - java.lang.NullPointerException
	at java.base/java.util.Objects.requireNonNull(Objects.java:221)
	at java.base/java.lang.ClassLoader.getResourceAsStream(ClassLoader.java:1736)
	at com.PropertyManager.loadProperties(PropertyManager.java:26)
	at com.PropertyManager.<init>(PropertyManager.java:15)
	at com.PropertyManager.getProperty(PropertyManager.java:20)
	at com.pageobject.steam.HomePage.<clinit>(HomePage.java:18)
	at com.stepdefinitions.BasicSteps.<init>(BasicSteps.java:11)
	at java.base/jdk.internal.reflect.NativeConstructorAccessorImpl.newInstance0(Native Method)
	at java.base/jdk.internal.reflect.NativeConstructorAccessorImpl.newInstance(NativeConstructorAccessorImpl.java:62)
	at java.base/jdk.internal.reflect.DelegatingConstructorAccessorImpl.newInstance(DelegatingConstructorAccessorImpl.java:45)
	at java.base/java.lang.reflect.Constructor.newInstance(Constructor.java:490)
	at io.cucumber.core.runtime.ObjectFactoryServiceLoader$DefaultJavaObjectFactory.cacheNewInstance(ObjectFactoryServiceLoader.java:141)
	at io.cucumber.core.runtime.ObjectFactoryServiceLoader$DefaultJavaObjectFactory.getInstance(ObjectFactoryServiceLoader.java:133)
	at io.cucumber.java.AbstractGlueDefinition.invokeMethod(AbstractGlueDefinition.java:47)
	at io.cucumber.java.JavaStepDefinition.execute(JavaStepDefinition.java:29)
	at io.cucumber.core.runner.CoreStepDefinition.execute(CoreStepDefinition.java:66)
	at io.cucumber.core.runner.PickleStepDefinitionMatch.runStep(PickleStepDefinitionMatch.java:63)
	at io.cucumber.core.runner.ExecutionMode$1.execute(ExecutionMode.java:10)
	at io.cucumber.core.runner.TestStep.executeStep(TestStep.java:92)
	at io.cucumber.core.runner.TestStep.run(TestStep.java:64)
	at io.cucumber.core.runner.PickleStepTestStep.run(PickleStepTestStep.java:51)
	at io.cucumber.core.runner.TestCase.run(TestCase.java:104)
	at io.cucumber.core.runner.Runner.runPickle(Runner.java:73)
	at io.cucumber.core.runtime.Runtime.lambda$execute$5(Runtime.java:110)
	at io.cucumber.core.runtime.CucumberExecutionContext.runTestCase(CucumberExecutionContext.java:117)
	at io.cucumber.core.runtime.Runtime.lambda$execute$6(Runtime.java:110)
	at java.base/java.util.concurrent.Executors$RunnableAdapter.call(Executors.java:515)
	at java.base/java.util.concurrent.FutureTask.run(FutureTask.java:264)
	at io.cucumber.core.runtime.Runtime$SameThreadExecutorService.execute(Runtime.java:233)
	at java.base/java.util.concurrent.AbstractExecutorService.submit(AbstractExecutorService.java:118)
	at io.cucumber.core.runtime.Runtime.lambda$run$2(Runtime.java:86)
	at java.base/java.util.stream.ReferencePipeline$3$1.accept(ReferencePipeline.java:195)
	at java.base/java.util.stream.SliceOps$1$1.accept(SliceOps.java:199)
	at java.base/java.util.ArrayList$ArrayListSpliterator.tryAdvance(ArrayList.java:1632)
	at java.base/java.util.stream.ReferencePipeline.forEachWithCancel(ReferencePipeline.java:127)
	at java.base/java.util.stream.AbstractPipeline.copyIntoWithCancel(AbstractPipeline.java:502)
	at java.base/java.util.stream.AbstractPipeline.copyInto(AbstractPipeline.java:488)
	at java.base/java.util.stream.AbstractPipeline.wrapAndCopyInto(AbstractPipeline.java:474)
	at java.base/java.util.stream.ReduceOps$ReduceOp.evaluateSequential(ReduceOps.java:913)
	at java.base/java.util.stream.AbstractPipeline.evaluate(AbstractPipeline.java:234)
	at java.base/java.util.stream.ReferencePipeline.collect(ReferencePipeline.java:578)
	at io.cucumber.core.runtime.Runtime.run(Runtime.java:87)
	at io.cucumber.core.cli.Main.run(Main.java:92)
	at io.cucumber.core.cli.Main.main(Main.java:34)

15:09:53.077 [main] INFO  HomePage - Trying to open application home page
15:09:53.078 [main] INFO  HomePage - Navigating to website with url:   null
15:30:00.574 [main] INFO  PropertyManager - Trying to access property file: testdata/default.properties
15:30:00.638 [main] INFO  HomePage - Trying to open application home page
15:30:00.651 [main] INFO  HomePage - Navigating to website with url:   https://www.etsy.com/
15:30:05.727 [main] INFO  HomePage - Verifying if page title is equal to: Etsy - Shop for handmade, vintage, custom, and unique gifts for everyone
15:30:05.912 [main] INFO  HomePage - Page title is correct: "Etsy - Shop for handmade, vintage, custom, and unique gifts for everyone"
15:30:08.014 [main] INFO  HomePage - User is trying to sign in
15:30:08.222 [main] INFO  HomePage - Clicking on element: Proxy element for: DefaultElementLocator 'By.xpath: //button[contains(@class, 'select-signin')]'
15:35:34.719 [main] INFO  PropertyManager - Trying to access property file: testdata/default.properties
15:35:34.762 [main] INFO  HomePage - Trying to open application home page
15:35:34.763 [main] INFO  HomePage - Navigating to website with url:   https://www.etsy.com/
15:35:39.958 [main] INFO  HomePage - Verifying if page title is equal to: Etsy - Shop for handmade, vintage, custom, and unique gifts for everyone
15:35:40.002 [main] INFO  HomePage - Page title is correct: "Etsy - Shop for handmade, vintage, custom, and unique gifts for everyone"
15:35:41.695 [main] INFO  HomePage - User is trying to sign in
15:35:41.751 [main] INFO  HomePage - Clicking on element: Proxy element for: DefaultElementLocator 'By.xpath: //button[contains(@class, 'select-signin')]'
15:45:14.919 [main] INFO  PropertyManager - Trying to access property file: testdata/default.properties
15:45:14.973 [main] INFO  HomePage - Trying to open application home page
15:45:14.973 [main] INFO  HomePage - Navigating to website with url:   https://www.etsy.com/
15:45:17.091 [main] INFO  HomePage - Verifying if page title is equal to: Etsy - Shop for handmade, vintage, custom, and unique gifts for everyone
15:45:17.110 [main] INFO  HomePage - Page title is correct: "Etsy - Shop for handmade, vintage, custom, and unique gifts for everyone"
15:45:17.172 [main] INFO  HomePage - Clicking on element: [[ChromeDriver: chrome on WINDOWS (b9a0c4b2f45ff87e5265a042060a46c8)] -> xpath:  //button[contains(text(),'Accept')]]
15:45:19.697 [main] INFO  HomePage - User is trying to sign in
15:45:19.756 [main] INFO  HomePage - Clicking on element: Proxy element for: DefaultElementLocator 'By.xpath: //button[contains(@class, 'select-signin')]'
15:48:44.204 [main] INFO  PropertyManager - Trying to access property file: testdata/default.properties
15:48:44.258 [main] INFO  HomePage - Trying to open application home page
15:48:44.260 [main] INFO  HomePage - Navigating to website with url:   https://www.etsy.com/
15:48:46.221 [main] INFO  HomePage - Verifying if page title is equal to: Etsy - Shop for handmade, vintage, custom, and unique gifts for everyone
15:48:46.233 [main] INFO  HomePage - Page title is correct: "Etsy - Shop for handmade, vintage, custom, and unique gifts for everyone"
15:48:46.234 [main] INFO  HomePage - Accepting cookies
15:48:46.282 [main] INFO  HomePage - Clicking on element: [[ChromeDriver: chrome on WINDOWS (a075bbc55488a7f1a131dfad7dd46092)] -> xpath:  //button[contains(text(),'Accept')]]
15:48:48.598 [main] INFO  HomePage - User is trying to sign in
15:48:48.667 [main] INFO  HomePage - Clicking on element: Proxy element for: DefaultElementLocator 'By.xpath: //button[contains(@class, 'select-signin')]'
15:49:32.745 [main] INFO  PropertyManager - Trying to access property file: testdata/default.properties
15:49:32.793 [main] INFO  HomePage - Trying to open application home page
15:49:32.794 [main] INFO  HomePage - Navigating to website with url:   https://www.etsy.com/
15:49:34.507 [main] INFO  HomePage - Verifying if page title is equal to: Etsy - Shop for handmade, vintage, custom, and unique gifts for everyone
15:49:34.567 [main] INFO  HomePage - Page title is correct: "Etsy - Shop for handmade, vintage, custom, and unique gifts for everyone"
15:49:34.567 [main] INFO  HomePage - Accepting cookies
15:49:34.593 [main] INFO  HomePage - Clicking on element: [[ChromeDriver: chrome on WINDOWS (3e7ca1b2a7704ef963b3db4b7cd326d8)] -> xpath:  //button[contains(text(),'Accept')]]
15:49:36.662 [main] INFO  HomePage - User is trying to sign in
15:49:36.718 [main] INFO  HomePage - Clicking on element: Proxy element for: DefaultElementLocator 'By.xpath: //button[contains(@class, 'select-signin')]'
15:54:10.385 [main] INFO  PropertyManager - Trying to access property file: testdata/default.properties
15:54:10.433 [main] INFO  HomePage - Trying to open application home page
15:54:10.434 [main] INFO  HomePage - Navigating to website with url:   https://www.etsy.com/
15:54:12.683 [main] INFO  HomePage - Verifying if page title is equal to: Etsy - Shop for handmade, vintage, custom, and unique gifts for everyone
15:54:12.697 [main] INFO  HomePage - Page title is correct: "Etsy - Shop for handmade, vintage, custom, and unique gifts for everyone"
15:54:12.697 [main] INFO  HomePage - Accepting cookies
15:54:12.726 [main] INFO  HomePage - Clicking on element: [[ChromeDriver: chrome on WINDOWS (f235e5520ebfd982e64ed2db950b257a)] -> xpath: //button[contains(text(),'Accept')]]
15:54:15.301 [main] INFO  HomePage - User is trying to sign in
15:54:15.347 [main] INFO  HomePage - Clicking on element: Proxy element for: DefaultElementLocator 'By.xpath: //button[contains(@class, 'select-signin')]'
15:55:07.821 [main] INFO  PropertyManager - Trying to access property file: testdata/default.properties
15:55:07.873 [main] INFO  HomePage - Trying to open application home page
15:55:07.874 [main] INFO  HomePage - Navigating to website with url:   https://www.etsy.com/
15:55:09.947 [main] INFO  HomePage - Verifying if page title is equal to: Etsy - Shop for handmade, vintage, custom, and unique gifts for everyone
15:55:09.965 [main] INFO  HomePage - Page title is correct: "Etsy - Shop for handmade, vintage, custom, and unique gifts for everyone"
15:55:09.965 [main] INFO  HomePage - Accepting cookies
15:55:09.997 [main] INFO  HomePage - Clicking on element: [[ChromeDriver: chrome on WINDOWS (4abbc2216a5d98fdca5176a7ca148f49)] -> xpath: //button[contains(text(),'Accept')]]
15:55:12.124 [main] INFO  HomePage - User is trying to sign in
15:55:12.242 [main] INFO  HomePage - Clicking on element: Proxy element for: DefaultElementLocator 'By.xpath: //button[contains(@class, 'select-signin')]'
15:57:33.122 [main] INFO  PropertyManager - Trying to access property file: testdata/default.properties
15:57:33.180 [main] INFO  HomePage - Trying to open application home page
15:57:33.181 [main] INFO  HomePage - Navigating to website with url:   https://www.etsy.com/
15:57:35.237 [main] INFO  HomePage - Verifying if page title is equal to: Etsy - Shop for handmade, vintage, custom, and unique gifts for everyone
15:57:35.252 [main] INFO  HomePage - Page title is correct: "Etsy - Shop for handmade, vintage, custom, and unique gifts for everyone"
15:57:35.252 [main] INFO  HomePage - Accepting cookies
15:57:35.293 [main] INFO  HomePage - Clicking on element: [[ChromeDriver: chrome on WINDOWS (86ef31d1dca22bee22053cd31ef21b59)] -> xpath: //button[contains(text(),'Accept')]]
15:57:37.359 [main] INFO  HomePage - User is trying to sign in
15:57:37.611 [main] INFO  HomePage - Clicking on element: Proxy element for: DefaultElementLocator 'By.xpath: //button[contains(@class, 'select-signin')]'
15:59:39.904 [main] INFO  PropertyManager - Trying to access property file: testdata/default.properties
15:59:40.007 [main] INFO  HomePage - Trying to open application home page
15:59:40.009 [main] INFO  HomePage - Navigating to website with url:   https://www.etsy.com/
15:59:42.788 [main] INFO  HomePage - Verifying if page title is equal to: Etsy - Shop for handmade, vintage, custom, and unique gifts for everyone
15:59:42.984 [main] INFO  HomePage - Page title is correct: "Etsy - Shop for handmade, vintage, custom, and unique gifts for everyone"
15:59:42.985 [main] INFO  HomePage - Accepting cookies
15:59:43.053 [main] INFO  HomePage - Clicking on element: [[ChromeDriver: chrome on WINDOWS (53dd9c55e7a66fa54fe8ec830f64c3a0)] -> xpath: //button[contains(text(),'Accept')]]
15:59:46.180 [main] INFO  HomePage - Performing search for product with title: SEARCH_PRODUCT_TITLE
15:59:46.511 [main] INFO  HomePage - Entering text: "SEARCH_PRODUCT_TITLE" into field with XPath: Proxy element for: DefaultElementLocator 'By.xpath: //input[@data-id='search-query']'
16:01:03.926 [main] INFO  PropertyManager - Trying to access property file: testdata/default.properties
16:01:03.985 [main] INFO  HomePage - Trying to open application home page
16:01:03.986 [main] INFO  HomePage - Navigating to website with url:   https://www.etsy.com/
16:01:06.609 [main] INFO  HomePage - Verifying if page title is equal to: Etsy - Shop for handmade, vintage, custom, and unique gifts for everyone
16:01:06.629 [main] INFO  HomePage - Page title is correct: "Etsy - Shop for handmade, vintage, custom, and unique gifts for everyone"
16:01:06.629 [main] INFO  HomePage - Accepting cookies
16:01:06.701 [main] INFO  HomePage - Clicking on element: [[ChromeDriver: chrome on WINDOWS (cc4af3ab210521b86e66f527728e40b8)] -> xpath: //button[contains(text(),'Accept')]]
16:01:07.043 [main] INFO  HomePage - Performing search for product with title: SEARCH_PRODUCT_TITLE
16:01:07.135 [main] INFO  HomePage - Entering text: "SEARCH_PRODUCT_TITLE" into field with XPath: [[ChromeDriver: chrome on WINDOWS (cc4af3ab210521b86e66f527728e40b8)] -> xpath: //input[@data-id='search-query']]
16:01:07.766 [main] INFO  HomePage - Pressing key: ENTER
16:01:25.855 [main] INFO  PropertyManager - Trying to access property file: testdata/default.properties
16:01:25.917 [main] INFO  HomePage - Trying to open application home page
16:01:25.918 [main] INFO  HomePage - Navigating to website with url:   https://www.etsy.com/
16:01:28.151 [main] INFO  HomePage - Verifying if page title is equal to: Etsy - Shop for handmade, vintage, custom, and unique gifts for everyone
16:01:28.167 [main] INFO  HomePage - Page title is correct: "Etsy - Shop for handmade, vintage, custom, and unique gifts for everyone"
16:01:28.168 [main] INFO  HomePage - Accepting cookies
16:01:28.214 [main] INFO  HomePage - Clicking on element: [[ChromeDriver: chrome on WINDOWS (3b818a8df3f78f1d586b3c69dfb255b7)] -> xpath: //button[contains(text(),'Accept')]]
16:01:30.289 [main] INFO  HomePage - User is trying to sign in
16:01:30.339 [main] INFO  HomePage - Clicking on element: Proxy element for: DefaultElementLocator 'By.xpath: //button[contains(@class, 'select-signin')]'
16:04:06.739 [main] INFO  PropertyManager - Trying to access property file: testdata/default.properties
16:04:06.777 [main] INFO  HomePage - Trying to open application home page
16:04:06.778 [main] INFO  HomePage - Navigating to website with url:   https://www.etsy.com/
16:04:08.600 [main] INFO  HomePage - Verifying if page title is equal to: Etsy - Shop for handmade, vintage, custom, and unique gifts for everyone
16:04:08.615 [main] INFO  HomePage - Page title is correct: "Etsy - Shop for handmade, vintage, custom, and unique gifts for everyone"
16:04:08.616 [main] INFO  HomePage - Accepting cookies
16:04:08.663 [main] INFO  HomePage - Clicking on element: [[ChromeDriver: chrome on WINDOWS (af37230340b3c594a6a94593c1c0c1a9)] -> xpath: //button[contains(text(),'Accept')]]
16:04:10.680 [main] INFO  HomePage - Performing search for product with title: SEARCH_PRODUCT_TITLE
16:04:10.817 [main] INFO  HomePage - Entering text: "SEARCH_PRODUCT_TITLE" into field with XPath: Proxy element for: DefaultElementLocator 'By.xpath: //input[@data-id='search-query']'
16:09:06.573 [main] INFO  PropertyManager - Trying to access property file: testdata/default.properties
16:09:06.621 [main] INFO  HomePage - Trying to open application home page
16:09:06.622 [main] INFO  HomePage - Navigating to website with url:   https://www.etsy.com/
16:09:08.835 [main] INFO  HomePage - Verifying if page title is equal to: Etsy - Shop for handmade, vintage, custom, and unique gifts for everyone
16:09:08.850 [main] INFO  HomePage - Page title is correct: "Etsy - Shop for handmade, vintage, custom, and unique gifts for everyone"
16:09:08.851 [main] INFO  HomePage - Accepting cookies
16:09:08.886 [main] INFO  HomePage - Clicking on element: [[ChromeDriver: chrome on WINDOWS (69c077207babdd01a2229a24b51d2033)] -> xpath: //button[contains(text(),'Accept')]]
16:09:09.316 [main] INFO  HomePage - User is trying to sign in
16:09:09.373 [main] INFO  HomePage - Clicking on element: [[ChromeDriver: chrome on WINDOWS (69c077207babdd01a2229a24b51d2033)] -> xpath: //button[contains(@class, 'select-signin')]]
16:09:19.682 [main] INFO  HomePage - Entering text: "seleniumtest2021@mail.ru" into field with XPath: Proxy element for: DefaultElementLocator 'By.xpath: //input[@name='email']'
18:42:00.179 [main] INFO  PropertyManager - Trying to access property file: testdata/default.properties
18:42:00.227 [main] INFO  HomePage - Trying to open application home page
18:42:00.228 [main] INFO  HomePage - Navigating to website with url:   https://www.etsy.com/
18:42:02.440 [main] INFO  HomePage - Verifying if page title is equal to: Etsy - Shop for handmade, vintage, custom, and unique gifts for everyone
18:42:02.460 [main] INFO  HomePage - Page title is correct: "Etsy - Shop for handmade, vintage, custom, and unique gifts for everyone"
18:42:02.461 [main] INFO  HomePage - Accepting cookies
18:42:02.496 [main] INFO  HomePage - Clicking on element: [[ChromeDriver: chrome on WINDOWS (556df5c5d394006fe14b6db9351681cf)] -> xpath: //button[contains(text(),'Accept')]]
18:42:02.923 [main] INFO  HomePage - User is trying to sign in
18:42:22.975 [main] INFO  HomePage - Clicking on element: [[ChromeDriver: chrome on WINDOWS (556df5c5d394006fe14b6db9351681cf)] -> xpath: //button[contains(@class, 'select-signin')]]
18:42:23.217 [main] INFO  HomePage - Entering text: "seleniumtest2021@mail.ru" into field with XPath: Proxy element for: DefaultElementLocator 'By.xpath: //input[@name='email']'
20:36:23.883 [main] INFO  PropertyManager - Trying to access property file: testdata/default.properties
20:36:24.103 [main] INFO  HomePage - Trying to open application home page
20:36:24.104 [main] INFO  HomePage - Navigating to website with url:   https://www.etsy.com/
20:36:27.183 [main] INFO  HomePage - Verifying if page title is equal to: Etsy - Shop for handmade, vintage, custom, and unique gifts for everyone
20:36:27.405 [main] INFO  HomePage - Page title is correct: "Etsy - Shop for handmade, vintage, custom, and unique gifts for everyone"
20:36:27.405 [main] INFO  HomePage - Accepting cookies
20:36:27.488 [main] INFO  HomePage - Clicking on element: [[ChromeDriver: chrome on WINDOWS (76f0efa14f68487eebb89a05b5e55183)] -> xpath: //button[contains(text(),'Accept')]]
20:36:27.910 [main] INFO  HomePage - User is trying to sign in
20:36:47.959 [main] INFO  HomePage - Clicking on element: [[ChromeDriver: chrome on WINDOWS (76f0efa14f68487eebb89a05b5e55183)] -> xpath: //button[contains(@class, 'select-signin')]]
20:36:48.347 [main] INFO  HomePage - Entering text: "seleniumtest2021@mail.ru" into field with XPath: Proxy element for: DefaultElementLocator 'By.xpath: //input[@name='email']'
21:05:03.385 [main] INFO  PropertyManager - Trying to access property file: testdata/default.properties
21:05:03.641 [main] INFO  HomePage - Trying to open application home page
21:05:03.643 [main] INFO  HomePage - Navigating to website with url:   https://www.etsy.com/
21:05:06.404 [main] INFO  HomePage - Verifying if page title is equal to: Etsy - Shop for handmade, vintage, custom, and unique gifts for everyone
21:05:06.424 [main] INFO  HomePage - Page title is correct: "Etsy - Shop for handmade, vintage, custom, and unique gifts for everyone"
21:05:06.424 [main] INFO  HomePage - Accepting cookies
21:05:06.478 [main] INFO  HomePage - Clicking on element: [[ChromeDriver: chrome on WINDOWS (c443ce6cc54ecb1a338ea97047e83f63)] -> xpath: //button[contains(text(),'Accept')]]
21:05:07.048 [main] INFO  HomePage - User is trying to sign in
21:05:07.121 [main] INFO  HomePage - Clicking on element: [[ChromeDriver: chrome on WINDOWS (c443ce6cc54ecb1a338ea97047e83f63)] -> xpath: //button[contains(@class, 'select-signin')]]
21:05:08.810 [main] INFO  HomePage - Entering text: "seleniumtest2021@mail.ru" into field with XPath: [[ChromeDriver: chrome on WINDOWS (c443ce6cc54ecb1a338ea97047e83f63)] -> xpath: //input[@name='email']]
21:05:09.530 [main] INFO  HomePage - Entering text: "test123" into field with XPath: [[ChromeDriver: chrome on WINDOWS (c443ce6cc54ecb1a338ea97047e83f63)] -> xpath: //input[@name='password']]
21:05:09.963 [main] INFO  HomePage - Pressing key: ENTER
21:05:10.050 [main] INFO  SearchSteps - Checking if home page contains messagewelcome.message
21:08:09.048 [main] INFO  PropertyManager - Trying to access property file: testdata/default.properties
21:08:09.415 [main] INFO  HomePage - Trying to open application home page
21:08:09.416 [main] INFO  HomePage - Navigating to website with url:   https://www.etsy.com/
21:08:11.831 [main] INFO  HomePage - Verifying if page title is equal to: Etsy - Shop for handmade, vintage, custom, and unique gifts for everyone
21:08:11.845 [main] INFO  HomePage - Page title is correct: "Etsy - Shop for handmade, vintage, custom, and unique gifts for everyone"
21:08:11.845 [main] INFO  HomePage - Accepting cookies
21:08:11.936 [main] INFO  HomePage - Clicking on element: [[ChromeDriver: chrome on WINDOWS (64ed20f2527242d70318e527a2aba154)] -> xpath: //button[contains(text(),'Accept')]]
21:08:12.338 [main] INFO  HomePage - User is trying to sign in
21:08:12.418 [main] INFO  HomePage - Clicking on element: [[ChromeDriver: chrome on WINDOWS (64ed20f2527242d70318e527a2aba154)] -> xpath: //button[contains(@class, 'select-signin')]]
21:08:14.153 [main] INFO  HomePage - Entering text: "seleniumtest2021@mail.ru" into field with XPath: [[ChromeDriver: chrome on WINDOWS (64ed20f2527242d70318e527a2aba154)] -> xpath: //input[@name='email']]
21:08:14.894 [main] INFO  HomePage - Entering text: "test123" into field with XPath: [[ChromeDriver: chrome on WINDOWS (64ed20f2527242d70318e527a2aba154)] -> xpath: //input[@name='password']]
21:08:15.247 [main] INFO  HomePage - Pressing key: ENTER
21:08:15.323 [main] INFO  SearchSteps - Checking if home page contains messagewelcome.message
21:12:05.543 [main] INFO  PropertyManager - Trying to access property file: testdata/default.properties
21:12:05.766 [main] INFO  HomePage - Trying to open application home page
21:12:05.767 [main] INFO  HomePage - Navigating to website with url:   https://www.etsy.com/
21:12:08.518 [main] INFO  HomePage - Verifying if page title is equal to: Etsy - Shop for handmade, vintage, custom, and unique gifts for everyone
21:12:08.532 [main] INFO  HomePage - Page title is correct: "Etsy - Shop for handmade, vintage, custom, and unique gifts for everyone"
21:12:08.532 [main] INFO  HomePage - Accepting cookies
21:12:08.585 [main] INFO  HomePage - Clicking on element: [[ChromeDriver: chrome on WINDOWS (1c86b399f8ba0bea1324e803ecfbc2ec)] -> xpath: //button[contains(text(),'Accept')]]
21:12:09.040 [main] INFO  HomePage - User is trying to sign in
21:12:09.090 [main] INFO  HomePage - Clicking on element: [[ChromeDriver: chrome on WINDOWS (1c86b399f8ba0bea1324e803ecfbc2ec)] -> xpath: //button[contains(@class, 'select-signin')]]
21:12:10.659 [main] INFO  HomePage - Entering text: "seleniumtest2021@mail.ru" into field with XPath: [[ChromeDriver: chrome on WINDOWS (1c86b399f8ba0bea1324e803ecfbc2ec)] -> xpath: //input[@name='email']]
21:12:11.281 [main] INFO  HomePage - Entering text: "test123" into field with XPath: [[ChromeDriver: chrome on WINDOWS (1c86b399f8ba0bea1324e803ecfbc2ec)] -> xpath: //input[@name='password']]
21:12:11.588 [main] INFO  HomePage - Pressing key: ENTER
21:12:11.658 [main] INFO  SearchSteps - Checking if home page contains message Welcome to Etsy, Valeriia!
21:14:28.041 [main] INFO  PropertyManager - Trying to access property file: testdata/default.properties
21:14:28.234 [main] INFO  HomePage - Trying to open application home page
21:14:28.235 [main] INFO  HomePage - Navigating to website with url:   https://www.etsy.com/
21:14:30.636 [main] INFO  HomePage - Verifying if page title is equal to: Etsy - Shop for handmade, vintage, custom, and unique gifts for everyone
21:14:30.653 [main] INFO  HomePage - Page title is correct: "Etsy - Shop for handmade, vintage, custom, and unique gifts for everyone"
21:14:30.653 [main] INFO  HomePage - Accepting cookies
21:14:30.694 [main] INFO  HomePage - Clicking on element: [[ChromeDriver: chrome on WINDOWS (4275206de99bc4f24de3b103df3cd413)] -> xpath: //button[contains(text(),'Accept')]]
21:14:31.165 [main] INFO  HomePage - User is trying to sign in
21:14:31.245 [main] INFO  HomePage - Clicking on element: [[ChromeDriver: chrome on WINDOWS (4275206de99bc4f24de3b103df3cd413)] -> xpath: //button[contains(@class, 'select-signin')]]
21:14:32.800 [main] INFO  HomePage - Entering text: "seleniumtest2021@mail.ru" into field with XPath: [[ChromeDriver: chrome on WINDOWS (4275206de99bc4f24de3b103df3cd413)] -> xpath: //input[@name='email']]
21:14:33.322 [main] INFO  HomePage - Entering text: "test123" into field with XPath: [[ChromeDriver: chrome on WINDOWS (4275206de99bc4f24de3b103df3cd413)] -> xpath: //input[@name='password']]
21:14:33.594 [main] INFO  HomePage - Pressing key: ENTER
21:14:33.666 [main] INFO  SearchSteps - Checking if home page contains message Welcome to Etsy, Valeriia!
21:15:56.204 [main] INFO  PropertyManager - Trying to access property file: testdata/default.properties
21:15:56.401 [main] INFO  HomePage - Trying to open application home page
21:15:56.402 [main] INFO  HomePage - Navigating to website with url:   https://www.etsy.com/
21:16:01.398 [main] INFO  HomePage - Verifying if page title is equal to: Etsy - Shop for handmade, vintage, custom, and unique gifts for everyone
21:16:01.454 [main] INFO  HomePage - Page title is correct: "Etsy - Shop for handmade, vintage, custom, and unique gifts for everyone"
21:16:01.454 [main] INFO  HomePage - Accepting cookies
21:16:01.872 [main] INFO  HomePage - Clicking on element: [[ChromeDriver: chrome on WINDOWS (2c4518166626f6e86d367660ef689d74)] -> xpath: //button[contains(text(),'Accept')]]
21:16:02.325 [main] INFO  HomePage - User is trying to sign in
21:16:02.397 [main] INFO  HomePage - Clicking on element: [[ChromeDriver: chrome on WINDOWS (2c4518166626f6e86d367660ef689d74)] -> xpath: //button[contains(@class, 'select-signin')]]
21:16:04.315 [main] INFO  HomePage - Entering text: "seleniumtest2021@mail.ru" into field with XPath: [[ChromeDriver: chrome on WINDOWS (2c4518166626f6e86d367660ef689d74)] -> xpath: //input[@name='email']]
21:16:05.164 [main] INFO  HomePage - Entering text: "test123" into field with XPath: [[ChromeDriver: chrome on WINDOWS (2c4518166626f6e86d367660ef689d74)] -> xpath: //input[@name='password']]
21:16:05.710 [main] INFO  HomePage - Pressing key: ENTER
21:21:40.759 [main] INFO  PropertyManager - Trying to access property file: testdata/default.properties
21:21:40.954 [main] INFO  HomePage - Trying to open application home page
21:21:40.955 [main] INFO  HomePage - Navigating to website with url:   https://www.etsy.com/
21:21:43.554 [main] INFO  HomePage - Verifying if page title is equal to: Etsy - Shop for handmade, vintage, custom, and unique gifts for everyone
21:21:43.570 [main] INFO  HomePage - Page title is correct: "Etsy - Shop for handmade, vintage, custom, and unique gifts for everyone"
21:21:43.570 [main] INFO  HomePage - Accepting cookies
21:21:43.608 [main] INFO  HomePage - Clicking on element: [[ChromeDriver: chrome on WINDOWS (19270567ae121b2076fffa873a5f4425)] -> xpath: //button[contains(text(),'Accept')]]
21:21:44.005 [main] INFO  HomePage - User is trying to sign in
21:21:44.060 [main] INFO  HomePage - Clicking on element: [[ChromeDriver: chrome on WINDOWS (19270567ae121b2076fffa873a5f4425)] -> xpath: //button[contains(@class, 'select-signin')]]
21:22:44.365 [main] INFO  PropertyManager - Trying to access property file: testdata/default.properties
21:22:44.584 [main] INFO  HomePage - Trying to open application home page
21:22:44.586 [main] INFO  HomePage - Navigating to website with url:   https://www.etsy.com/
21:22:48.842 [main] INFO  HomePage - Verifying if page title is equal to: Etsy - Shop for handmade, vintage, custom, and unique gifts for everyone
21:22:48.855 [main] INFO  HomePage - Page title is correct: "Etsy - Shop for handmade, vintage, custom, and unique gifts for everyone"
21:22:48.855 [main] INFO  HomePage - Accepting cookies
21:22:48.926 [main] INFO  HomePage - Clicking on element: [[ChromeDriver: chrome on WINDOWS (17918a2651c51acb985704ead6a50a04)] -> xpath: //button[contains(text(),'Accept')]]
21:22:49.354 [main] INFO  HomePage - User is trying to sign in
21:22:49.455 [main] INFO  HomePage - Clicking on element: [[ChromeDriver: chrome on WINDOWS (17918a2651c51acb985704ead6a50a04)] -> xpath: //button[contains(@class, 'select-signin')]]
21:22:50.915 [main] INFO  HomePage - Entering text: "seleniumtest2021@mail.ru" into field with XPath: [[ChromeDriver: chrome on WINDOWS (17918a2651c51acb985704ead6a50a04)] -> xpath: //input[@name='email']]
21:22:51.526 [main] INFO  HomePage - Entering text: "test123" into field with XPath: [[ChromeDriver: chrome on WINDOWS (17918a2651c51acb985704ead6a50a04)] -> xpath: //input[@name='password']]
21:22:51.848 [main] INFO  HomePage - Pressing key: ENTER
21:24:17.189 [main] INFO  PropertyManager - Trying to access property file: testdata/default.properties
21:24:17.385 [main] INFO  HomePage - Trying to open application home page
21:24:17.386 [main] INFO  HomePage - Navigating to website with url:   https://www.etsy.com/
21:24:20.194 [main] INFO  HomePage - Verifying if page title is equal to: Etsy - Shop for handmade, vintage, custom, and unique gifts for everyone
21:24:20.207 [main] INFO  HomePage - Page title is correct: "Etsy - Shop for handmade, vintage, custom, and unique gifts for everyone"
21:24:20.207 [main] INFO  HomePage - Accepting cookies
21:24:20.398 [main] INFO  HomePage - Clicking on element: [[ChromeDriver: chrome on WINDOWS (a06f15351654f6a8afb838e585350e29)] -> xpath: //button[contains(text(),'Accept')]]
21:24:20.853 [main] INFO  HomePage - User is trying to sign in
21:24:20.936 [main] INFO  HomePage - Clicking on element: [[ChromeDriver: chrome on WINDOWS (a06f15351654f6a8afb838e585350e29)] -> xpath: //button[contains(@class, 'select-signin')]]
21:24:22.498 [main] INFO  HomePage - Entering text: "seleniumtest2021@mail.ru" into field with XPath: [[ChromeDriver: chrome on WINDOWS (a06f15351654f6a8afb838e585350e29)] -> xpath: //input[@name='email']]
21:24:23.113 [main] INFO  HomePage - Entering text: "test123" into field with XPath: [[ChromeDriver: chrome on WINDOWS (a06f15351654f6a8afb838e585350e29)] -> xpath: //input[@name='password']]
21:24:23.450 [main] INFO  HomePage - Pressing key: ENTER
21:24:23.525 [main] INFO  SearchSteps - Checking if home page contains message Welcome to Etsy, Valeriia!
21:27:59.406 [main] INFO  PropertyManager - Trying to access property file: testdata/default.properties
21:27:59.656 [main] INFO  HomePage - Trying to open application home page
21:27:59.657 [main] INFO  HomePage - Navigating to website with url:   https://www.etsy.com/
21:28:02.128 [main] INFO  HomePage - Verifying if page title is equal to: Etsy - Shop for handmade, vintage, custom, and unique gifts for everyone
21:28:02.145 [main] INFO  HomePage - Page title is correct: "Etsy - Shop for handmade, vintage, custom, and unique gifts for everyone"
21:28:02.146 [main] INFO  HomePage - Accepting cookies
21:28:02.196 [main] INFO  HomePage - Clicking on element: [[ChromeDriver: chrome on WINDOWS (8afdb2e0f6253bec50084e6c9cb155f9)] -> xpath: //button[contains(text(),'Accept')]]
21:28:02.616 [main] INFO  HomePage - User is trying to sign in
21:28:02.663 [main] INFO  HomePage - Clicking on element: [[ChromeDriver: chrome on WINDOWS (8afdb2e0f6253bec50084e6c9cb155f9)] -> xpath: //button[contains(@class, 'select-signin')]]
21:29:01.743 [main] INFO  PropertyManager - Trying to access property file: testdata/default.properties
21:29:02.002 [main] INFO  HomePage - Trying to open application home page
21:29:02.003 [main] INFO  HomePage - Navigating to website with url:   https://www.etsy.com/
21:29:04.774 [main] INFO  HomePage - Verifying if page title is equal to: Etsy - Shop for handmade, vintage, custom, and unique gifts for everyone
21:29:04.802 [main] INFO  HomePage - Page title is correct: "Etsy - Shop for handmade, vintage, custom, and unique gifts for everyone"
21:29:04.802 [main] INFO  HomePage - Accepting cookies
21:29:04.883 [main] INFO  HomePage - Clicking on element: [[ChromeDriver: chrome on WINDOWS (665f11c0c91e6afaf345862dbbc7393b)] -> xpath: //button[contains(text(),'Accept')]]
21:29:05.249 [main] INFO  HomePage - User is trying to sign in
21:29:05.314 [main] INFO  HomePage - Clicking on element: [[ChromeDriver: chrome on WINDOWS (665f11c0c91e6afaf345862dbbc7393b)] -> xpath: //button[contains(@class, 'select-signin')]]
21:29:06.918 [main] INFO  HomePage - Entering text: "seleniumtest2021@mail.ru" into field with XPath: [[ChromeDriver: chrome on WINDOWS (665f11c0c91e6afaf345862dbbc7393b)] -> xpath: //input[@name='email']]
21:29:07.524 [main] INFO  HomePage - Entering text: "test123" into field with XPath: [[ChromeDriver: chrome on WINDOWS (665f11c0c91e6afaf345862dbbc7393b)] -> xpath: //input[@name='password']]
21:29:07.832 [main] INFO  HomePage - Pressing key: ENTER
21:29:07.906 [main] INFO  SearchSteps - Checking if home page contains message Welcome to Etsy, Valeriia!
21:33:56.788 [main] INFO  PropertyManager - Trying to access property file: testdata/default.properties
21:33:57.009 [main] INFO  HomePage - Trying to open application home page
21:33:57.010 [main] INFO  HomePage - Navigating to website with url:   https://www.etsy.com/
21:33:59.788 [main] INFO  HomePage - Verifying if page title is equal to: Etsy - Shop for handmade, vintage, custom, and unique gifts for everyone
21:33:59.807 [main] INFO  HomePage - Page title is correct: "Etsy - Shop for handmade, vintage, custom, and unique gifts for everyone"
21:33:59.808 [main] INFO  HomePage - Accepting cookies
21:33:59.855 [main] INFO  HomePage - Clicking on element: [[ChromeDriver: chrome on WINDOWS (38cdabbce3a7ce73dc4202114c2d3e4c)] -> xpath: //button[contains(text(),'Accept')]]
21:34:00.223 [main] INFO  HomePage - User is trying to sign in
21:34:00.269 [main] INFO  HomePage - Clicking on element: [[ChromeDriver: chrome on WINDOWS (38cdabbce3a7ce73dc4202114c2d3e4c)] -> xpath: //button[contains(@class, 'select-signin')]]
21:34:24.281 [main] INFO  PropertyManager - Trying to access property file: testdata/default.properties
21:34:24.542 [main] INFO  HomePage - Trying to open application home page
21:34:24.543 [main] INFO  HomePage - Navigating to website with url:   https://www.etsy.com/
21:34:27.239 [main] INFO  HomePage - Verifying if page title is equal to: Etsy - Shop for handmade, vintage, custom, and unique gifts for everyone
21:34:27.255 [main] INFO  HomePage - Page title is correct: "Etsy - Shop for handmade, vintage, custom, and unique gifts for everyone"
21:34:27.255 [main] INFO  HomePage - Accepting cookies
21:34:27.294 [main] INFO  HomePage - Clicking on element: [[ChromeDriver: chrome on WINDOWS (7b253b8be6ec55d54dc580c6c882e55e)] -> xpath: //button[contains(text(),'Accept')]]
21:34:27.773 [main] INFO  HomePage - User is trying to sign in
21:34:27.816 [main] INFO  HomePage - Clicking on element: [[ChromeDriver: chrome on WINDOWS (7b253b8be6ec55d54dc580c6c882e55e)] -> xpath: //button[contains(@class, 'select-signin')]]
21:34:29.279 [main] INFO  HomePage - Entering text: "seleniumtest2021@mail.ru" into field with XPath: [[ChromeDriver: chrome on WINDOWS (7b253b8be6ec55d54dc580c6c882e55e)] -> xpath: //input[@name='email']]
21:34:29.752 [main] INFO  HomePage - Entering text: "test123" into field with XPath: [[ChromeDriver: chrome on WINDOWS (7b253b8be6ec55d54dc580c6c882e55e)] -> xpath: //input[@name='password']]
21:34:30.021 [main] INFO  HomePage - Pressing key: ENTER
21:34:30.087 [main] INFO  SearchSteps - Checking if home page contains message Welcome to Etsy, Valeriia!
21:36:50.566 [main] INFO  PropertyManager - Trying to access property file: testdata/default.properties
21:36:50.772 [main] INFO  HomePage - Trying to open application home page
21:36:50.773 [main] INFO  HomePage - Navigating to website with url:   https://www.etsy.com/
21:36:53.688 [main] INFO  HomePage - Verifying if page title is equal to: Etsy - Shop for handmade, vintage, custom, and unique gifts for everyone
21:36:53.708 [main] INFO  HomePage - Page title is correct: "Etsy - Shop for handmade, vintage, custom, and unique gifts for everyone"
21:36:53.708 [main] INFO  HomePage - Accepting cookies
21:36:53.758 [main] INFO  HomePage - Clicking on element: [[ChromeDriver: chrome on WINDOWS (fe8f9348cd823e742b697d9d43008ab5)] -> xpath: //button[contains(text(),'Accept')]]
21:36:54.328 [main] INFO  HomePage - User is trying to sign in
21:36:54.450 [main] INFO  HomePage - Clicking on element: [[ChromeDriver: chrome on WINDOWS (fe8f9348cd823e742b697d9d43008ab5)] -> xpath: //button[contains(@class, 'select-signin')]]
21:36:56.500 [main] INFO  HomePage - Entering text: "seleniumtest2021@mail.ru" into field with XPath: [[ChromeDriver: chrome on WINDOWS (fe8f9348cd823e742b697d9d43008ab5)] -> xpath: //input[@name='email']]
21:36:57.091 [main] INFO  HomePage - Entering text: "test123" into field with XPath: [[ChromeDriver: chrome on WINDOWS (fe8f9348cd823e742b697d9d43008ab5)] -> xpath: //input[@name='password']]
21:36:57.437 [main] INFO  HomePage - Pressing key: ENTER
21:36:57.533 [main] INFO  SearchSteps - Checking if home page contains message Welcome to Etsy, Valeriia!
21:39:07.548 [main] INFO  PropertyManager - Trying to access property file: testdata/default.properties
21:39:07.796 [main] INFO  HomePage - Trying to open application home page
21:39:07.796 [main] INFO  HomePage - Navigating to website with url:   https://www.etsy.com/
21:39:10.328 [main] INFO  HomePage - Verifying if page title is equal to: Etsy - Shop for handmade, vintage, custom, and unique gifts for everyone
21:39:10.401 [main] INFO  HomePage - Page title is correct: "Etsy - Shop for handmade, vintage, custom, and unique gifts for everyone"
21:39:10.401 [main] INFO  HomePage - Accepting cookies
21:39:10.473 [main] INFO  HomePage - Clicking on element: [[ChromeDriver: chrome on WINDOWS (d66faf5783d6c5e748103d6a6b63d19b)] -> xpath: //button[contains(text(),'Accept')]]
21:39:10.877 [main] INFO  HomePage - User is trying to sign in
21:39:10.959 [main] INFO  HomePage - Clicking on element: [[ChromeDriver: chrome on WINDOWS (d66faf5783d6c5e748103d6a6b63d19b)] -> xpath: //button[contains(@class, 'select-signin')]]
21:39:12.574 [main] INFO  HomePage - Entering text: "seleniumtest2021@mail.ru" into field with XPath: [[ChromeDriver: chrome on WINDOWS (d66faf5783d6c5e748103d6a6b63d19b)] -> xpath: //input[@name='email']]
21:39:13.144 [main] INFO  HomePage - Entering text: "test123" into field with XPath: [[ChromeDriver: chrome on WINDOWS (d66faf5783d6c5e748103d6a6b63d19b)] -> xpath: //input[@name='password']]
21:39:13.466 [main] INFO  HomePage - Pressing key: ENTER
21:53:25.945 [main] INFO  PropertyManager - Trying to access property file: testdata/default.properties
21:53:26.184 [main] INFO  HomePage - Trying to open application home page
21:53:26.185 [main] INFO  HomePage - Navigating to website with url:   https://www.etsy.com/
21:53:29.972 [main] INFO  HomePage - Verifying if page title is equal to: Etsy - Shop for handmade, vintage, custom, and unique gifts for everyone
21:53:29.994 [main] INFO  HomePage - Page title is correct: "Etsy - Shop for handmade, vintage, custom, and unique gifts for everyone"
21:53:29.994 [main] INFO  HomePage - Accepting cookies
21:53:30.023 [main] INFO  HomePage - Clicking on element: [[ChromeDriver: chrome on WINDOWS (b94189ed5f91a04bfebc1995f5b868e4)] -> xpath: //button[contains(text(),'Accept')]]
21:53:30.366 [main] INFO  HomePage - User is trying to sign in
21:53:30.474 [main] INFO  HomePage - Clicking on element: [[ChromeDriver: chrome on WINDOWS (b94189ed5f91a04bfebc1995f5b868e4)] -> xpath: //button[contains(@class, 'select-signin')]]
21:53:31.794 [main] INFO  HomePage - Entering text: "seleniumtest2021@mail.ru" into field with XPath: [[ChromeDriver: chrome on WINDOWS (b94189ed5f91a04bfebc1995f5b868e4)] -> xpath: //input[@name='email']]
21:53:32.352 [main] INFO  HomePage - Entering text: "test123" into field with XPath: [[ChromeDriver: chrome on WINDOWS (b94189ed5f91a04bfebc1995f5b868e4)] -> xpath: //input[@name='password']]
21:53:32.631 [main] INFO  HomePage - Pressing key: ENTER
21:56:49.691 [main] INFO  PropertyManager - Trying to access property file: testdata/default.properties
21:57:58.656 [main] INFO  PropertyManager - Trying to access property file: testdata/default.properties
21:58:54.020 [main] INFO  PropertyManager - Trying to access property file: testdata/default.properties
21:58:54.258 [main] INFO  HomePage - Trying to open application home page
21:58:54.259 [main] INFO  HomePage - Navigating to website with url:   https://www.etsy.com/
21:58:56.596 [main] INFO  HomePage - Verifying if page title is equal to: Etsy - Shop for handmade, vintage, custom, and unique gifts for everyone
21:58:56.609 [main] INFO  HomePage - Page title is correct: "Etsy - Shop for handmade, vintage, custom, and unique gifts for everyone"
21:58:56.610 [main] INFO  HomePage - Accepting cookies
21:58:56.647 [main] INFO  HomePage - Clicking on element: [[ChromeDriver: chrome on WINDOWS (b62219ae6c526b84f8de1b43b9c11cc7)] -> xpath: //button[contains(text(),'Accept')]]
21:58:57.069 [main] INFO  HomePage - User is trying to sign in
21:58:57.111 [main] INFO  HomePage - Clicking on element: [[ChromeDriver: chrome on WINDOWS (b62219ae6c526b84f8de1b43b9c11cc7)] -> xpath: //button[contains(@class, 'select-signin')]]
09:35:48.879 [main] INFO  PropertyManager - Trying to access property file: testdata/default.properties
09:35:49.188 [main] INFO  HomePage - Trying to open application home page
09:35:49.189 [main] INFO  HomePage - Navigating to website with url:   https://www.etsy.com/
09:35:51.959 [main] INFO  HomePage - Verifying if page title is equal to: Etsy - Shop for handmade, vintage, custom, and unique gifts for everyone
09:35:51.974 [main] INFO  HomePage - Page title is correct: "Etsy - Shop for handmade, vintage, custom, and unique gifts for everyone"
09:35:51.974 [main] INFO  HomePage - Accepting cookies
09:35:52.020 [main] INFO  HomePage - Clicking on element: [[ChromeDriver: chrome on WINDOWS (9d6cda7637c34952f85124a2f9c388a4)] -> xpath: //button[contains(text(),'Accept')]]
09:35:52.514 [main] INFO  HomePage - User is trying to sign in
09:35:52.597 [main] INFO  HomePage - Clicking on element: [[ChromeDriver: chrome on WINDOWS (9d6cda7637c34952f85124a2f9c388a4)] -> xpath: //button[contains(@class, 'select-signin')]]
09:35:54.085 [main] INFO  HomePage - Entering text: "seleniumtest2021@mail.ru" into field with XPath: [[ChromeDriver: chrome on WINDOWS (9d6cda7637c34952f85124a2f9c388a4)] -> xpath: //input[@name='email']]
09:35:54.744 [main] INFO  HomePage - Entering text: "test123" into field with XPath: [[ChromeDriver: chrome on WINDOWS (9d6cda7637c34952f85124a2f9c388a4)] -> xpath: //input[@name='password']]
09:35:55.079 [main] INFO  HomePage - Pressing key: ENTER
09:35:55.167 [main] INFO  SearchSteps - Checking if home page contains message Welcome to Etsy, Valeriia!
09:38:49.588 [main] INFO  PropertyManager - Trying to access property file: testdata/default.properties
09:38:49.794 [main] INFO  HomePage - Trying to open application home page
09:38:49.795 [main] INFO  HomePage - Navigating to website with url:   https://www.etsy.com/
09:38:52.195 [main] INFO  HomePage - Verifying if page title is equal to: Etsy - Shop for handmade, vintage, custom, and unique gifts for everyone
09:38:52.211 [main] INFO  HomePage - Page title is correct: "Etsy - Shop for handmade, vintage, custom, and unique gifts for everyone"
09:38:52.212 [main] INFO  HomePage - Accepting cookies
09:38:52.247 [main] INFO  HomePage - Clicking on element: [[ChromeDriver: chrome on WINDOWS (1044b495bed80a6a26be2074daf5d8f8)] -> xpath: //button[contains(text(),'Accept')]]
09:38:52.784 [main] INFO  HomePage - User is trying to sign in
09:38:52.870 [main] INFO  HomePage - Clicking on element: [[ChromeDriver: chrome on WINDOWS (1044b495bed80a6a26be2074daf5d8f8)] -> xpath: //button[contains(@class, 'select-signin')]]
09:38:54.582 [main] INFO  HomePage - Entering text: "seleniumtest2021@mail.ru" into field with XPath: [[ChromeDriver: chrome on WINDOWS (1044b495bed80a6a26be2074daf5d8f8)] -> xpath: //input[@name='email']]
09:38:55.430 [main] INFO  HomePage - Entering text: "test123" into field with XPath: [[ChromeDriver: chrome on WINDOWS (1044b495bed80a6a26be2074daf5d8f8)] -> xpath: //input[@name='password']]
09:38:55.916 [main] INFO  HomePage - Pressing key: ENTER
09:38:56.016 [main] INFO  SearchSteps - Checking if home page contains message Welcome to Etsy, Valeriia!
10:59:34.098 [main] INFO  PropertyManager - Trying to access property file: testdata/default.properties
10:59:34.152 [main] INFO  HomePage - Trying to open application home page
10:59:34.154 [main] INFO  HomePage - Navigating to website with url:   https://www.etsy.com/
10:59:37.584 [main] INFO  HomePage - Verifying if page title is equal to: Etsy - Shop for handmade, vintage, custom, and unique gifts for everyone
10:59:37.601 [main] INFO  HomePage - Page title is correct: "Etsy - Shop for handmade, vintage, custom, and unique gifts for everyone"
10:59:37.602 [main] INFO  HomePage - Accepting cookies
10:59:37.639 [main] INFO  HomePage - Clicking on element: [[ChromeDriver: chrome on WINDOWS (5fee5ab836d3811820c82fe87cfa7327)] -> xpath: //button[contains(text(),'Accept')]]
10:59:39.720 [main] INFO  HomePage - Performing search for product with title: SWEATER
10:59:39.838 [main] INFO  HomePage - Entering text: "SWEATER" into field with XPath: Proxy element for: DefaultElementLocator 'By.xpath: //input[@data-id='search-query']'
11:08:22.006 [main] INFO  PropertyManager - Trying to access property file: testdata/default.properties
11:08:24.900 [main] INFO  HomePage - Trying to open application home page
11:08:24.901 [main] INFO  HomePage - Navigating to website with url:   https://www.etsy.com/
11:09:57.503 [main] INFO  PropertyManager - Trying to access property file: testdata/default.properties
11:09:57.549 [main] INFO  HomePage - Trying to open application home page
11:09:57.550 [main] INFO  HomePage - Navigating to website with url:   https://www.etsy.com/
11:09:59.565 [main] INFO  HomePage - Verifying if page title is equal to: Etsy - Shop for handmade, vintage, custom, and unique gifts for everyone
11:09:59.580 [main] INFO  HomePage - Page title is correct: "Etsy - Shop for handmade, vintage, custom, and unique gifts for everyone"
11:09:59.581 [main] INFO  HomePage - Accepting cookies
11:09:59.627 [main] INFO  HomePage - Clicking on element: [[ChromeDriver: chrome on WINDOWS (62d682421b0a970126e2492c23dc8805)] -> xpath: //button[contains(text(),'Accept')]]
11:10:00.085 [main] INFO  HomePage - Performing search for product with title: SWEATER
11:10:48.648 [main] INFO  PropertyManager - Trying to access property file: testdata/default.properties
11:10:48.702 [main] INFO  HomePage - Trying to open application home page
11:10:48.703 [main] INFO  HomePage - Navigating to website with url:   https://www.etsy.com/
11:10:50.556 [main] INFO  HomePage - Verifying if page title is equal to: Etsy - Shop for handmade, vintage, custom, and unique gifts for everyone
11:10:50.571 [main] INFO  HomePage - Page title is correct: "Etsy - Shop for handmade, vintage, custom, and unique gifts for everyone"
11:10:50.572 [main] INFO  HomePage - Accepting cookies
11:10:50.612 [main] INFO  HomePage - Clicking on element: [[ChromeDriver: chrome on WINDOWS (879fcf5d1393aed79a3883d98ae44e21)] -> xpath: //button[contains(text(),'Accept')]]
11:10:50.947 [main] INFO  HomePage - Performing search for product with title: SWEATER
11:13:45.331 [main] INFO  PropertyManager - Trying to access property file: testdata/default.properties
11:13:45.400 [main] INFO  HomePage - Trying to open application home page
11:13:45.401 [main] INFO  HomePage - Navigating to website with url:   https://www.etsy.com/
11:13:47.354 [main] INFO  HomePage - Verifying if page title is equal to: Etsy - Shop for handmade, vintage, custom, and unique gifts for everyone
11:13:47.369 [main] INFO  HomePage - Page title is correct: "Etsy - Shop for handmade, vintage, custom, and unique gifts for everyone"
11:13:47.369 [main] INFO  HomePage - Accepting cookies
11:13:47.420 [main] INFO  HomePage - Clicking on element: [[ChromeDriver: chrome on WINDOWS (72258e8ff60076ca9b431514241cf04f)] -> xpath: //button[contains(text(),'Accept')]]
11:13:47.896 [main] INFO  HomePage - Performing search for product with title: SWEATER
11:16:46.991 [main] INFO  PropertyManager - Trying to access property file: testdata/default.properties
11:16:46.997 [main] INFO  HomePage - Trying to open application home page
11:16:46.998 [main] INFO  HomePage - Navigating to website with url:   https://www.etsy.com/
11:16:48.814 [main] INFO  HomePage - Verifying if page title is equal to: Etsy - Shop for handmade, vintage, custom, and unique gifts for everyone
11:16:48.834 [main] INFO  HomePage - Page title is correct: "Etsy - Shop for handmade, vintage, custom, and unique gifts for everyone"
11:16:48.834 [main] INFO  HomePage - Accepting cookies
11:16:48.836 [main] INFO  HomePage - Clicking on element: null
11:17:20.153 [main] INFO  PropertyManager - Trying to access property file: testdata/default.properties
11:17:20.207 [main] INFO  HomePage - Trying to open application home page
11:17:20.209 [main] INFO  HomePage - Navigating to website with url:   https://www.etsy.com/
11:17:22.079 [main] INFO  HomePage - Verifying if page title is equal to: Etsy - Shop for handmade, vintage, custom, and unique gifts for everyone
11:17:22.104 [main] INFO  HomePage - Page title is correct: "Etsy - Shop for handmade, vintage, custom, and unique gifts for everyone"
11:17:22.104 [main] INFO  HomePage - Accepting cookies
11:17:22.146 [main] INFO  HomePage - Clicking on element: [[ChromeDriver: chrome on WINDOWS (b819046be8fed50979f25bd69e20fbc3)] -> xpath: //button[contains(text(),'Accept')]]
11:17:22.419 [main] INFO  HomePage - Performing search for product with title: SWEATER
12:11:21.636 [main] INFO  PropertyManager - Trying to access property file: testdata/default.properties
12:11:21.689 [main] INFO  HomePage - Trying to open application home page
12:11:21.690 [main] INFO  HomePage - Navigating to website with url:   https://www.etsy.com/
14:59:44.502 [main] INFO  PropertyManager - Trying to access property file: testdata/default.properties
14:59:44.514 [main] INFO  PageManager - Opening page with url: https://www.etsy.com/
15:01:43.719 [main] INFO  PropertyManager - Trying to access property file: testdata/default.properties
15:01:43.729 [main] INFO  PageManager - Opening page with url: https://www.etsy.com/
15:10:23.830 [main] INFO  PropertyManager - Trying to access property file: testdata/default.properties
15:12:53.567 [main] INFO  PropertyManager - Trying to access property file: testdata/default.properties
15:15:33.283 [main] INFO  PropertyManager - Trying to access property file: testdata/default.properties
15:16:38.039 [main] INFO  PropertyManager - Trying to access property file: testdata/default.properties
15:19:29.087 [main] INFO  PropertyManager - Trying to access property file: testdata/default.properties
15:19:29.096 [main] INFO  PageManager - Opening page with url: https://www.etsy.com/
15:26:36.030 [main] INFO  PropertyManager - Trying to access property file: testdata/default.properties
15:26:36.101 [main] INFO  HomePage - Trying to open application home page
15:26:36.102 [main] INFO  HomePage - Navigating to website with url:   https://www.etsy.com/
15:45:57.939 [main] INFO  PropertyManager - Trying to access property file: testdata/default.properties
15:45:57.985 [main] INFO  HomePage - Trying to open application home page
15:45:57.987 [main] INFO  HomePage - Navigating to website with url:   https://www.etsy.com/
15:45:59.842 [main] INFO  HomePage - Verifying if page title is equal to: Etsy - Shop for handmade, vintage, custom, and unique gifts for everyone
15:45:59.859 [main] INFO  HomePage - Page title is correct: "Etsy - Shop for handmade, vintage, custom, and unique gifts for everyone"
15:45:59.861 [main] INFO  HomePage - Accepting cookies
15:45:59.922 [main] INFO  HomePage - Clicking on element: [[ChromeDriver: chrome on WINDOWS (73eed069ea07f35f2ca5b2073ac3f74b)] -> xpath: //button[contains(text(),'Accept')]]
15:46:00.364 [main] INFO  HomePage - Performing search for product with title: SWEATER
15:46:00.466 [main] INFO  HomePage - Entering text: "SWEATER" into field with XPath: [[ChromeDriver: chrome on WINDOWS (73eed069ea07f35f2ca5b2073ac3f74b)] -> xpath: //input[@data-id='search-query']]
15:46:00.854 [main] INFO  HomePage - Pressing key: ENTER
15:46:02.856 [main] INFO  SearchResultPage - Trying to select product from search results
15:46:04.089 [main] INFO  SearchResultPage - Clicking on element: [[ChromeDriver: chrome on WINDOWS (73eed069ea07f35f2ca5b2073ac3f74b)] -> xpath: (//a[contains(@class, 'listing-link')])[1]]
15:46:05.334 [main] INFO  ProductDetailsPage - Trying to add selected product to cart
15:46:05.399 [main] INFO  ProductDetailsPage - Clicking on element: Proxy element for: DefaultElementLocator 'By.xpath: //form[@class='add-to-cart-form']'
15:52:11.121 [main] INFO  PropertyManager - Trying to access property file: testdata/default.properties
15:52:11.131 [main] INFO  PageManager - Opening page with url: https://www.etsy.com/
15:52:13.335 [main] INFO  HomePage - Accepting cookies
15:52:13.377 [main] INFO  HomePage - Clicking on element: [[ChromeDriver: chrome on WINDOWS (177ec58079da7773c4bef0855e08bcac)] -> xpath: //button[contains(text(),'Accept')]]
15:52:13.726 [main] INFO  HomePage - Performing search for product with title: SWEATER
15:52:13.870 [main] INFO  HomePage - Entering text: "SWEATER" into field with XPath: [[ChromeDriver: chrome on WINDOWS (177ec58079da7773c4bef0855e08bcac)] -> xpath: //input[@data-id='search-query']]
15:52:14.398 [main] INFO  HomePage - Pressing key: ENTER
16:00:47.649 [main] INFO  PropertyManager - Trying to access property file: testdata/default.properties
16:00:47.660 [main] INFO  PageManager - Opening page with url: https://www.etsy.com/
16:00:49.546 [main] INFO  HomePage - Accepting cookies
16:00:49.590 [main] INFO  HomePage - Clicking on element: [[ChromeDriver: chrome on WINDOWS (daea21a9fc730055cefc17f81158dc82)] -> xpath: //button[contains(text(),'Accept')]]
16:00:49.938 [main] INFO  HomePage - Performing search for product with title: SWEATER
16:00:50.107 [main] INFO  HomePage - Entering text: "SWEATER" into field with XPath: [[ChromeDriver: chrome on WINDOWS (daea21a9fc730055cefc17f81158dc82)] -> xpath: //input[@data-id='search-query']]
16:00:50.667 [main] INFO  HomePage - Pressing key: ENTER
16:03:07.188 [main] INFO  PropertyManager - Trying to access property file: testdata/default.properties
16:03:07.195 [main] INFO  PageManager - Opening page with url: https://www.etsy.com/
16:03:09.037 [main] INFO  HomePage - Accepting cookies
16:03:09.104 [main] INFO  HomePage - Clicking on element: [[ChromeDriver: chrome on WINDOWS (710e3ebfedea465253fa48e470914a85)] -> xpath: //button[contains(text(),'Accept')]]
16:03:09.466 [main] INFO  HomePage - Performing search for product with title: SWEATER
16:03:09.565 [main] INFO  HomePage - Entering text: "SWEATER" into field with XPath: [[ChromeDriver: chrome on WINDOWS (710e3ebfedea465253fa48e470914a85)] -> xpath: //input[@data-id='search-query']]
16:03:09.935 [main] INFO  HomePage - Pressing key: ENTER
16:09:10.441 [main] INFO  PropertyManager - Trying to access property file: testdata/default.properties
16:09:10.452 [main] INFO  PageManager - Opening page with url: https://www.etsy.com/
16:09:12.632 [main] INFO  HomePage - Accepting cookies
16:09:12.714 [main] INFO  HomePage - Clicking on element: [[ChromeDriver: chrome on WINDOWS (883e420dc7840530169acbf6253f0fcf)] -> xpath: //button[contains(text(),'Accept')]]
16:09:13.020 [main] INFO  HomePage - User is trying to sign in
16:09:13.124 [main] INFO  HomePage - Clicking on element: [[ChromeDriver: chrome on WINDOWS (883e420dc7840530169acbf6253f0fcf)] -> xpath: //button[contains(@class, 'select-signin')]]
16:09:14.536 [main] INFO  HomePage - Entering text: "seleniumtest2021@mail.ru" into field with XPath: [[ChromeDriver: chrome on WINDOWS (883e420dc7840530169acbf6253f0fcf)] -> xpath: //input[@name='email']]
16:09:15.153 [main] INFO  HomePage - Entering text: "test123" into field with XPath: [[ChromeDriver: chrome on WINDOWS (883e420dc7840530169acbf6253f0fcf)] -> xpath: //input[@name='password']]
16:09:15.441 [main] INFO  HomePage - Pressing key: ENTER
16:09:15.515 [main] INFO  SearchSteps - Checking if home page contains message welcome.message
16:14:17.641 [main] INFO  PropertyManager - Trying to access property file: testdata/default.properties
16:14:17.653 [main] INFO  PageManager - Opening page with url: https://www.etsy.com/
16:14:19.623 [main] INFO  HomePage - Accepting cookies
16:14:19.670 [main] INFO  HomePage - Clicking on element: [[ChromeDriver: chrome on WINDOWS (aee7f1595151f9cbf07688f3a17444c5)] -> xpath: //button[contains(text(),'Accept')]]
16:14:19.984 [main] INFO  HomePage - User is trying to sign in
16:14:20.085 [main] INFO  HomePage - Clicking on element: [[ChromeDriver: chrome on WINDOWS (aee7f1595151f9cbf07688f3a17444c5)] -> xpath: //button[contains(@class, 'select-signin')]]
16:14:21.346 [main] INFO  HomePage - Entering text: "seleniumtest2021@mail.ru" into field with XPath: [[ChromeDriver: chrome on WINDOWS (aee7f1595151f9cbf07688f3a17444c5)] -> xpath: //input[@name='email']]
16:14:21.798 [main] INFO  HomePage - Entering text: "test123" into field with XPath: [[ChromeDriver: chrome on WINDOWS (aee7f1595151f9cbf07688f3a17444c5)] -> xpath: //input[@name='password']]
16:14:22.060 [main] INFO  HomePage - Pressing key: ENTER
16:14:22.125 [main] INFO  SearchSteps - Checking if home page contains message welcome.message
16:20:15.043 [main] INFO  PropertyManager - Trying to access property file: testdata/default.properties
16:20:15.054 [main] INFO  PageManager - Opening page with url: https://www.etsy.com/
16:20:17.550 [main] INFO  HomePage - Accepting cookies
16:20:17.603 [main] INFO  HomePage - Clicking on element: [[ChromeDriver: chrome on WINDOWS (1fcfb719e61fa1c7f82c9553883697e0)] -> xpath: //button[contains(text(),'Accept')]]
16:20:17.967 [main] INFO  HomePage - User is trying to sign in
16:20:18.024 [main] INFO  HomePage - Clicking on element: [[ChromeDriver: chrome on WINDOWS (1fcfb719e61fa1c7f82c9553883697e0)] -> xpath: //button[contains(@class, 'select-signin')]]
16:20:19.812 [main] INFO  HomePage - Entering text: "seleniumtest2021@mail.ru" into field with XPath: [[ChromeDriver: chrome on WINDOWS (1fcfb719e61fa1c7f82c9553883697e0)] -> xpath: //input[@name='email']]
16:20:20.433 [main] INFO  HomePage - Entering text: "test123" into field with XPath: [[ChromeDriver: chrome on WINDOWS (1fcfb719e61fa1c7f82c9553883697e0)] -> xpath: //input[@name='password']]
16:20:20.745 [main] INFO  HomePage - Pressing key: ENTER
16:20:20.816 [main] INFO  SearchSteps - Checking if home page contains message Welcome to Etsy, Valeriia!
16:37:40.850 [main] INFO  PropertyManager - Trying to access property file: testdata/default.properties
16:37:40.856 [main] INFO  PageManager - Opening page with url: https://www.etsy.com/
16:37:45.268 [main] INFO  HomePage - Accepting cookies
16:37:45.356 [main] INFO  HomePage - Clicking on element: [[ChromeDriver: chrome on WINDOWS (ab088adf5dd0ac4b9dd5b411aea55394)] -> xpath: //button[contains(text(),'Accept')]]
16:37:45.660 [main] INFO  HomePage - User is trying to sign in with wrong password
16:37:45.723 [main] INFO  HomePage - Clicking on element: [[ChromeDriver: chrome on WINDOWS (ab088adf5dd0ac4b9dd5b411aea55394)] -> xpath: //button[contains(@class, 'select-signin')]]
16:38:23.520 [main] INFO  PropertyManager - Trying to access property file: testdata/default.properties
16:38:23.530 [main] INFO  PageManager - Opening page with url: https://www.etsy.com/
16:38:25.496 [main] INFO  HomePage - Accepting cookies
16:38:25.566 [main] INFO  HomePage - Clicking on element: [[ChromeDriver: chrome on WINDOWS (61c022e7943c5d619c14b7a8562ebef1)] -> xpath: //button[contains(text(),'Accept')]]
16:38:25.810 [main] INFO  HomePage - User is trying to sign in with wrong password
16:38:25.870 [main] INFO  HomePage - Clicking on element: [[ChromeDriver: chrome on WINDOWS (61c022e7943c5d619c14b7a8562ebef1)] -> xpath: //button[contains(@class, 'select-signin')]]
16:43:10.579 [main] INFO  PropertyManager - Trying to access property file: testdata/default.properties
16:43:10.588 [main] INFO  PageManager - Opening page with url: https://www.etsy.com/
16:43:12.412 [main] INFO  HomePage - Accepting cookies
16:43:12.464 [main] INFO  HomePage - Clicking on element: [[ChromeDriver: chrome on WINDOWS (3b30f447aa2a8cd4da4933068632021d)] -> xpath: //button[contains(text(),'Accept')]]
16:43:12.847 [main] INFO  HomePage - Performing search for product with title: SWEATER
16:43:12.915 [main] INFO  HomePage - Entering text: "SWEATER" into field with XPath: [[ChromeDriver: chrome on WINDOWS (3b30f447aa2a8cd4da4933068632021d)] -> xpath: //input[@data-id='search-query']]
16:43:13.449 [main] INFO  HomePage - Pressing key: ENTER
16:43:15.699 [main] INFO  SearchResultPage - Trying to select product from search results
16:43:16.888 [main] INFO  SearchResultPage - Clicking on element: [[ChromeDriver: chrome on WINDOWS (3b30f447aa2a8cd4da4933068632021d)] -> xpath: (//a[contains(@class, 'listing-link')])[1]]
16:43:17.602 [main] INFO  ProductDetailsPage - Trying to add selected product to cart
16:43:17.666 [main] INFO  ProductDetailsPage - Clicking on element: Proxy element for: DefaultElementLocator 'By.xpath: //form[@class='add-to-cart-form']'
16:45:42.489 [main] INFO  PropertyManager - Trying to access property file: testdata/default.properties
16:45:42.496 [main] INFO  PageManager - Opening page with url: https://www.etsy.com/
16:45:44.315 [main] INFO  HomePage - Accepting cookies
16:45:44.388 [main] INFO  HomePage - Clicking on element: [[ChromeDriver: chrome on WINDOWS (2e7845454daa052d3fa1cd741c5b5c78)] -> xpath: //button[contains(text(),'Accept')]]
16:45:44.700 [main] INFO  HomePage - Performing search for product with title: SWEATER
16:45:44.810 [main] INFO  HomePage - Entering text: "SWEATER" into field with XPath: [[ChromeDriver: chrome on WINDOWS (2e7845454daa052d3fa1cd741c5b5c78)] -> xpath: //input[@data-id='search-query']]
16:45:45.202 [main] INFO  HomePage - Pressing key: ENTER
16:45:47.205 [main] INFO  SearchResultPage - Trying to select product from search results
16:45:48.478 [main] INFO  SearchResultPage - Clicking on element: [[ChromeDriver: chrome on WINDOWS (2e7845454daa052d3fa1cd741c5b5c78)] -> xpath: (//a[contains(@class, 'listing-link')])[1]]
16:45:50.386 [main] INFO  ProductDetailsPage - Trying to add selected product to cart
16:45:51.507 [main] INFO  ProductDetailsPage - Clicking on element: Proxy element for: DefaultElementLocator 'By.xpath: //form[@class='add-to-cart-form']'
16:47:24.219 [main] INFO  PropertyManager - Trying to access property file: testdata/default.properties
16:47:24.228 [main] INFO  PageManager - Opening page with url: https://www.etsy.com/
16:47:26.288 [main] INFO  HomePage - Accepting cookies
16:47:26.362 [main] INFO  HomePage - Clicking on element: [[ChromeDriver: chrome on WINDOWS (4f45437ca49bd33d4267070ddd8216ea)] -> xpath: //button[contains(text(),'Accept')]]
16:47:26.632 [main] INFO  HomePage - Performing search for product with title: SWEATER
16:47:26.694 [main] INFO  HomePage - Entering text: "SWEATER" into field with XPath: [[ChromeDriver: chrome on WINDOWS (4f45437ca49bd33d4267070ddd8216ea)] -> xpath: //input[@data-id='search-query']]
16:47:26.937 [main] INFO  HomePage - Pressing key: ENTER
16:47:26.968 [main] INFO  SearchResultPage - Trying to select product from search results
16:47:27.005 [main] INFO  SearchResultPage - Clicking on element: [[ChromeDriver: chrome on WINDOWS (4f45437ca49bd33d4267070ddd8216ea)] -> xpath: (//a[contains(@class, 'listing-link')])[1]]
16:47:28.409 [main] INFO  ProductDetailsPage - Trying to add selected product to cart
16:47:28.495 [main] INFO  ProductDetailsPage - Clicking on element: Proxy element for: DefaultElementLocator 'By.xpath: //form[@class='add-to-cart-form']//button'
16:47:54.573 [main] INFO  PropertyManager - Trying to access property file: testdata/default.properties
16:47:54.584 [main] INFO  PageManager - Opening page with url: https://www.etsy.com/
16:47:56.709 [main] INFO  HomePage - Accepting cookies
16:47:56.859 [main] INFO  HomePage - Clicking on element: [[ChromeDriver: chrome on WINDOWS (aa0e3efcb3c440ac6797167950826960)] -> xpath: //button[contains(text(),'Accept')]]
16:47:57.155 [main] INFO  HomePage - Performing search for product with title: SWEATER
16:47:57.291 [main] INFO  HomePage - Entering text: "SWEATER" into field with XPath: [[ChromeDriver: chrome on WINDOWS (aa0e3efcb3c440ac6797167950826960)] -> xpath: //input[@data-id='search-query']]
16:47:57.897 [main] INFO  HomePage - Pressing key: ENTER
16:47:59.828 [main] INFO  SearchResultPage - Trying to select product from search results
16:48:01.042 [main] INFO  SearchResultPage - Clicking on element: [[ChromeDriver: chrome on WINDOWS (aa0e3efcb3c440ac6797167950826960)] -> xpath: (//a[contains(@class, 'listing-link')])[1]]
16:48:02.882 [main] INFO  ProductDetailsPage - Trying to add selected product to cart
16:48:03.881 [main] INFO  ProductDetailsPage - Clicking on element: Proxy element for: DefaultElementLocator 'By.xpath: //form[@class='add-to-cart-form']//button'
16:49:05.072 [main] INFO  PropertyManager - Trying to access property file: testdata/default.properties
16:49:05.081 [main] INFO  PageManager - Opening page with url: https://www.etsy.com/
16:49:07.133 [main] INFO  HomePage - Accepting cookies
16:49:07.233 [main] INFO  HomePage - Clicking on element: [[ChromeDriver: chrome on WINDOWS (8aacaf1db2c7bfda3acde6776b11d75c)] -> xpath: //button[contains(text(),'Accept')]]
16:49:07.587 [main] INFO  HomePage - Performing search for product with title: SWEATER
16:49:07.707 [main] INFO  HomePage - Entering text: "SWEATER" into field with XPath: [[ChromeDriver: chrome on WINDOWS (8aacaf1db2c7bfda3acde6776b11d75c)] -> xpath: //input[@data-id='search-query']]
16:49:08.086 [main] INFO  HomePage - Pressing key: ENTER
16:49:09.962 [main] INFO  SearchResultPage - Trying to select product from search results
16:49:11.105 [main] INFO  SearchResultPage - Clicking on element: [[ChromeDriver: chrome on WINDOWS (8aacaf1db2c7bfda3acde6776b11d75c)] -> xpath: (//a[contains(@class, 'listing-link')])[1]]
16:49:13.954 [main] INFO  ProductDetailsPage - Trying to add selected product to cart
16:49:14.394 [main] INFO  ProductDetailsPage - Clicking on element: Proxy element for: DefaultElementLocator 'By.xpath: //form[@class='add-to-cart-form']//button'
17:03:51.702 [main] INFO  PropertyManager - Trying to access property file: testdata/default.properties
17:03:51.708 [main] INFO  PageManager - Opening page with url: https://www.etsy.com/
17:03:53.552 [main] INFO  HomePage - Accepting cookies
17:03:53.662 [main] INFO  HomePage - Clicking on element: [[ChromeDriver: chrome on WINDOWS (1c5a262d28370733d4e061c01758581a)] -> xpath: //button[contains(text(),'Accept')]]
17:03:54.036 [main] INFO  HomePage - Performing search for product with title: SWEATER
17:03:54.141 [main] INFO  HomePage - Entering text: "SWEATER" into field with XPath: [[ChromeDriver: chrome on WINDOWS (1c5a262d28370733d4e061c01758581a)] -> xpath: //input[@data-id='search-query']]
17:03:54.547 [main] INFO  HomePage - Pressing key: ENTER
17:03:56.908 [main] INFO  SearchResultPage - Trying to select product from search results
17:03:58.019 [main] INFO  SearchResultPage - Clicking on element: [[ChromeDriver: chrome on WINDOWS (1c5a262d28370733d4e061c01758581a)] -> xpath: (//a[contains(@class, 'listing-link')])[1]]
17:03:59.495 [main] INFO  ProductDetailsPage - Trying to add selected product to cart
17:03:59.571 [main] INFO  ProductDetailsPage - Clicking on element: Proxy element for: DefaultElementLocator 'By.xpath: //form[@class='add-to-cart-form']//button'
17:05:10.571 [main] INFO  PropertyManager - Trying to access property file: testdata/default.properties
17:05:10.580 [main] INFO  PageManager - Opening page with url: https://www.etsy.com/
17:05:12.664 [main] INFO  HomePage - Accepting cookies
17:05:12.778 [main] INFO  HomePage - Clicking on element: [[ChromeDriver: chrome on WINDOWS (d9357c3d8dbfda8126b342b9381032ad)] -> xpath: //button[contains(text(),'Accept')]]
17:05:13.113 [main] INFO  HomePage - Performing search for product with title: SWEATER
17:05:13.261 [main] INFO  HomePage - Entering text: "SWEATER" into field with XPath: [[ChromeDriver: chrome on WINDOWS (d9357c3d8dbfda8126b342b9381032ad)] -> xpath: //input[@data-id='search-query']]
17:05:13.902 [main] INFO  HomePage - Pressing key: ENTER
17:05:15.969 [main] INFO  SearchResultPage - Trying to select product from search results
17:05:17.186 [main] INFO  SearchResultPage - Clicking on element: [[ChromeDriver: chrome on WINDOWS (d9357c3d8dbfda8126b342b9381032ad)] -> xpath: (//a[contains(@class, 'listing-link')])[1]]
