18:11:34.245 [main] INFO  HomePage - Trying to open application home page
18:11:35.179 [main] ERROR  - com.valeryk.test.AsosTest.searchTest --- Test case FAILED
18:11:35.187 [main] ERROR  - org.openqa.selenium.WebDriverException: unknown error: net::ERR_NAME_NOT_RESOLVED
  (Session info: chrome=89.0.4389.114)
Build info: version: '4.0.0-beta-2', revision: '4ec0cfc112'
System info: host: 'DESKTOP-6RAFNNG', ip: '192.168.43.182', os.name: 'Windows 10', os.arch: 'amd64', os.version: '10.0', java.version: '15'
Driver info: org.openqa.selenium.remote.RemoteWebDriver
Command: [33a1a4f8fec94426932000874779cd9a, get {url=https://www.asos.com/us/women/}]
Capabilities {acceptInsecureCerts: true, browserName: chrome, browserVersion: 89.0.4389.114, chrome: {chromedriverVersion: 89.0.4389.23 (61b08ee2c5002..., userDataDir: C:\Users\Home\AppData\Local...}, goog:chromeOptions: {debuggerAddress: localhost:51443}, javascriptEnabled: true, networkConnectionEnabled: false, pageLoadStrategy: normal, platform: WINDOWS, platformName: WINDOWS, proxy: Proxy(), se:cdp: ws://DESKTOP-6RAFNNG:4444/s..., se:cdpVersion: 89.0.4389.114, setWindowRect: true, strictFileInteractability: false, timeouts: {implicit: 0, pageLoad: 300000, script: 30000}, unhandledPromptBehavior: dismiss and notify, webauthn:extension:largeBlob: true, webauthn:virtualAuthenticators: true}
Session ID: 33a1a4f8fec94426932000874779cd9a
	at java.base/jdk.internal.reflect.NativeConstructorAccessorImpl.newInstance0(Native Method)
	at java.base/jdk.internal.reflect.NativeConstructorAccessorImpl.newInstance(NativeConstructorAccessorImpl.java:64)
	at java.base/jdk.internal.reflect.DelegatingConstructorAccessorImpl.newInstance(DelegatingConstructorAccessorImpl.java:45)
	at java.base/java.lang.reflect.Constructor.newInstanceWithCaller(Constructor.java:500)
	at java.base/java.lang.reflect.Constructor.newInstance(Constructor.java:481)
	at org.openqa.selenium.remote.codec.w3c.W3CHttpResponseCodec.createException(W3CHttpResponseCodec.java:195)
	at org.openqa.selenium.remote.codec.w3c.W3CHttpResponseCodec.decode(W3CHttpResponseCodec.java:128)
	at org.openqa.selenium.remote.codec.w3c.W3CHttpResponseCodec.decode(W3CHttpResponseCodec.java:52)
	at org.openqa.selenium.remote.HttpCommandExecutor.execute(HttpCommandExecutor.java:187)
	at org.openqa.selenium.remote.TracedCommandExecutor.execute(TracedCommandExecutor.java:39)
	at org.openqa.selenium.remote.RemoteWebDriver.execute(RemoteWebDriver.java:620)
	at org.openqa.selenium.remote.RemoteWebDriver.get(RemoteWebDriver.java:334)
	at org.openqa.selenium.remote.RemoteWebDriver$RemoteNavigation.to(RemoteWebDriver.java:1013)
	at com.valeryk.pageobject.HomePage.open(HomePage.java:39)
	at com.valeryk.test.AsosTest.searchTest(AsosTest.java:12)
	at java.base/jdk.internal.reflect.NativeMethodAccessorImpl.invoke0(Native Method)
	at java.base/jdk.internal.reflect.NativeMethodAccessorImpl.invoke(NativeMethodAccessorImpl.java:64)
	at java.base/jdk.internal.reflect.DelegatingMethodAccessorImpl.invoke(DelegatingMethodAccessorImpl.java:43)
	at java.base/java.lang.reflect.Method.invoke(Method.java:564)
	at org.testng.internal.MethodInvocationHelper.invokeMethod(MethodInvocationHelper.java:132)
	at org.testng.internal.TestInvoker.invokeMethod(TestInvoker.java:599)
	at org.testng.internal.TestInvoker.invokeTestMethod(TestInvoker.java:174)
	at org.testng.internal.MethodRunner.runInSequence(MethodRunner.java:46)
	at org.testng.internal.TestInvoker$MethodInvocationAgent.invoke(TestInvoker.java:822)
	at org.testng.internal.TestInvoker.invokeTestMethods(TestInvoker.java:147)
	at org.testng.internal.TestMethodWorker.invokeTestMethods(TestMethodWorker.java:146)
	at org.testng.internal.TestMethodWorker.run(TestMethodWorker.java:128)
	at java.base/java.util.ArrayList.forEach(ArrayList.java:1511)
	at org.testng.TestRunner.privateRun(TestRunner.java:764)
	at org.testng.TestRunner.run(TestRunner.java:585)
	at org.testng.SuiteRunner.runTest(SuiteRunner.java:384)
	at org.testng.SuiteRunner.runSequentially(SuiteRunner.java:378)
	at org.testng.SuiteRunner.privateRun(SuiteRunner.java:337)
	at org.testng.SuiteRunner.run(SuiteRunner.java:286)
	at org.testng.SuiteRunnerWorker.runSuite(SuiteRunnerWorker.java:53)
	at org.testng.SuiteRunnerWorker.run(SuiteRunnerWorker.java:96)
	at org.testng.TestNG.runSuitesSequentially(TestNG.java:1218)
	at org.testng.TestNG.runSuitesLocally(TestNG.java:1140)
	at org.testng.TestNG.runSuites(TestNG.java:1069)
	at org.testng.TestNG.run(TestNG.java:1037)
	at com.intellij.rt.testng.IDEARemoteTestNG.run(IDEARemoteTestNG.java:66)
	at com.intellij.rt.testng.RemoteTestNGStarter.main(RemoteTestNGStarter.java:109)

18:11:37.558 [main] INFO   -  
 --------------- Test Execution ENDED --------------- 

18:11:37.612 [main] INFO   - Suite Name->HomeTask4::Report output Ditectory->C:\TestAutomationModule\HomeTask4\test-output\Default Suite::Suite Name->Default Suite
     Start Date Time for execution->Fri Apr 16 18:11:28 CEST 2021::End Date Time for execution->Fri Apr 16 18:11:37 CEST 2021
18:11:37.620 [main] INFO   - --------FAILED TEST CASE---------
18:11:37.636 [main] INFO   - TESTCASE NAME->searchTest
Description->
Priority->0
:Date->Thu Jan 01 00:59:59 CET 1970
18:07:02.324 [main] INFO   -  
 --------------- Test Execution STARTED --------------- 
 
18:07:02.498 [main] INFO  DriverManager - Chrome driver selected
18:07:09.635 [main] INFO  PropertyManager - Trying to access property file: testdata/default.properties
18:07:09.693 [main] INFO   - com.valeryk.test.AsosTest.searchTest --- Test case STARTED
18:07:09.871 [main] INFO  HomePage - Trying to open application home page
18:07:16.434 [main] INFO  HomePage - Accepting cookies
18:07:16.501 [main] INFO  HomePage - Clicking on element: [[RemoteWebDriver: chrome on WINDOWS (c669aae4a74fab2c91f5d82623723f2f)] -> xpath: //div[@data-testid='cookie-disclaimer']//button]
18:07:17.368 [main] INFO  HomePage - Clicking on element: [[RemoteWebDriver: chrome on WINDOWS (c669aae4a74fab2c91f5d82623723f2f)] -> xpath: //button[@data-testid='close-button' and @aria-label='Close']]
18:07:17.662 [main] INFO  HomePage - Performing search for product with title: Nike
18:07:18.035 [main] INFO  HomePage - Entering text: "Nike" into field with XPath: [[RemoteWebDriver: chrome on WINDOWS (c669aae4a74fab2c91f5d82623723f2f)] -> xpath: //input[@id='chrome-search']]
18:07:20.061 [main] INFO  HomePage - Pressing key: ENTER
18:07:24.708 [main] INFO  HomePage - Selecting product from list of results
18:07:24.859 [main] INFO  HomePage - Clicking on element: [[RemoteWebDriver: chrome on WINDOWS (c669aae4a74fab2c91f5d82623723f2f)] -> xpath: //article[starts-with(@id, 'product')][1]/a]
18:07:29.945 [main] INFO   - com.valeryk.test.AsosTest.searchTest --- Test case PASSED
18:07:34.174 [main] INFO   -  
 --------------- Test Execution ENDED --------------- 

18:07:34.215 [main] INFO   - Suite Name->HomeTask4::Report output Ditectory->C:\TestAutomationModule\HomeTask4\test-output\Default Suite::Suite Name->Default Suite
     Start Date Time for execution->Sat Apr 17 18:07:02 CEST 2021::End Date Time for execution->Sat Apr 17 18:07:34 CEST 2021
18:20:06.835 [main] INFO   -  
 --------------- Test Execution STARTED --------------- 
 
18:20:07.019 [main] INFO  DriverManager - Chrome driver selected
18:20:14.014 [main] INFO  PropertyManager - Trying to access property file: testdata/default.properties
18:20:14.080 [main] INFO   - com.valeryk.test.AsosTest.searchTest --- Test case STARTED
18:20:14.211 [main] INFO  HomePage - Trying to open application home page
18:20:19.902 [main] INFO  HomePage - Accepting cookies
18:20:19.992 [main] INFO  HomePage - Clicking on element: [[RemoteWebDriver: chrome on WINDOWS (b346902cea8d550a15a16081009ce46b)] -> xpath: //div[@data-testid='cookie-disclaimer']//button]
18:20:21.235 [main] INFO  HomePage - Clicking on element: [[RemoteWebDriver: chrome on WINDOWS (b346902cea8d550a15a16081009ce46b)] -> xpath: //button[@data-testid='close-button' and @aria-label='Close']]
18:20:22.958 [main] INFO  HomePage - Performing search for product with title: Nike
18:20:23.023 [main] INFO  HomePage - Entering text: "Nike" into field with XPath: [[RemoteWebDriver: chrome on WINDOWS (b346902cea8d550a15a16081009ce46b)] -> xpath: //input[@id='chrome-search']]
18:20:23.753 [main] INFO  HomePage - Pressing key: ENTER
18:20:27.681 [main] INFO  HomePage - Selecting product from list of results
18:20:27.926 [main] INFO  HomePage - Clicking on element: [[RemoteWebDriver: chrome on WINDOWS (b346902cea8d550a15a16081009ce46b)] -> xpath: //article[starts-with(@id, 'product')][1]/a]
18:20:34.843 [main] INFO  HomePage - Trying to select option: "US 5" from dropdown: [[RemoteWebDriver: chrome on WINDOWS (b346902cea8d550a15a16081009ce46b)] -> xpath: //select[@data-id='sizeSelect']]
18:20:35.268 [main] ERROR HomePage - Option cannot be selected from dropdown
18:20:35.294 [main] ERROR  - com.valeryk.test.AsosTest.searchTest --- Test case FAILED
18:20:35.302 [main] ERROR  - org.openqa.selenium.NoSuchElementException: Cannot locate option with value: US 5
For documentation on this error, please visit: https://selenium.dev/exceptions/#no_such_element
Build info: version: '4.0.0-beta-2', revision: '4ec0cfc112'
System info: host: 'DESKTOP-6RAFNNG', ip: '192.168.43.182', os.name: 'Windows 10', os.arch: 'amd64', os.version: '10.0', java.version: '15'
Driver info: driver.version: unknown
	at org.openqa.selenium.support.ui.Select.findOptionsByValue(Select.java:287)
	at org.openqa.selenium.support.ui.Select.selectByValue(Select.java:190)
	at com.valeryk.BasePage.selectFromDropdownByValue(BasePage.java:46)
	at com.valeryk.pageobject.ProductPage.selectSize(ProductPage.java:24)
	at com.valeryk.test.AsosTest.searchTest(AsosTest.java:14)
	at java.base/jdk.internal.reflect.NativeMethodAccessorImpl.invoke0(Native Method)
	at java.base/jdk.internal.reflect.NativeMethodAccessorImpl.invoke(NativeMethodAccessorImpl.java:64)
	at java.base/jdk.internal.reflect.DelegatingMethodAccessorImpl.invoke(DelegatingMethodAccessorImpl.java:43)
	at java.base/java.lang.reflect.Method.invoke(Method.java:564)
	at org.testng.internal.MethodInvocationHelper.invokeMethod(MethodInvocationHelper.java:132)
	at org.testng.internal.TestInvoker.invokeMethod(TestInvoker.java:599)
	at org.testng.internal.TestInvoker.invokeTestMethod(TestInvoker.java:174)
	at org.testng.internal.MethodRunner.runInSequence(MethodRunner.java:46)
	at org.testng.internal.TestInvoker$MethodInvocationAgent.invoke(TestInvoker.java:822)
	at org.testng.internal.TestInvoker.invokeTestMethods(TestInvoker.java:147)
	at org.testng.internal.TestMethodWorker.invokeTestMethods(TestMethodWorker.java:146)
	at org.testng.internal.TestMethodWorker.run(TestMethodWorker.java:128)
	at java.base/java.util.ArrayList.forEach(ArrayList.java:1511)
	at org.testng.TestRunner.privateRun(TestRunner.java:764)
	at org.testng.TestRunner.run(TestRunner.java:585)
	at org.testng.SuiteRunner.runTest(SuiteRunner.java:384)
	at org.testng.SuiteRunner.runSequentially(SuiteRunner.java:378)
	at org.testng.SuiteRunner.privateRun(SuiteRunner.java:337)
	at org.testng.SuiteRunner.run(SuiteRunner.java:286)
	at org.testng.SuiteRunnerWorker.runSuite(SuiteRunnerWorker.java:53)
	at org.testng.SuiteRunnerWorker.run(SuiteRunnerWorker.java:96)
	at org.testng.TestNG.runSuitesSequentially(TestNG.java:1218)
	at org.testng.TestNG.runSuitesLocally(TestNG.java:1140)
	at org.testng.TestNG.runSuites(TestNG.java:1069)
	at org.testng.TestNG.run(TestNG.java:1037)
	at com.intellij.rt.testng.IDEARemoteTestNG.run(IDEARemoteTestNG.java:66)
	at com.intellij.rt.testng.RemoteTestNGStarter.main(RemoteTestNGStarter.java:109)

18:20:38.228 [main] INFO   -  
 --------------- Test Execution ENDED --------------- 

18:20:38.300 [main] INFO   - Suite Name->HomeTask4::Report output Ditectory->C:\TestAutomationModule\HomeTask4\test-output\Default Suite::Suite Name->Default Suite
     Start Date Time for execution->Sat Apr 17 18:20:06 CEST 2021::End Date Time for execution->Sat Apr 17 18:20:38 CEST 2021
18:20:38.300 [main] INFO   - --------FAILED TEST CASE---------
18:20:38.308 [main] INFO   - TESTCASE NAME->searchTest
Description->
Priority->0
:Date->Thu Jan 01 00:59:59 CET 1970
18:22:30.430 [main] INFO   -  
 --------------- Test Execution STARTED --------------- 
 
18:22:30.575 [main] INFO  DriverManager - Chrome driver selected
18:22:36.497 [main] INFO  PropertyManager - Trying to access property file: testdata/default.properties
18:22:36.595 [main] INFO   - com.valeryk.test.AsosTest.searchTest --- Test case STARTED
18:22:36.826 [main] INFO  HomePage - Trying to open application home page
18:22:43.180 [main] INFO  HomePage - Accepting cookies
18:22:43.222 [main] INFO  HomePage - Clicking on element: [[RemoteWebDriver: chrome on WINDOWS (149e713531dd515e33a35432dd5ce224)] -> xpath: //div[@data-testid='cookie-disclaimer']//button]
18:22:44.139 [main] INFO  HomePage - Clicking on element: [[RemoteWebDriver: chrome on WINDOWS (149e713531dd515e33a35432dd5ce224)] -> xpath: //button[@data-testid='close-button' and @aria-label='Close']]
18:22:44.421 [main] INFO  HomePage - Performing search for product with title: Nike
18:22:44.542 [main] INFO  HomePage - Entering text: "Nike" into field with XPath: [[RemoteWebDriver: chrome on WINDOWS (149e713531dd515e33a35432dd5ce224)] -> xpath: //input[@id='chrome-search']]
18:22:46.156 [main] INFO  HomePage - Pressing key: ENTER
18:22:50.188 [main] INFO  HomePage - Selecting product from list of results
18:22:50.406 [main] INFO  HomePage - Clicking on element: [[RemoteWebDriver: chrome on WINDOWS (149e713531dd515e33a35432dd5ce224)] -> xpath: //article[starts-with(@id, 'product')][1]/a]
18:23:08.943 [main] INFO  HomePage - Trying to select option: "US 5" from dropdown: [[RemoteWebDriver: chrome on WINDOWS (149e713531dd515e33a35432dd5ce224)] -> xpath: //select[@data-id='sizeSelect']]
18:23:09.474 [main] INFO   - com.valeryk.test.AsosTest.searchTest --- Test case PASSED
18:23:11.361 [main] INFO   -  
 --------------- Test Execution ENDED --------------- 

18:23:11.866 [main] INFO   - Suite Name->HomeTask4::Report output Ditectory->C:\TestAutomationModule\HomeTask4\test-output\Default Suite::Suite Name->Default Suite
     Start Date Time for execution->Sat Apr 17 18:22:30 CEST 2021::End Date Time for execution->Sat Apr 17 18:23:11 CEST 2021
18:29:06.410 [main] INFO   -  
 --------------- Test Execution STARTED --------------- 
 
18:29:06.651 [main] INFO  DriverManager - Chrome driver selected
18:29:13.586 [main] INFO  PropertyManager - Trying to access property file: testdata/default.properties
18:29:13.650 [main] INFO   - com.valeryk.test.AsosTest.searchTest --- Test case STARTED
18:29:13.826 [main] INFO  HomePage - Trying to open application home page
18:29:21.010 [main] INFO  HomePage - Accepting cookies
18:29:21.065 [main] INFO  HomePage - Clicking on element: [[RemoteWebDriver: chrome on WINDOWS (1827879011e6c5bf757729db89d2fea8)] -> xpath: //div[@data-testid='cookie-disclaimer']//button]
18:29:21.711 [main] INFO  HomePage - Clicking on element: [[RemoteWebDriver: chrome on WINDOWS (1827879011e6c5bf757729db89d2fea8)] -> xpath: //button[@data-testid='close-button' and @aria-label='Close']]
18:29:22.272 [main] INFO  HomePage - Performing search for product with title: Nike
18:29:22.344 [main] INFO  HomePage - Entering text: "Nike" into field with XPath: [[RemoteWebDriver: chrome on WINDOWS (1827879011e6c5bf757729db89d2fea8)] -> xpath: //input[@id='chrome-search']]
18:29:22.881 [main] INFO  HomePage - Pressing key: ENTER
18:29:24.023 [main] INFO  HomePage - Selecting product from list of results
18:29:27.976 [main] INFO  HomePage - Clicking on element: Proxy element for: DefaultElementLocator 'By.xpath: //article[starts-with(@id, 'product')][1]/a'
18:29:31.416 [main] INFO  HomePage - Selecting size of product from dropdown
18:29:31.507 [main] INFO  HomePage - Trying to select option: "US 5" from dropdown: [[RemoteWebDriver: chrome on WINDOWS (1827879011e6c5bf757729db89d2fea8)] -> xpath: //select[@data-id='sizeSelect']]
18:29:33.670 [main] INFO  HomePage - Adding product to cart
18:29:33.729 [main] INFO  HomePage - Clicking on element: [[RemoteWebDriver: chrome on WINDOWS (1827879011e6c5bf757729db89d2fea8)] -> xpath: //button[@data-test-id='add-button']]
18:29:34.183 [main] INFO   - com.valeryk.test.AsosTest.searchTest --- Test case PASSED
18:29:36.789 [main] INFO   -  
 --------------- Test Execution ENDED --------------- 

18:29:36.837 [main] INFO   - Suite Name->HomeTask4::Report output Ditectory->C:\TestAutomationModule\HomeTask4\test-output\Default Suite::Suite Name->Default Suite
     Start Date Time for execution->Sat Apr 17 18:29:06 CEST 2021::End Date Time for execution->Sat Apr 17 18:29:36 CEST 2021
18:39:00.109 [main] INFO   -  
 --------------- Test Execution STARTED --------------- 
 
18:39:00.270 [main] INFO  DriverManager - Chrome driver selected
18:39:06.366 [main] INFO  PropertyManager - Trying to access property file: testdata/default.properties
18:39:06.438 [main] INFO   - com.valeryk.test.AsosTest.searchTest --- Test case STARTED
18:39:06.638 [main] INFO  HomePage - Trying to open application home page
18:39:13.789 [main] INFO  HomePage - Accepting cookies
18:39:13.880 [main] INFO  HomePage - Clicking on element: [[RemoteWebDriver: chrome on WINDOWS (8058d5a9585e8976f26ce46c2bd34382)] -> xpath: //div[@data-testid='cookie-disclaimer']//button]
18:39:14.585 [main] INFO  HomePage - Clicking on element: [[RemoteWebDriver: chrome on WINDOWS (8058d5a9585e8976f26ce46c2bd34382)] -> xpath: //button[@data-testid='close-button' and @aria-label='Close']]
18:39:15.376 [main] INFO  HomePage - Performing search for product with title: Nike
18:39:15.557 [main] INFO  HomePage - Entering text: "Nike" into field with XPath: [[RemoteWebDriver: chrome on WINDOWS (8058d5a9585e8976f26ce46c2bd34382)] -> xpath: //input[@id='chrome-search']]
18:39:17.657 [main] INFO  HomePage - Pressing key: ENTER
18:39:21.777 [main] INFO  HomePage - Selecting product from list of results
18:39:21.970 [main] INFO  HomePage - Clicking on element: [[RemoteWebDriver: chrome on WINDOWS (8058d5a9585e8976f26ce46c2bd34382)] -> xpath: //article[starts-with(@id, 'product')][1]/a]
18:39:25.532 [main] INFO  HomePage - Selecting size of product from dropdown
18:39:25.758 [main] INFO  HomePage - Trying to select option: "US 5" from dropdown: [[RemoteWebDriver: chrome on WINDOWS (8058d5a9585e8976f26ce46c2bd34382)] -> xpath: //select[@data-id='sizeSelect']]
18:39:28.200 [main] INFO  HomePage - Adding product to cart
18:39:28.311 [main] INFO  HomePage - Clicking on element: [[RemoteWebDriver: chrome on WINDOWS (8058d5a9585e8976f26ce46c2bd34382)] -> xpath: //button[@data-test-id='add-button']]
18:39:28.809 [main] INFO   - com.valeryk.test.AsosTest.searchTest --- Test case PASSED
18:39:31.086 [main] INFO   -  
 --------------- Test Execution ENDED --------------- 

18:39:31.134 [main] INFO   - Suite Name->HomeTask4::Report output Ditectory->C:\TestAutomationModule\HomeTask4\test-output\Default Suite::Suite Name->Default Suite
     Start Date Time for execution->Sat Apr 17 18:39:00 CEST 2021::End Date Time for execution->Sat Apr 17 18:39:31 CEST 2021
18:41:29.752 [TestNG-tests-3] INFO   -  
 --------------- Test Execution STARTED --------------- 
 
18:41:29.752 [TestNG-tests-1] INFO   -  
 --------------- Test Execution STARTED --------------- 
 
18:41:29.752 [TestNG-tests-2] INFO   -  
 --------------- Test Execution STARTED --------------- 
 
18:41:29.916 [TestNG-test=Allure Reports Example Edge-1] INFO  DriverManager - Edge driver selected
18:41:29.916 [TestNG-test=Allure Reports Example Firefox-1] INFO  DriverManager - Firefox driver selected
18:41:29.916 [TestNG-test=Allure Reports Example Chrome-1] INFO  DriverManager - Chrome driver selected
18:41:38.750 [TestNG-test=Allure Reports Example Edge-1] INFO   - com.valeryk.test.AsosTest.searchTest --- Test case STARTED
18:41:38.770 [TestNG-test=Allure Reports Example Edge-1] ERROR  - com.valeryk.test.AsosTest.searchTest --- Test case SKIPPED
18:41:38.821 [TestNG-tests-1] INFO   -  
 --------------- Test Execution ENDED --------------- 

18:41:45.076 [TestNG-test=Allure Reports Example Firefox-1] INFO  PropertyManager - Trying to access property file: testdata/default.properties
18:41:45.126 [TestNG-test=Allure Reports Example Firefox-1] INFO   - com.valeryk.test.AsosTest.searchTest --- Test case STARTED
18:41:45.195 [TestNG-test=Allure Reports Example Firefox-1] INFO  HomePage - Trying to open application home page
18:41:47.473 [TestNG-test=Allure Reports Example Chrome-1] INFO   - com.valeryk.test.AsosTest.searchTest --- Test case STARTED
18:41:47.478 [TestNG-test=Allure Reports Example Chrome-1] INFO  HomePage - Trying to open application home page
18:41:57.440 [TestNG-test=Allure Reports Example Firefox-1] INFO  HomePage - Accepting cookies
18:42:02.322 [TestNG-test=Allure Reports Example Chrome-1] INFO  HomePage - Accepting cookies
18:42:02.745 [TestNG-test=Allure Reports Example Firefox-1] INFO  HomePage - Clicking on element: [[RemoteWebDriver: chrome on WINDOWS (010be33ede91f1e1a4228a812e7ed1d9)] -> xpath: //div[@data-testid='cookie-disclaimer']//button]
18:42:03.079 [TestNG-test=Allure Reports Example Chrome-1] INFO  HomePage - Clicking on element: [[RemoteWebDriver: chrome on WINDOWS (010be33ede91f1e1a4228a812e7ed1d9)] -> xpath: //div[@data-testid='cookie-disclaimer']//button]
18:42:03.504 [TestNG-test=Allure Reports Example Firefox-1] ERROR  - com.valeryk.test.AsosTest.searchTest --- Test case FAILED
18:42:03.504 [TestNG-test=Allure Reports Example Firefox-1] ERROR  - org.openqa.selenium.NoSuchElementException: Web element reference not seen before: 90428a0b-c42e-4543-9370-0bda4b8936a2
For documentation on this error, please visit: https://selenium.dev/exceptions/#no_such_element
Build info: version: '4.0.0-beta-2', revision: '4ec0cfc112'
System info: host: 'DESKTOP-6RAFNNG', ip: '192.168.43.182', os.name: 'Windows 10', os.arch: 'amd64', os.version: '10.0', java.version: '15'
Driver info: org.openqa.selenium.remote.RemoteWebDriver
Command: [9642095d-3cd8-4449-9ad7-ce97ffc0dbd5, actions {actions=[org.openqa.selenium.interactions.Sequence@1e9f9486]}]
Capabilities {acceptInsecureCerts: true, browserName: firefox, browserVersion: 87.0, javascriptEnabled: true, moz:accessibilityChecks: false, moz:buildID: 20210318103112, moz:debuggerAddress: localhost:65165, moz:geckodriverVersion: 0.29.1, moz:headless: false, moz:processID: 14248, moz:profile: C:\Users\Home\AppData\Local..., moz:shutdownTimeout: 60000, moz:useNonSpecCompliantPointerOrigin: false, moz:webdriverClick: true, pageLoadStrategy: normal, platform: WINDOWS, platformName: WINDOWS, platformVersion: 10.0, rotatable: false, se:cdp: ws://DESKTOP-6RAFNNG:4444/s..., se:cdpVersion: 85, setWindowRect: true, strictFileInteractability: false, timeouts: {implicit: 0, pageLoad: 300000, script: 30000}, unhandledPromptBehavior: dismiss and notify}
Session ID: 9642095d-3cd8-4449-9ad7-ce97ffc0dbd5
	at java.base/jdk.internal.reflect.NativeConstructorAccessorImpl.newInstance0(Native Method)
	at java.base/jdk.internal.reflect.NativeConstructorAccessorImpl.newInstance(NativeConstructorAccessorImpl.java:64)
	at java.base/jdk.internal.reflect.DelegatingConstructorAccessorImpl.newInstance(DelegatingConstructorAccessorImpl.java:45)
	at java.base/java.lang.reflect.Constructor.newInstanceWithCaller(Constructor.java:500)
	at java.base/java.lang.reflect.Constructor.newInstance(Constructor.java:481)
	at org.openqa.selenium.remote.codec.w3c.W3CHttpResponseCodec.createException(W3CHttpResponseCodec.java:195)
	at org.openqa.selenium.remote.codec.w3c.W3CHttpResponseCodec.decode(W3CHttpResponseCodec.java:128)
	at org.openqa.selenium.remote.codec.w3c.W3CHttpResponseCodec.decode(W3CHttpResponseCodec.java:52)
	at org.openqa.selenium.remote.HttpCommandExecutor.execute(HttpCommandExecutor.java:187)
	at org.openqa.selenium.remote.TracedCommandExecutor.execute(TracedCommandExecutor.java:39)
	at org.openqa.selenium.remote.RemoteWebDriver.execute(RemoteWebDriver.java:620)
	at org.openqa.selenium.remote.RemoteWebDriver.perform(RemoteWebDriver.java:688)
	at org.openqa.selenium.interactions.Actions$BuiltAction.perform(Actions.java:617)
	at org.openqa.selenium.interactions.Actions.perform(Actions.java:573)
	at com.valeryk.BasePage.clickOnElement(BasePage.java:38)
	at com.valeryk.pageobject.HomePage.acceptCookies(HomePage.java:46)
	at com.valeryk.test.AsosTest.searchTest(AsosTest.java:13)
	at java.base/jdk.internal.reflect.NativeMethodAccessorImpl.invoke0(Native Method)
	at java.base/jdk.internal.reflect.NativeMethodAccessorImpl.invoke(NativeMethodAccessorImpl.java:64)
	at java.base/jdk.internal.reflect.DelegatingMethodAccessorImpl.invoke(DelegatingMethodAccessorImpl.java:43)
	at java.base/java.lang.reflect.Method.invoke(Method.java:564)
	at org.testng.internal.MethodInvocationHelper.invokeMethod(MethodInvocationHelper.java:132)
	at org.testng.internal.TestInvoker.invokeMethod(TestInvoker.java:599)
	at org.testng.internal.TestInvoker.invokeTestMethod(TestInvoker.java:174)
	at org.testng.internal.MethodRunner.runInSequence(MethodRunner.java:46)
	at org.testng.internal.TestInvoker$MethodInvocationAgent.invoke(TestInvoker.java:822)
	at org.testng.internal.TestInvoker.invokeTestMethods(TestInvoker.java:147)
	at org.testng.internal.TestMethodWorker.invokeTestMethods(TestMethodWorker.java:146)
	at org.testng.internal.TestMethodWorker.run(TestMethodWorker.java:128)
	at java.base/java.util.concurrent.ThreadPoolExecutor.runWorker(ThreadPoolExecutor.java:1130)
	at java.base/java.util.concurrent.ThreadPoolExecutor$Worker.run(ThreadPoolExecutor.java:630)
	at java.base/java.lang.Thread.run(Thread.java:832)

18:42:05.875 [TestNG-test=Allure Reports Example Chrome-1] INFO  HomePage - Clicking on element: [[RemoteWebDriver: chrome on WINDOWS (010be33ede91f1e1a4228a812e7ed1d9)] -> xpath: //button[@data-testid='close-button' and @aria-label='Close']]
18:42:06.775 [TestNG-test=Allure Reports Example Chrome-1] INFO  HomePage - Performing search for product with title: Nike
18:42:06.852 [TestNG-test=Allure Reports Example Chrome-1] INFO  HomePage - Entering text: "Nike" into field with XPath: [[RemoteWebDriver: chrome on WINDOWS (010be33ede91f1e1a4228a812e7ed1d9)] -> xpath: //input[@id='chrome-search']]
18:42:10.384 [TestNG-test=Allure Reports Example Chrome-1] INFO  HomePage - Pressing key: ENTER
18:42:14.965 [TestNG-test=Allure Reports Example Chrome-1] INFO  HomePage - Selecting product from list of results
18:42:15.132 [TestNG-test=Allure Reports Example Chrome-1] INFO  HomePage - Clicking on element: [[RemoteWebDriver: chrome on WINDOWS (010be33ede91f1e1a4228a812e7ed1d9)] -> xpath: //article[starts-with(@id, 'product')][1]/a]
18:42:16.049 [TestNG-tests-3] INFO   -  
 --------------- Test Execution ENDED --------------- 

18:42:18.883 [TestNG-test=Allure Reports Example Chrome-1] INFO  HomePage - Selecting size of product from dropdown
18:42:19.027 [TestNG-test=Allure Reports Example Chrome-1] INFO  HomePage - Trying to select option: "US 5" from dropdown: [[RemoteWebDriver: chrome on WINDOWS (010be33ede91f1e1a4228a812e7ed1d9)] -> xpath: //select[@data-id='sizeSelect']]
18:42:20.726 [TestNG-test=Allure Reports Example Chrome-1] INFO  HomePage - Adding product to cart
18:42:20.818 [TestNG-test=Allure Reports Example Chrome-1] INFO  HomePage - Clicking on element: [[RemoteWebDriver: chrome on WINDOWS (010be33ede91f1e1a4228a812e7ed1d9)] -> xpath: //button[@data-test-id='add-button']]
18:42:21.118 [TestNG-test=Allure Reports Example Chrome-1] INFO   - com.valeryk.test.AsosTest.searchTest --- Test case PASSED
18:42:22.362 [TestNG-tests-2] INFO   -  
 --------------- Test Execution ENDED --------------- 

18:42:22.459 [main] INFO   - Suite Name->Allure Reports Example Edge::Report output Ditectory->C:\TestAutomationModule\HomeTask4\test-output\Automation Training::Suite Name->Automation Training
     Start Date Time for execution->Sat Apr 17 18:41:29 CEST 2021::End Date Time for execution->Sat Apr 17 18:41:38 CEST 2021
18:42:22.459 [main] INFO   - Suite Name->Allure Reports Example Firefox::Report output Ditectory->C:\TestAutomationModule\HomeTask4\test-output\Automation Training::Suite Name->Automation Training
     Start Date Time for execution->Sat Apr 17 18:41:29 CEST 2021::End Date Time for execution->Sat Apr 17 18:42:16 CEST 2021
18:42:22.459 [main] INFO   - --------FAILED TEST CASE---------
18:42:22.459 [main] INFO   - TESTCASE NAME->searchTest
Description->
Priority->0
:Date->Thu Jan 01 00:59:59 CET 1970
18:42:22.459 [main] INFO   - Suite Name->Allure Reports Example Chrome::Report output Ditectory->C:\TestAutomationModule\HomeTask4\test-output\Automation Training::Suite Name->Automation Training
     Start Date Time for execution->Sat Apr 17 18:41:29 CEST 2021::End Date Time for execution->Sat Apr 17 18:42:22 CEST 2021
