12:58:19.629 [main] ERROR  - com.valeryk.test.AsosTest.searchTest --- Test case FAILED
12:58:19.649 [main] ERROR  - java.lang.NullPointerException: Cannot invoke "org.openqa.selenium.TakesScreenshot.getScreenshotAs(org.openqa.selenium.OutputType)" because "driver" is null
	at com.valeryk.listeners.ReportUtils.makeScreenshot(ReportUtils.java:15)
	at com.valeryk.listeners.TestResultsListener.onTestFailure(TestResultsListener.java:30)
	at org.testng.internal.TestListenerHelper.runTestListeners(TestListenerHelper.java:96)
	at org.testng.internal.TestInvoker.runTestResultListener(TestInvoker.java:220)
	at org.testng.internal.TestInvoker.invokeMethod(TestInvoker.java:657)
	at org.testng.internal.TestInvoker.invokeTestMethod(TestInvoker.java:174)
	at org.testng.internal.MethodRunner.runInSequence(MethodRunner.java:46)
	at org.testng.internal.TestInvoker$MethodInvocationAgent.invoke(TestInvoker.java:822)
	at org.testng.internal.TestInvoker.invokeTestMethods(TestInvoker.java:147)
	at org.testng.internal.TestMethodWorker.invokeTestMethods(TestMethodWorker.java:146)
	at org.testng.internal.TestMethodWorker.run(TestMethodWorker.java:128)
	at java.base/java.util.ArrayList.forEach(ArrayList.java:1511)
	at org.testng.TestRunner.privateRun(TestRunner.java:764)
	at org.testng.TestRunner.run(TestRunner.java:585)
	at org.testng.SuiteRunner.runTest(SuiteRunner.java:384)
	at org.testng.SuiteRunner.runSequentially(SuiteRunner.java:378)
	at org.testng.SuiteRunner.privateRun(SuiteRunner.java:337)
	at org.testng.SuiteRunner.run(SuiteRunner.java:286)
	at org.testng.SuiteRunnerWorker.runSuite(SuiteRunnerWorker.java:53)
	at org.testng.SuiteRunnerWorker.run(SuiteRunnerWorker.java:96)
	at org.testng.TestNG.runSuitesSequentially(TestNG.java:1218)
	at org.testng.TestNG.runSuitesLocally(TestNG.java:1140)
	at org.testng.TestNG.runSuites(TestNG.java:1069)
	at org.testng.TestNG.run(TestNG.java:1037)
	at com.intellij.rt.testng.IDEARemoteTestNG.run(IDEARemoteTestNG.java:66)
	at com.intellij.rt.testng.RemoteTestNGStarter.main(RemoteTestNGStarter.java:109)

12:58:19.929 [main] INFO   -  
 --------------- Test Execution ENDED --------------- 

14:55:46.197 [main] INFO   -  
 --------------- Test Execution STARTED --------------- 
 
14:55:46.364 [main] INFO  DriverManager - Chrome driver selected
14:55:46.483 [main] ERROR DriverManager - Remote driver creation failed
14:55:46.827 [main] INFO  PropertyManager - Trying to access property file: testdata/default.properties
14:55:46.867 [main] INFO   - com.valeryk.test.AsosTest.searchTest --- Test case STARTED
14:55:47.052 [main] INFO  HomePage - Trying to open application home page
14:55:47.072 [main] ERROR  - com.valeryk.test.AsosTest.searchTest --- Test case FAILED
14:55:47.078 [main] ERROR  - java.lang.NullPointerException: Cannot invoke "org.openqa.selenium.WebDriver.navigate()" because "this.driver" is null
	at com.valeryk.pageobject.HomePage.open(HomePage.java:32)
	at com.valeryk.test.AsosTest.searchTest(AsosTest.java:12)
	at java.base/jdk.internal.reflect.NativeMethodAccessorImpl.invoke0(Native Method)
	at java.base/jdk.internal.reflect.NativeMethodAccessorImpl.invoke(NativeMethodAccessorImpl.java:64)
	at java.base/jdk.internal.reflect.DelegatingMethodAccessorImpl.invoke(DelegatingMethodAccessorImpl.java:43)
	at java.base/java.lang.reflect.Method.invoke(Method.java:564)
	at org.testng.internal.MethodInvocationHelper.invokeMethod(MethodInvocationHelper.java:132)
	at org.testng.internal.TestInvoker.invokeMethod(TestInvoker.java:599)
	at org.testng.internal.TestInvoker.invokeTestMethod(TestInvoker.java:174)
	at org.testng.internal.MethodRunner.runInSequence(MethodRunner.java:46)
	at org.testng.internal.TestInvoker$MethodInvocationAgent.invoke(TestInvoker.java:822)
	at org.testng.internal.TestInvoker.invokeTestMethods(TestInvoker.java:147)
	at org.testng.internal.TestMethodWorker.invokeTestMethods(TestMethodWorker.java:146)
	at org.testng.internal.TestMethodWorker.run(TestMethodWorker.java:128)
	at java.base/java.util.ArrayList.forEach(ArrayList.java:1511)
	at org.testng.TestRunner.privateRun(TestRunner.java:764)
	at org.testng.TestRunner.run(TestRunner.java:585)
	at org.testng.SuiteRunner.runTest(SuiteRunner.java:384)
	at org.testng.SuiteRunner.runSequentially(SuiteRunner.java:378)
	at org.testng.SuiteRunner.privateRun(SuiteRunner.java:337)
	at org.testng.SuiteRunner.run(SuiteRunner.java:286)
	at org.testng.SuiteRunnerWorker.runSuite(SuiteRunnerWorker.java:53)
	at org.testng.SuiteRunnerWorker.run(SuiteRunnerWorker.java:96)
	at org.testng.TestNG.runSuitesSequentially(TestNG.java:1218)
	at org.testng.TestNG.runSuitesLocally(TestNG.java:1140)
	at org.testng.TestNG.runSuites(TestNG.java:1069)
	at org.testng.TestNG.run(TestNG.java:1037)
	at com.intellij.rt.testng.IDEARemoteTestNG.run(IDEARemoteTestNG.java:66)
	at com.intellij.rt.testng.RemoteTestNGStarter.main(RemoteTestNGStarter.java:109)

14:55:47.085 [main] ERROR  - com.valeryk.test.AsosTest.searchTest --- Test case FAILED
14:55:47.086 [main] ERROR  - java.lang.NullPointerException: Cannot invoke "org.openqa.selenium.TakesScreenshot.getScreenshotAs(org.openqa.selenium.OutputType)" because "driver" is null
	at com.valeryk.listeners.ReportUtils.makeScreenshot(ReportUtils.java:15)
	at com.valeryk.listeners.TestResultsListener.onTestFailure(TestResultsListener.java:30)
	at org.testng.internal.TestListenerHelper.runTestListeners(TestListenerHelper.java:96)
	at org.testng.internal.TestInvoker.runTestResultListener(TestInvoker.java:220)
	at org.testng.internal.TestInvoker.invokeMethod(TestInvoker.java:657)
	at org.testng.internal.TestInvoker.invokeTestMethod(TestInvoker.java:174)
	at org.testng.internal.MethodRunner.runInSequence(MethodRunner.java:46)
	at org.testng.internal.TestInvoker$MethodInvocationAgent.invoke(TestInvoker.java:822)
	at org.testng.internal.TestInvoker.invokeTestMethods(TestInvoker.java:147)
	at org.testng.internal.TestMethodWorker.invokeTestMethods(TestMethodWorker.java:146)
	at org.testng.internal.TestMethodWorker.run(TestMethodWorker.java:128)
	at java.base/java.util.ArrayList.forEach(ArrayList.java:1511)
	at org.testng.TestRunner.privateRun(TestRunner.java:764)
	at org.testng.TestRunner.run(TestRunner.java:585)
	at org.testng.SuiteRunner.runTest(SuiteRunner.java:384)
	at org.testng.SuiteRunner.runSequentially(SuiteRunner.java:378)
	at org.testng.SuiteRunner.privateRun(SuiteRunner.java:337)
	at org.testng.SuiteRunner.run(SuiteRunner.java:286)
	at org.testng.SuiteRunnerWorker.runSuite(SuiteRunnerWorker.java:53)
	at org.testng.SuiteRunnerWorker.run(SuiteRunnerWorker.java:96)
	at org.testng.TestNG.runSuitesSequentially(TestNG.java:1218)
	at org.testng.TestNG.runSuitesLocally(TestNG.java:1140)
	at org.testng.TestNG.runSuites(TestNG.java:1069)
	at org.testng.TestNG.run(TestNG.java:1037)
	at com.intellij.rt.testng.IDEARemoteTestNG.run(IDEARemoteTestNG.java:66)
	at com.intellij.rt.testng.RemoteTestNGStarter.main(RemoteTestNGStarter.java:109)

14:55:47.499 [main] INFO   -  
 --------------- Test Execution ENDED --------------- 

14:58:00.621 [main] INFO   -  
 --------------- Test Execution STARTED --------------- 
 
14:58:00.857 [main] INFO  DriverManager - Chrome driver selected
14:58:01.023 [main] ERROR DriverManager - Remote driver creation failed
14:58:01.362 [main] INFO  PropertyManager - Trying to access property file: testdata/default.properties
14:58:01.412 [main] INFO   - com.valeryk.test.AsosTest.searchTest --- Test case STARTED
14:58:01.627 [main] INFO  HomePage - Trying to open application home page
14:58:01.644 [main] ERROR  - com.valeryk.test.AsosTest.searchTest --- Test case FAILED
14:58:01.648 [main] ERROR  - java.lang.NullPointerException: Cannot invoke "org.openqa.selenium.WebDriver.navigate()" because "this.driver" is null
	at com.valeryk.pageobject.HomePage.open(HomePage.java:32)
	at com.valeryk.test.AsosTest.searchTest(AsosTest.java:12)
	at java.base/jdk.internal.reflect.NativeMethodAccessorImpl.invoke0(Native Method)
	at java.base/jdk.internal.reflect.NativeMethodAccessorImpl.invoke(NativeMethodAccessorImpl.java:64)
	at java.base/jdk.internal.reflect.DelegatingMethodAccessorImpl.invoke(DelegatingMethodAccessorImpl.java:43)
	at java.base/java.lang.reflect.Method.invoke(Method.java:564)
	at org.testng.internal.MethodInvocationHelper.invokeMethod(MethodInvocationHelper.java:132)
	at org.testng.internal.TestInvoker.invokeMethod(TestInvoker.java:599)
	at org.testng.internal.TestInvoker.invokeTestMethod(TestInvoker.java:174)
	at org.testng.internal.MethodRunner.runInSequence(MethodRunner.java:46)
	at org.testng.internal.TestInvoker$MethodInvocationAgent.invoke(TestInvoker.java:822)
	at org.testng.internal.TestInvoker.invokeTestMethods(TestInvoker.java:147)
	at org.testng.internal.TestMethodWorker.invokeTestMethods(TestMethodWorker.java:146)
	at org.testng.internal.TestMethodWorker.run(TestMethodWorker.java:128)
	at java.base/java.util.ArrayList.forEach(ArrayList.java:1511)
	at org.testng.TestRunner.privateRun(TestRunner.java:764)
	at org.testng.TestRunner.run(TestRunner.java:585)
	at org.testng.SuiteRunner.runTest(SuiteRunner.java:384)
	at org.testng.SuiteRunner.runSequentially(SuiteRunner.java:378)
	at org.testng.SuiteRunner.privateRun(SuiteRunner.java:337)
	at org.testng.SuiteRunner.run(SuiteRunner.java:286)
	at org.testng.SuiteRunnerWorker.runSuite(SuiteRunnerWorker.java:53)
	at org.testng.SuiteRunnerWorker.run(SuiteRunnerWorker.java:96)
	at org.testng.TestNG.runSuitesSequentially(TestNG.java:1218)
	at org.testng.TestNG.runSuitesLocally(TestNG.java:1140)
	at org.testng.TestNG.runSuites(TestNG.java:1069)
	at org.testng.TestNG.run(TestNG.java:1037)
	at com.intellij.rt.testng.IDEARemoteTestNG.run(IDEARemoteTestNG.java:66)
	at com.intellij.rt.testng.RemoteTestNGStarter.main(RemoteTestNGStarter.java:109)

14:58:01.662 [main] ERROR  - com.valeryk.test.AsosTest.searchTest --- Test case FAILED
14:58:01.663 [main] ERROR  - java.lang.NullPointerException: Cannot invoke "org.openqa.selenium.TakesScreenshot.getScreenshotAs(org.openqa.selenium.OutputType)" because "driver" is null
	at com.valeryk.listeners.ReportUtils.makeScreenshot(ReportUtils.java:15)
	at com.valeryk.listeners.TestResultsListener.onTestFailure(TestResultsListener.java:30)
	at org.testng.internal.TestListenerHelper.runTestListeners(TestListenerHelper.java:96)
	at org.testng.internal.TestInvoker.runTestResultListener(TestInvoker.java:220)
	at org.testng.internal.TestInvoker.invokeMethod(TestInvoker.java:657)
	at org.testng.internal.TestInvoker.invokeTestMethod(TestInvoker.java:174)
	at org.testng.internal.MethodRunner.runInSequence(MethodRunner.java:46)
	at org.testng.internal.TestInvoker$MethodInvocationAgent.invoke(TestInvoker.java:822)
	at org.testng.internal.TestInvoker.invokeTestMethods(TestInvoker.java:147)
	at org.testng.internal.TestMethodWorker.invokeTestMethods(TestMethodWorker.java:146)
	at org.testng.internal.TestMethodWorker.run(TestMethodWorker.java:128)
	at java.base/java.util.ArrayList.forEach(ArrayList.java:1511)
	at org.testng.TestRunner.privateRun(TestRunner.java:764)
	at org.testng.TestRunner.run(TestRunner.java:585)
	at org.testng.SuiteRunner.runTest(SuiteRunner.java:384)
	at org.testng.SuiteRunner.runSequentially(SuiteRunner.java:378)
	at org.testng.SuiteRunner.privateRun(SuiteRunner.java:337)
	at org.testng.SuiteRunner.run(SuiteRunner.java:286)
	at org.testng.SuiteRunnerWorker.runSuite(SuiteRunnerWorker.java:53)
	at org.testng.SuiteRunnerWorker.run(SuiteRunnerWorker.java:96)
	at org.testng.TestNG.runSuitesSequentially(TestNG.java:1218)
	at org.testng.TestNG.runSuitesLocally(TestNG.java:1140)
	at org.testng.TestNG.runSuites(TestNG.java:1069)
	at org.testng.TestNG.run(TestNG.java:1037)
	at com.intellij.rt.testng.IDEARemoteTestNG.run(IDEARemoteTestNG.java:66)
	at com.intellij.rt.testng.RemoteTestNGStarter.main(RemoteTestNGStarter.java:109)

14:58:02.354 [main] INFO   -  
 --------------- Test Execution ENDED --------------- 

15:21:59.121 [main] INFO   -  
 --------------- Test Execution STARTED --------------- 
 
15:21:59.338 [main] INFO  DriverManager - Chrome driver selected
15:22:09.712 [main] INFO  PropertyManager - Trying to access property file: testdata/default.properties
15:22:09.790 [main] INFO   - com.valeryk.test.AsosTest.searchTest --- Test case STARTED
15:22:09.980 [main] INFO  HomePage - Trying to open application home page
15:22:16.234 [main] INFO   - com.valeryk.test.AsosTest.searchTest --- Test case PASSED
15:22:25.335 [main] INFO   -  
 --------------- Test Execution ENDED --------------- 

15:22:25.428 [main] INFO   - Suite Name->HomeTask4::Report output Ditectory->C:\TestAutomationModule\HomeTask4\test-output\Default Suite::Suite Name->Default Suite
     Start Date Time for execution->Fri Apr 16 15:21:59 CEST 2021::End Date Time for execution->Fri Apr 16 15:22:25 CEST 2021
17:00:34.935 [main] INFO   -  
 --------------- Test Execution STARTED --------------- 
 
17:00:35.087 [main] INFO  DriverManager - Chrome driver selected
17:00:41.798 [main] INFO  PropertyManager - Trying to access property file: testdata/default.properties
17:00:41.854 [main] INFO   - com.valeryk.test.AsosTest.searchTest --- Test case STARTED
17:00:42.112 [main] INFO  HomePage - Trying to open application home page
17:00:48.252 [main] INFO  HomePage - Performing search for product with title: Nike
17:00:48.310 [main] INFO  HomePage - Entering text: "Nike" into field with XPath: [[RemoteWebDriver: chrome on WINDOWS (ac25dfc653a4ebb953a8e2049e96a410)] -> xpath: //input[@id='chrome-search']]
17:00:49.773 [main] INFO  HomePage - Pressing key: ENTER
17:00:54.067 [main] INFO   - com.valeryk.test.AsosTest.searchTest --- Test case PASSED
17:00:56.599 [main] INFO   -  
 --------------- Test Execution ENDED --------------- 

17:00:56.711 [main] INFO   - Suite Name->HomeTask4::Report output Ditectory->C:\TestAutomationModule\HomeTask4\test-output\Default Suite::Suite Name->Default Suite
     Start Date Time for execution->Fri Apr 16 17:00:34 CEST 2021::End Date Time for execution->Fri Apr 16 17:00:56 CEST 2021
17:02:41.885 [main] INFO   -  
 --------------- Test Execution STARTED --------------- 
 
17:02:42.013 [main] INFO  DriverManager - Chrome driver selected
17:02:48.612 [main] INFO  PropertyManager - Trying to access property file: testdata/default.properties
17:02:48.652 [main] INFO   - com.valeryk.test.AsosTest.searchTest --- Test case STARTED
17:02:48.804 [main] INFO  HomePage - Trying to open application home page
17:03:12.569 [main] INFO  HomePage - Performing search for product with title: Nike
17:03:12.646 [main] INFO  HomePage - Entering text: "Nike" into field with XPath: [[RemoteWebDriver: chrome on WINDOWS (f736d013f98f82c4d16d14d0500f8cf8)] -> xpath: //input[@id='chrome-search']]
17:03:13.149 [main] INFO  HomePage - Pressing key: ENTER
17:03:19.248 [main] INFO  HomePage - Selecting product from list of results
17:03:19.394 [main] INFO  HomePage - Clicking on element: [[RemoteWebDriver: chrome on WINDOWS (f736d013f98f82c4d16d14d0500f8cf8)] -> xpath: //article[starts-with(@id, 'product')][1]]
17:03:19.869 [main] INFO   - com.valeryk.test.AsosTest.searchTest --- Test case PASSED
17:03:22.033 [main] INFO   -  
 --------------- Test Execution ENDED --------------- 

17:03:22.129 [main] INFO   - Suite Name->HomeTask4::Report output Ditectory->C:\TestAutomationModule\HomeTask4\test-output\Default Suite::Suite Name->Default Suite
     Start Date Time for execution->Fri Apr 16 17:02:41 CEST 2021::End Date Time for execution->Fri Apr 16 17:03:22 CEST 2021
17:12:51.534 [main] INFO   -  
 --------------- Test Execution STARTED --------------- 
 
17:12:51.800 [main] INFO  DriverManager - Chrome driver selected
17:13:00.548 [main] INFO   - com.valeryk.test.AsosTest.searchTest --- Test case STARTED
17:13:00.564 [main] ERROR  - com.valeryk.test.AsosTest.searchTest --- Test case SKIPPED
17:13:00.760 [main] INFO   -  
 --------------- Test Execution ENDED --------------- 

17:13:00.928 [main] INFO   - Suite Name->HomeTask4::Report output Ditectory->C:\TestAutomationModule\HomeTask4\test-output\Default Suite::Suite Name->Default Suite
     Start Date Time for execution->Fri Apr 16 17:12:51 CEST 2021::End Date Time for execution->Fri Apr 16 17:13:00 CEST 2021
17:16:08.758 [main] INFO   -  
 --------------- Test Execution STARTED --------------- 
 
17:16:08.894 [main] INFO  DriverManager - Chrome driver selected
17:16:16.465 [main] INFO  PropertyManager - Trying to access property file: testdata/default.properties
17:16:16.513 [main] INFO   - com.valeryk.test.AsosTest.searchTest --- Test case STARTED
17:16:16.673 [main] INFO  HomePage - Trying to open application home page
17:16:23.153 [main] INFO  HomePage - Accepting cookies
17:16:23.228 [main] INFO  HomePage - Clicking on element: [[RemoteWebDriver: chrome on WINDOWS (f424d93e18a90717e095d533269e9b2b)] -> xpath: //div[@data-testid='cookie-disclaimer']//button]
17:16:24.263 [main] INFO  HomePage - Performing search for product with title: Nike
17:16:24.515 [main] INFO  HomePage - Entering text: "Nike" into field with XPath: [[RemoteWebDriver: chrome on WINDOWS (f424d93e18a90717e095d533269e9b2b)] -> xpath: //input[@id='chrome-search']]
17:16:27.118 [main] INFO  HomePage - Pressing key: ENTER
17:16:27.393 [main] INFO  HomePage - Selecting product from list of results
17:16:27.477 [main] INFO  HomePage - Clicking on element: Proxy element for: DefaultElementLocator 'By.xpath: //article[starts-with(@id, 'product')][1]'
17:16:27.577 [main] ERROR  - com.valeryk.test.AsosTest.searchTest --- Test case FAILED
17:16:27.585 [main] ERROR  - org.openqa.selenium.json.JsonException: java.lang.reflect.InvocationTargetException
Build info: version: '4.0.0-beta-2', revision: '4ec0cfc112'
System info: host: 'DESKTOP-6RAFNNG', ip: '192.168.43.182', os.name: 'Windows 10', os.arch: 'amd64', os.version: '10.0', java.version: '15'
Driver info: org.openqa.selenium.remote.RemoteWebDriver
Command: [f424d93e18a90717e095d533269e9b2b, actions {actions=[org.openqa.selenium.interactions.Sequence@78508e6b]}]
Capabilities {acceptInsecureCerts: true, browserName: chrome, browserVersion: 89.0.4389.114, chrome: {chromedriverVersion: 89.0.4389.23 (61b08ee2c5002..., userDataDir: C:\Users\Home\AppData\Local...}, goog:chromeOptions: {debuggerAddress: localhost:62691}, javascriptEnabled: true, networkConnectionEnabled: false, pageLoadStrategy: normal, platform: WINDOWS, platformName: WINDOWS, proxy: Proxy(), se:cdp: ws://192.168.43.182:4444/se..., se:cdpVersion: 89.0.4389.114, setWindowRect: true, strictFileInteractability: false, timeouts: {implicit: 0, pageLoad: 300000, script: 30000}, unhandledPromptBehavior: dismiss and notify, webauthn:extension:largeBlob: true, webauthn:virtualAuthenticators: true}
Session ID: f424d93e18a90717e095d533269e9b2b
	at org.openqa.selenium.json.JsonOutput.convertUsingMethod(JsonOutput.java:362)
	at org.openqa.selenium.json.JsonOutput.lambda$new$16(JsonOutput.java:154)
	at org.openqa.selenium.json.JsonOutput.write(JsonOutput.java:287)
	at org.openqa.selenium.json.JsonOutput.lambda$new$22(JsonOutput.java:169)
	at java.base/java.util.stream.ForEachOps$ForEachOp$OfRef.accept(ForEachOps.java:183)
	at java.base/java.util.stream.ReferencePipeline$2$1.accept(ReferencePipeline.java:177)
	at java.base/java.util.Iterator.forEachRemaining(Iterator.java:133)
	at java.base/java.util.Spliterators$IteratorSpliterator.forEachRemaining(Spliterators.java:1801)
	at java.base/java.util.stream.AbstractPipeline.copyInto(AbstractPipeline.java:484)
	at java.base/java.util.stream.AbstractPipeline.wrapAndCopyInto(AbstractPipeline.java:474)
	at java.base/java.util.stream.ForEachOps$ForEachOp.evaluateSequential(ForEachOps.java:150)
	at java.base/java.util.stream.ForEachOps$ForEachOp$OfRef.evaluateSequential(ForEachOps.java:173)
	at java.base/java.util.stream.AbstractPipeline.evaluate(AbstractPipeline.java:234)
	at java.base/java.util.stream.ReferencePipeline.forEach(ReferencePipeline.java:497)
	at org.openqa.selenium.json.JsonOutput.lambda$new$23(JsonOutput.java:169)
	at org.openqa.selenium.json.JsonOutput.write(JsonOutput.java:287)
	at org.openqa.selenium.json.JsonOutput.lambda$new$24(JsonOutput.java:182)
	at com.google.common.collect.SingletonImmutableBiMap.forEach(SingletonImmutableBiMap.java:66)
	at org.openqa.selenium.json.JsonOutput.lambda$new$25(JsonOutput.java:177)
	at org.openqa.selenium.json.JsonOutput.write(JsonOutput.java:287)
	at org.openqa.selenium.json.JsonOutput.write(JsonOutput.java:278)
	at org.openqa.selenium.json.Json.toJson(Json.java:42)
	at org.openqa.selenium.remote.codec.AbstractHttpCommandCodec.encode(AbstractHttpCommandCodec.java:253)
	at org.openqa.selenium.remote.codec.AbstractHttpCommandCodec.encode(AbstractHttpCommandCodec.java:127)
	at org.openqa.selenium.remote.HttpCommandExecutor.execute(HttpCommandExecutor.java:175)
	at org.openqa.selenium.remote.TracedCommandExecutor.execute(TracedCommandExecutor.java:39)
	at org.openqa.selenium.remote.RemoteWebDriver.execute(RemoteWebDriver.java:620)
	at org.openqa.selenium.remote.RemoteWebDriver.perform(RemoteWebDriver.java:688)
	at org.openqa.selenium.interactions.Actions$BuiltAction.perform(Actions.java:617)
	at org.openqa.selenium.interactions.Actions.perform(Actions.java:573)
	at com.valeryk.BasePage.clickOnElement(BasePage.java:38)
	at com.valeryk.pageobject.SearchPage.selectProduct(SearchPage.java:24)
	at com.valeryk.test.AsosTest.searchTest(AsosTest.java:13)
	at java.base/jdk.internal.reflect.NativeMethodAccessorImpl.invoke0(Native Method)
	at java.base/jdk.internal.reflect.NativeMethodAccessorImpl.invoke(NativeMethodAccessorImpl.java:64)
	at java.base/jdk.internal.reflect.DelegatingMethodAccessorImpl.invoke(DelegatingMethodAccessorImpl.java:43)
	at java.base/java.lang.reflect.Method.invoke(Method.java:564)
	at org.testng.internal.MethodInvocationHelper.invokeMethod(MethodInvocationHelper.java:132)
	at org.testng.internal.TestInvoker.invokeMethod(TestInvoker.java:599)
	at org.testng.internal.TestInvoker.invokeTestMethod(TestInvoker.java:174)
	at org.testng.internal.MethodRunner.runInSequence(MethodRunner.java:46)
	at org.testng.internal.TestInvoker$MethodInvocationAgent.invoke(TestInvoker.java:822)
	at org.testng.internal.TestInvoker.invokeTestMethods(TestInvoker.java:147)
	at org.testng.internal.TestMethodWorker.invokeTestMethods(TestMethodWorker.java:146)
	at org.testng.internal.TestMethodWorker.run(TestMethodWorker.java:128)
	at java.base/java.util.ArrayList.forEach(ArrayList.java:1511)
	at org.testng.TestRunner.privateRun(TestRunner.java:764)
	at org.testng.TestRunner.run(TestRunner.java:585)
	at org.testng.SuiteRunner.runTest(SuiteRunner.java:384)
	at org.testng.SuiteRunner.runSequentially(SuiteRunner.java:378)
	at org.testng.SuiteRunner.privateRun(SuiteRunner.java:337)
	at org.testng.SuiteRunner.run(SuiteRunner.java:286)
	at org.testng.SuiteRunnerWorker.runSuite(SuiteRunnerWorker.java:53)
	at org.testng.SuiteRunnerWorker.run(SuiteRunnerWorker.java:96)
	at org.testng.TestNG.runSuitesSequentially(TestNG.java:1218)
	at org.testng.TestNG.runSuitesLocally(TestNG.java:1140)
	at org.testng.TestNG.runSuites(TestNG.java:1069)
	at org.testng.TestNG.run(TestNG.java:1037)
	at com.intellij.rt.testng.IDEARemoteTestNG.run(IDEARemoteTestNG.java:66)
	at com.intellij.rt.testng.RemoteTestNGStarter.main(RemoteTestNGStarter.java:109)
	Suppressed: org.openqa.selenium.json.JsonException: Attempting to close incomplete json stream
Build info: version: '4.0.0-beta-2', revision: '4ec0cfc112'
System info: host: 'DESKTOP-6RAFNNG', ip: '192.168.43.182', os.name: 'Windows 10', os.arch: 'amd64', os.version: '10.0', java.version: '15'
Driver info: driver.version: RemoteWebDriver
		at org.openqa.selenium.json.JsonOutput.close(JsonOutput.java:303)
		at org.openqa.selenium.json.Json.toJson(Json.java:40)
		... 38 more
Caused by: java.lang.reflect.InvocationTargetException
	at java.base/jdk.internal.reflect.NativeMethodAccessorImpl.invoke0(Native Method)
	at java.base/jdk.internal.reflect.NativeMethodAccessorImpl.invoke(NativeMethodAccessorImpl.java:64)
	at java.base/jdk.internal.reflect.DelegatingMethodAccessorImpl.invoke(DelegatingMethodAccessorImpl.java:43)
	at java.base/java.lang.reflect.Method.invoke(Method.java:564)
	at org.openqa.selenium.json.JsonOutput.convertUsingMethod(JsonOutput.java:358)
	... 59 more
Caused by: org.openqa.selenium.NoSuchElementException: no such element: Unable to locate element: {"method":"xpath","selector":"//article[starts-with(@id, 'product')][1]"}
  (Session info: chrome=89.0.4389.114)
For documentation on this error, please visit: https://selenium.dev/exceptions/#no_such_element
Build info: version: '4.0.0-beta-2', revision: '4ec0cfc112'
System info: host: 'DESKTOP-6RAFNNG', ip: '192.168.43.182', os.name: 'Windows 10', os.arch: 'amd64', os.version: '10.0', java.version: '15'
Driver info: org.openqa.selenium.remote.RemoteWebDriver
Command: [f424d93e18a90717e095d533269e9b2b, findElement {using=xpath, value=//article[starts-with(@id, 'product')][1]}]
Capabilities {acceptInsecureCerts: true, browserName: chrome, browserVersion: 89.0.4389.114, chrome: {chromedriverVersion: 89.0.4389.23 (61b08ee2c5002..., userDataDir: C:\Users\Home\AppData\Local...}, goog:chromeOptions: {debuggerAddress: localhost:62691}, javascriptEnabled: true, networkConnectionEnabled: false, pageLoadStrategy: normal, platform: WINDOWS, platformName: WINDOWS, proxy: Proxy(), se:cdp: ws://192.168.43.182:4444/se..., se:cdpVersion: 89.0.4389.114, setWindowRect: true, strictFileInteractability: false, timeouts: {implicit: 0, pageLoad: 300000, script: 30000}, unhandledPromptBehavior: dismiss and notify, webauthn:extension:largeBlob: true, webauthn:virtualAuthenticators: true}
Session ID: f424d93e18a90717e095d533269e9b2b
	at java.base/jdk.internal.reflect.NativeConstructorAccessorImpl.newInstance0(Native Method)
	at java.base/jdk.internal.reflect.NativeConstructorAccessorImpl.newInstance(NativeConstructorAccessorImpl.java:64)
	at java.base/jdk.internal.reflect.DelegatingConstructorAccessorImpl.newInstance(DelegatingConstructorAccessorImpl.java:45)
	at java.base/java.lang.reflect.Constructor.newInstanceWithCaller(Constructor.java:500)
	at java.base/java.lang.reflect.Constructor.newInstance(Constructor.java:481)
	at org.openqa.selenium.remote.codec.w3c.W3CHttpResponseCodec.createException(W3CHttpResponseCodec.java:195)
	at org.openqa.selenium.remote.codec.w3c.W3CHttpResponseCodec.decode(W3CHttpResponseCodec.java:128)
	at org.openqa.selenium.remote.codec.w3c.W3CHttpResponseCodec.decode(W3CHttpResponseCodec.java:52)
	at org.openqa.selenium.remote.HttpCommandExecutor.execute(HttpCommandExecutor.java:187)
	at org.openqa.selenium.remote.TracedCommandExecutor.execute(TracedCommandExecutor.java:39)
	at org.openqa.selenium.remote.RemoteWebDriver.execute(RemoteWebDriver.java:620)
	at org.openqa.selenium.remote.RemoteWebDriver$Mechanism$2.findElement(RemoteWebDriver.java:1259)
	at org.openqa.selenium.remote.RemoteWebDriver.findElement(RemoteWebDriver.java:388)
	at org.openqa.selenium.remote.RemoteWebDriver.findElement(RemoteWebDriver.java:382)
	at org.openqa.selenium.support.pagefactory.DefaultElementLocator.findElement(DefaultElementLocator.java:70)
	at org.openqa.selenium.support.pagefactory.internal.LocatingElementHandler.invoke(LocatingElementHandler.java:39)
	at com.sun.proxy.$Proxy34.getWrappedElement(Unknown Source)
	at org.openqa.selenium.interactions.PointerInput$Origin.asArg(PointerInput.java:201)
	at org.openqa.selenium.interactions.PointerInput$Move.encode(PointerInput.java:152)
	at org.openqa.selenium.interactions.Sequence.encode(Sequence.java:73)
	at org.openqa.selenium.interactions.Sequence.toJson(Sequence.java:82)
	... 64 more

17:16:34.256 [main] INFO   -  
 --------------- Test Execution ENDED --------------- 

17:16:34.474 [main] INFO   - Suite Name->HomeTask4::Report output Ditectory->C:\TestAutomationModule\HomeTask4\test-output\Default Suite::Suite Name->Default Suite
     Start Date Time for execution->Fri Apr 16 17:16:08 CEST 2021::End Date Time for execution->Fri Apr 16 17:16:34 CEST 2021
17:16:34.474 [main] INFO   - --------FAILED TEST CASE---------
17:16:34.490 [main] INFO   - TESTCASE NAME->searchTest
Description->
Priority->0
:Date->Thu Jan 01 00:59:59 CET 1970
17:22:08.074 [main] INFO   -  
 --------------- Test Execution STARTED --------------- 
 
17:22:08.226 [main] INFO  DriverManager - Chrome driver selected
17:22:16.060 [main] INFO  PropertyManager - Trying to access property file: testdata/default.properties
17:22:16.230 [main] INFO   - com.valeryk.test.AsosTest.searchTest --- Test case STARTED
17:22:16.721 [main] INFO  HomePage - Trying to open application home page
17:22:23.385 [main] INFO  HomePage - Accepting cookies
17:22:23.462 [main] INFO  HomePage - Clicking on element: [[RemoteWebDriver: chrome on WINDOWS (d783d4ffde20ab3f7f3d5c3b98694760)] -> xpath: //div[@data-testid='cookie-disclaimer']//button]
17:22:24.573 [main] INFO  HomePage - Performing search for product with title: Nike
17:22:25.806 [main] INFO  HomePage - Entering text: "Nike" into field with XPath: [[RemoteWebDriver: chrome on WINDOWS (d783d4ffde20ab3f7f3d5c3b98694760)] -> xpath: //input[@id='chrome-search']]
17:22:26.938 [main] INFO  HomePage - Pressing key: ENTER
17:22:27.443 [main] INFO  HomePage - Selecting product from list of results
17:22:27.516 [main] INFO  HomePage - Clicking on element: Proxy element for: DefaultElementLocator 'By.xpath: //article[starts-with(@id, 'product')][1]/a'
17:22:27.596 [main] ERROR  - com.valeryk.test.AsosTest.searchTest --- Test case FAILED
17:22:27.604 [main] ERROR  - org.openqa.selenium.json.JsonException: java.lang.reflect.InvocationTargetException
Build info: version: '4.0.0-beta-2', revision: '4ec0cfc112'
System info: host: 'DESKTOP-6RAFNNG', ip: '192.168.43.182', os.name: 'Windows 10', os.arch: 'amd64', os.version: '10.0', java.version: '15'
Driver info: org.openqa.selenium.remote.RemoteWebDriver
Command: [d783d4ffde20ab3f7f3d5c3b98694760, actions {actions=[org.openqa.selenium.interactions.Sequence@5bba9949]}]
Capabilities {acceptInsecureCerts: true, browserName: chrome, browserVersion: 89.0.4389.114, chrome: {chromedriverVersion: 89.0.4389.23 (61b08ee2c5002..., userDataDir: C:\Users\Home\AppData\Local...}, goog:chromeOptions: {debuggerAddress: localhost:63376}, javascriptEnabled: true, networkConnectionEnabled: false, pageLoadStrategy: normal, platform: WINDOWS, platformName: WINDOWS, proxy: Proxy(), se:cdp: ws://192.168.43.182:4444/se..., se:cdpVersion: 89.0.4389.114, setWindowRect: true, strictFileInteractability: false, timeouts: {implicit: 0, pageLoad: 300000, script: 30000}, unhandledPromptBehavior: dismiss and notify, webauthn:extension:largeBlob: true, webauthn:virtualAuthenticators: true}
Session ID: d783d4ffde20ab3f7f3d5c3b98694760
	at org.openqa.selenium.json.JsonOutput.convertUsingMethod(JsonOutput.java:362)
	at org.openqa.selenium.json.JsonOutput.lambda$new$16(JsonOutput.java:154)
	at org.openqa.selenium.json.JsonOutput.write(JsonOutput.java:287)
	at org.openqa.selenium.json.JsonOutput.lambda$new$22(JsonOutput.java:169)
	at java.base/java.util.stream.ForEachOps$ForEachOp$OfRef.accept(ForEachOps.java:183)
	at java.base/java.util.stream.ReferencePipeline$2$1.accept(ReferencePipeline.java:177)
	at java.base/java.util.Iterator.forEachRemaining(Iterator.java:133)
	at java.base/java.util.Spliterators$IteratorSpliterator.forEachRemaining(Spliterators.java:1801)
	at java.base/java.util.stream.AbstractPipeline.copyInto(AbstractPipeline.java:484)
	at java.base/java.util.stream.AbstractPipeline.wrapAndCopyInto(AbstractPipeline.java:474)
	at java.base/java.util.stream.ForEachOps$ForEachOp.evaluateSequential(ForEachOps.java:150)
	at java.base/java.util.stream.ForEachOps$ForEachOp$OfRef.evaluateSequential(ForEachOps.java:173)
	at java.base/java.util.stream.AbstractPipeline.evaluate(AbstractPipeline.java:234)
	at java.base/java.util.stream.ReferencePipeline.forEach(ReferencePipeline.java:497)
	at org.openqa.selenium.json.JsonOutput.lambda$new$23(JsonOutput.java:169)
	at org.openqa.selenium.json.JsonOutput.write(JsonOutput.java:287)
	at org.openqa.selenium.json.JsonOutput.lambda$new$24(JsonOutput.java:182)
	at com.google.common.collect.SingletonImmutableBiMap.forEach(SingletonImmutableBiMap.java:66)
	at org.openqa.selenium.json.JsonOutput.lambda$new$25(JsonOutput.java:177)
	at org.openqa.selenium.json.JsonOutput.write(JsonOutput.java:287)
	at org.openqa.selenium.json.JsonOutput.write(JsonOutput.java:278)
	at org.openqa.selenium.json.Json.toJson(Json.java:42)
	at org.openqa.selenium.remote.codec.AbstractHttpCommandCodec.encode(AbstractHttpCommandCodec.java:253)
	at org.openqa.selenium.remote.codec.AbstractHttpCommandCodec.encode(AbstractHttpCommandCodec.java:127)
	at org.openqa.selenium.remote.HttpCommandExecutor.execute(HttpCommandExecutor.java:175)
	at org.openqa.selenium.remote.TracedCommandExecutor.execute(TracedCommandExecutor.java:39)
	at org.openqa.selenium.remote.RemoteWebDriver.execute(RemoteWebDriver.java:620)
	at org.openqa.selenium.remote.RemoteWebDriver.perform(RemoteWebDriver.java:688)
	at org.openqa.selenium.interactions.Actions$BuiltAction.perform(Actions.java:617)
	at org.openqa.selenium.interactions.Actions.perform(Actions.java:573)
	at com.valeryk.BasePage.clickOnElement(BasePage.java:38)
	at com.valeryk.pageobject.SearchPage.selectProduct(SearchPage.java:24)
	at com.valeryk.test.AsosTest.searchTest(AsosTest.java:13)
	at java.base/jdk.internal.reflect.NativeMethodAccessorImpl.invoke0(Native Method)
	at java.base/jdk.internal.reflect.NativeMethodAccessorImpl.invoke(NativeMethodAccessorImpl.java:64)
	at java.base/jdk.internal.reflect.DelegatingMethodAccessorImpl.invoke(DelegatingMethodAccessorImpl.java:43)
	at java.base/java.lang.reflect.Method.invoke(Method.java:564)
	at org.testng.internal.MethodInvocationHelper.invokeMethod(MethodInvocationHelper.java:132)
	at org.testng.internal.TestInvoker.invokeMethod(TestInvoker.java:599)
	at org.testng.internal.TestInvoker.invokeTestMethod(TestInvoker.java:174)
	at org.testng.internal.MethodRunner.runInSequence(MethodRunner.java:46)
	at org.testng.internal.TestInvoker$MethodInvocationAgent.invoke(TestInvoker.java:822)
	at org.testng.internal.TestInvoker.invokeTestMethods(TestInvoker.java:147)
	at org.testng.internal.TestMethodWorker.invokeTestMethods(TestMethodWorker.java:146)
	at org.testng.internal.TestMethodWorker.run(TestMethodWorker.java:128)
	at java.base/java.util.ArrayList.forEach(ArrayList.java:1511)
	at org.testng.TestRunner.privateRun(TestRunner.java:764)
	at org.testng.TestRunner.run(TestRunner.java:585)
	at org.testng.SuiteRunner.runTest(SuiteRunner.java:384)
	at org.testng.SuiteRunner.runSequentially(SuiteRunner.java:378)
	at org.testng.SuiteRunner.privateRun(SuiteRunner.java:337)
	at org.testng.SuiteRunner.run(SuiteRunner.java:286)
	at org.testng.SuiteRunnerWorker.runSuite(SuiteRunnerWorker.java:53)
	at org.testng.SuiteRunnerWorker.run(SuiteRunnerWorker.java:96)
	at org.testng.TestNG.runSuitesSequentially(TestNG.java:1218)
	at org.testng.TestNG.runSuitesLocally(TestNG.java:1140)
	at org.testng.TestNG.runSuites(TestNG.java:1069)
	at org.testng.TestNG.run(TestNG.java:1037)
	at com.intellij.rt.testng.IDEARemoteTestNG.run(IDEARemoteTestNG.java:66)
	at com.intellij.rt.testng.RemoteTestNGStarter.main(RemoteTestNGStarter.java:109)
	Suppressed: org.openqa.selenium.json.JsonException: Attempting to close incomplete json stream
Build info: version: '4.0.0-beta-2', revision: '4ec0cfc112'
System info: host: 'DESKTOP-6RAFNNG', ip: '192.168.43.182', os.name: 'Windows 10', os.arch: 'amd64', os.version: '10.0', java.version: '15'
Driver info: driver.version: RemoteWebDriver
		at org.openqa.selenium.json.JsonOutput.close(JsonOutput.java:303)
		at org.openqa.selenium.json.Json.toJson(Json.java:40)
		... 38 more
Caused by: java.lang.reflect.InvocationTargetException
	at java.base/jdk.internal.reflect.NativeMethodAccessorImpl.invoke0(Native Method)
	at java.base/jdk.internal.reflect.NativeMethodAccessorImpl.invoke(NativeMethodAccessorImpl.java:64)
	at java.base/jdk.internal.reflect.DelegatingMethodAccessorImpl.invoke(DelegatingMethodAccessorImpl.java:43)
	at java.base/java.lang.reflect.Method.invoke(Method.java:564)
	at org.openqa.selenium.json.JsonOutput.convertUsingMethod(JsonOutput.java:358)
	... 59 more
Caused by: org.openqa.selenium.NoSuchElementException: no such element: Unable to locate element: {"method":"xpath","selector":"//article[starts-with(@id, 'product')][1]/a"}
  (Session info: chrome=89.0.4389.114)
For documentation on this error, please visit: https://selenium.dev/exceptions/#no_such_element
Build info: version: '4.0.0-beta-2', revision: '4ec0cfc112'
System info: host: 'DESKTOP-6RAFNNG', ip: '192.168.43.182', os.name: 'Windows 10', os.arch: 'amd64', os.version: '10.0', java.version: '15'
Driver info: org.openqa.selenium.remote.RemoteWebDriver
Command: [d783d4ffde20ab3f7f3d5c3b98694760, findElement {using=xpath, value=//article[starts-with(@id, 'product')][1]/a}]
Capabilities {acceptInsecureCerts: true, browserName: chrome, browserVersion: 89.0.4389.114, chrome: {chromedriverVersion: 89.0.4389.23 (61b08ee2c5002..., userDataDir: C:\Users\Home\AppData\Local...}, goog:chromeOptions: {debuggerAddress: localhost:63376}, javascriptEnabled: true, networkConnectionEnabled: false, pageLoadStrategy: normal, platform: WINDOWS, platformName: WINDOWS, proxy: Proxy(), se:cdp: ws://192.168.43.182:4444/se..., se:cdpVersion: 89.0.4389.114, setWindowRect: true, strictFileInteractability: false, timeouts: {implicit: 0, pageLoad: 300000, script: 30000}, unhandledPromptBehavior: dismiss and notify, webauthn:extension:largeBlob: true, webauthn:virtualAuthenticators: true}
Session ID: d783d4ffde20ab3f7f3d5c3b98694760
	at java.base/jdk.internal.reflect.NativeConstructorAccessorImpl.newInstance0(Native Method)
	at java.base/jdk.internal.reflect.NativeConstructorAccessorImpl.newInstance(NativeConstructorAccessorImpl.java:64)
	at java.base/jdk.internal.reflect.DelegatingConstructorAccessorImpl.newInstance(DelegatingConstructorAccessorImpl.java:45)
	at java.base/java.lang.reflect.Constructor.newInstanceWithCaller(Constructor.java:500)
	at java.base/java.lang.reflect.Constructor.newInstance(Constructor.java:481)
	at org.openqa.selenium.remote.codec.w3c.W3CHttpResponseCodec.createException(W3CHttpResponseCodec.java:195)
	at org.openqa.selenium.remote.codec.w3c.W3CHttpResponseCodec.decode(W3CHttpResponseCodec.java:128)
	at org.openqa.selenium.remote.codec.w3c.W3CHttpResponseCodec.decode(W3CHttpResponseCodec.java:52)
	at org.openqa.selenium.remote.HttpCommandExecutor.execute(HttpCommandExecutor.java:187)
	at org.openqa.selenium.remote.TracedCommandExecutor.execute(TracedCommandExecutor.java:39)
	at org.openqa.selenium.remote.RemoteWebDriver.execute(RemoteWebDriver.java:620)
	at org.openqa.selenium.remote.RemoteWebDriver$Mechanism$2.findElement(RemoteWebDriver.java:1259)
	at org.openqa.selenium.remote.RemoteWebDriver.findElement(RemoteWebDriver.java:388)
	at org.openqa.selenium.remote.RemoteWebDriver.findElement(RemoteWebDriver.java:382)
	at org.openqa.selenium.support.pagefactory.DefaultElementLocator.findElement(DefaultElementLocator.java:70)
	at org.openqa.selenium.support.pagefactory.internal.LocatingElementHandler.invoke(LocatingElementHandler.java:39)
	at com.sun.proxy.$Proxy34.getWrappedElement(Unknown Source)
	at org.openqa.selenium.interactions.PointerInput$Origin.asArg(PointerInput.java:201)
	at org.openqa.selenium.interactions.PointerInput$Move.encode(PointerInput.java:152)
	at org.openqa.selenium.interactions.Sequence.encode(Sequence.java:73)
	at org.openqa.selenium.interactions.Sequence.toJson(Sequence.java:82)
	... 64 more

17:22:34.784 [main] INFO   -  
 --------------- Test Execution ENDED --------------- 

17:22:34.970 [main] INFO   - Suite Name->HomeTask4::Report output Ditectory->C:\TestAutomationModule\HomeTask4\test-output\Default Suite::Suite Name->Default Suite
     Start Date Time for execution->Fri Apr 16 17:22:08 CEST 2021::End Date Time for execution->Fri Apr 16 17:22:34 CEST 2021
17:22:34.970 [main] INFO   - --------FAILED TEST CASE---------
17:22:35.242 [main] INFO   - TESTCASE NAME->searchTest
Description->
Priority->0
:Date->Thu Jan 01 00:59:59 CET 1970
17:34:00.811 [main] INFO   -  
 --------------- Test Execution STARTED --------------- 
 
17:34:00.959 [main] INFO  DriverManager - Chrome driver selected
17:34:08.889 [main] INFO  PropertyManager - Trying to access property file: testdata/default.properties
17:34:08.977 [main] INFO   - com.valeryk.test.AsosTest.searchTest --- Test case STARTED
17:34:09.142 [main] INFO  HomePage - Trying to open application home page
17:34:15.016 [main] INFO  HomePage - Accepting cookies
17:34:15.081 [main] INFO  HomePage - Clicking on element: [[RemoteWebDriver: chrome on WINDOWS (6b02f2d68e3649f9c0986d3a022110de)] -> xpath: //div[@data-testid='cookie-disclaimer']//button]
17:34:16.258 [main] INFO  HomePage - Clicking on element: [[RemoteWebDriver: chrome on WINDOWS (6b02f2d68e3649f9c0986d3a022110de)] -> xpath: //button[@data-testid='close-button' and @aria-label='Close']]
17:34:18.087 [main] INFO  HomePage - Performing search for product with title: Nike
17:34:18.190 [main] INFO  HomePage - Entering text: "Nike" into field with XPath: [[RemoteWebDriver: chrome on WINDOWS (6b02f2d68e3649f9c0986d3a022110de)] -> xpath: //input[@id='chrome-search']]
17:34:19.105 [main] INFO  HomePage - Pressing key: ENTER
17:34:23.208 [main] INFO  HomePage - Selecting product from list of results
17:34:23.311 [main] INFO  HomePage - Clicking on element: [[RemoteWebDriver: chrome on WINDOWS (6b02f2d68e3649f9c0986d3a022110de)] -> xpath: //article[starts-with(@id, 'product')][1]/a]
17:34:24.188 [main] INFO   - com.valeryk.test.AsosTest.searchTest --- Test case PASSED
17:34:26.105 [main] INFO   -  
 --------------- Test Execution ENDED --------------- 

17:34:26.583 [main] INFO   - Suite Name->HomeTask4::Report output Ditectory->C:\TestAutomationModule\HomeTask4\test-output\Default Suite::Suite Name->Default Suite
     Start Date Time for execution->Fri Apr 16 17:34:00 CEST 2021::End Date Time for execution->Fri Apr 16 17:34:26 CEST 2021
17:35:56.948 [main] INFO   -  
 --------------- Test Execution STARTED --------------- 
 
17:35:57.124 [main] INFO  DriverManager - Chrome driver selected
17:36:03.721 [main] INFO  PropertyManager - Trying to access property file: testdata/default.properties
17:36:03.804 [main] INFO   - com.valeryk.test.AsosTest.searchTest --- Test case STARTED
17:36:04.141 [main] INFO  HomePage - Trying to open application home page
17:36:10.250 [main] INFO  HomePage - Accepting cookies
17:36:10.501 [main] INFO  HomePage - Clicking on element: [[RemoteWebDriver: chrome on WINDOWS (f473dcef70e6aa2bcff9b70668758a4a)] -> xpath: //div[@data-testid='cookie-disclaimer']//button]
17:36:12.293 [main] INFO  HomePage - Clicking on element: [[RemoteWebDriver: chrome on WINDOWS (f473dcef70e6aa2bcff9b70668758a4a)] -> xpath: //button[@data-testid='close-button' and @aria-label='Close']]
17:36:13.381 [main] INFO  HomePage - Performing search for product with title: Nike
17:36:13.464 [main] INFO  HomePage - Entering text: "Nike" into field with XPath: [[RemoteWebDriver: chrome on WINDOWS (f473dcef70e6aa2bcff9b70668758a4a)] -> xpath: //input[@id='chrome-search']]
17:36:14.355 [main] INFO  HomePage - Pressing key: ENTER
17:36:17.592 [main] INFO  HomePage - Selecting product from list of results
17:36:17.692 [main] INFO  HomePage - Clicking on element: [[RemoteWebDriver: chrome on WINDOWS (f473dcef70e6aa2bcff9b70668758a4a)] -> xpath: //article[starts-with(@id, 'product')][1]/a]
17:36:23.407 [main] INFO   - com.valeryk.test.AsosTest.searchTest --- Test case PASSED
17:36:26.384 [main] INFO   -  
 --------------- Test Execution ENDED --------------- 

17:36:27.129 [main] INFO   - Suite Name->HomeTask4::Report output Ditectory->C:\TestAutomationModule\HomeTask4\test-output\Default Suite::Suite Name->Default Suite
     Start Date Time for execution->Fri Apr 16 17:35:56 CEST 2021::End Date Time for execution->Fri Apr 16 17:36:26 CEST 2021
18:02:23.476 [main] INFO   -  
 --------------- Test Execution STARTED --------------- 
 
18:02:23.636 [main] INFO  DriverManager - Chrome driver selected
18:02:32.650 [main] INFO   - com.valeryk.test.AsosTest.searchTest --- Test case STARTED
18:02:32.666 [main] ERROR  - com.valeryk.test.AsosTest.searchTest --- Test case SKIPPED
18:02:32.738 [main] INFO   -  
 --------------- Test Execution ENDED --------------- 

18:02:32.810 [main] INFO   - Suite Name->HomeTask4::Report output Ditectory->C:\TestAutomationModule\HomeTask4\test-output\Default Suite::Suite Name->Default Suite
     Start Date Time for execution->Fri Apr 16 18:02:23 CEST 2021::End Date Time for execution->Fri Apr 16 18:02:32 CEST 2021
18:10:11.961 [main] INFO   -  
 --------------- Test Execution STARTED --------------- 
 
18:10:12.097 [main] INFO  DriverManager - Chrome driver selected
18:10:18.996 [main] INFO  PropertyManager - Trying to access property file: testdata/default.properties
18:10:19.068 [main] INFO   - com.valeryk.test.AsosTest.searchTest --- Test case STARTED
18:10:19.196 [main] INFO  HomePage - Trying to open application home page
18:10:20.270 [main] ERROR  - com.valeryk.test.AsosTest.searchTest --- Test case FAILED
18:10:20.278 [main] ERROR  - org.openqa.selenium.WebDriverException: unknown error: net::ERR_NAME_NOT_RESOLVED
  (Session info: chrome=89.0.4389.114)
Build info: version: '4.0.0-beta-2', revision: '4ec0cfc112'
System info: host: 'DESKTOP-6RAFNNG', ip: '192.168.43.182', os.name: 'Windows 10', os.arch: 'amd64', os.version: '10.0', java.version: '15'
Driver info: org.openqa.selenium.remote.RemoteWebDriver
Command: [bfd47504349d235ed14541e0edc70941, get {url=https://www.asos.com/us/women/}]
Capabilities {acceptInsecureCerts: true, browserName: chrome, browserVersion: 89.0.4389.114, chrome: {chromedriverVersion: 89.0.4389.23 (61b08ee2c5002..., userDataDir: C:\Users\Home\AppData\Local...}, goog:chromeOptions: {debuggerAddress: localhost:61448}, javascriptEnabled: true, networkConnectionEnabled: false, pageLoadStrategy: normal, platform: WINDOWS, platformName: WINDOWS, proxy: Proxy(), se:cdp: ws://DESKTOP-6RAFNNG:4444/s..., se:cdpVersion: 89.0.4389.114, setWindowRect: true, strictFileInteractability: false, timeouts: {implicit: 0, pageLoad: 300000, script: 30000}, unhandledPromptBehavior: dismiss and notify, webauthn:extension:largeBlob: true, webauthn:virtualAuthenticators: true}
Session ID: bfd47504349d235ed14541e0edc70941
	at java.base/jdk.internal.reflect.NativeConstructorAccessorImpl.newInstance0(Native Method)
	at java.base/jdk.internal.reflect.NativeConstructorAccessorImpl.newInstance(NativeConstructorAccessorImpl.java:64)
	at java.base/jdk.internal.reflect.DelegatingConstructorAccessorImpl.newInstance(DelegatingConstructorAccessorImpl.java:45)
	at java.base/java.lang.reflect.Constructor.newInstanceWithCaller(Constructor.java:500)
	at java.base/java.lang.reflect.Constructor.newInstance(Constructor.java:481)
	at org.openqa.selenium.remote.codec.w3c.W3CHttpResponseCodec.createException(W3CHttpResponseCodec.java:195)
	at org.openqa.selenium.remote.codec.w3c.W3CHttpResponseCodec.decode(W3CHttpResponseCodec.java:128)
	at org.openqa.selenium.remote.codec.w3c.W3CHttpResponseCodec.decode(W3CHttpResponseCodec.java:52)
	at org.openqa.selenium.remote.HttpCommandExecutor.execute(HttpCommandExecutor.java:187)
	at org.openqa.selenium.remote.TracedCommandExecutor.execute(TracedCommandExecutor.java:39)
	at org.openqa.selenium.remote.RemoteWebDriver.execute(RemoteWebDriver.java:620)
	at org.openqa.selenium.remote.RemoteWebDriver.get(RemoteWebDriver.java:334)
	at org.openqa.selenium.remote.RemoteWebDriver$RemoteNavigation.to(RemoteWebDriver.java:1013)
	at com.valeryk.pageobject.HomePage.open(HomePage.java:39)
	at com.valeryk.test.AsosTest.searchTest(AsosTest.java:12)
	at java.base/jdk.internal.reflect.NativeMethodAccessorImpl.invoke0(Native Method)
	at java.base/jdk.internal.reflect.NativeMethodAccessorImpl.invoke(NativeMethodAccessorImpl.java:64)
	at java.base/jdk.internal.reflect.DelegatingMethodAccessorImpl.invoke(DelegatingMethodAccessorImpl.java:43)
	at java.base/java.lang.reflect.Method.invoke(Method.java:564)
	at org.testng.internal.MethodInvocationHelper.invokeMethod(MethodInvocationHelper.java:132)
	at org.testng.internal.TestInvoker.invokeMethod(TestInvoker.java:599)
	at org.testng.internal.TestInvoker.invokeTestMethod(TestInvoker.java:174)
	at org.testng.internal.MethodRunner.runInSequence(MethodRunner.java:46)
	at org.testng.internal.TestInvoker$MethodInvocationAgent.invoke(TestInvoker.java:822)
	at org.testng.internal.TestInvoker.invokeTestMethods(TestInvoker.java:147)
	at org.testng.internal.TestMethodWorker.invokeTestMethods(TestMethodWorker.java:146)
	at org.testng.internal.TestMethodWorker.run(TestMethodWorker.java:128)
	at java.base/java.util.ArrayList.forEach(ArrayList.java:1511)
	at org.testng.TestRunner.privateRun(TestRunner.java:764)
	at org.testng.TestRunner.run(TestRunner.java:585)
	at org.testng.SuiteRunner.runTest(SuiteRunner.java:384)
	at org.testng.SuiteRunner.runSequentially(SuiteRunner.java:378)
	at org.testng.SuiteRunner.privateRun(SuiteRunner.java:337)
	at org.testng.SuiteRunner.run(SuiteRunner.java:286)
	at org.testng.SuiteRunnerWorker.runSuite(SuiteRunnerWorker.java:53)
	at org.testng.SuiteRunnerWorker.run(SuiteRunnerWorker.java:96)
	at org.testng.TestNG.runSuitesSequentially(TestNG.java:1218)
	at org.testng.TestNG.runSuitesLocally(TestNG.java:1140)
	at org.testng.TestNG.runSuites(TestNG.java:1069)
	at org.testng.TestNG.run(TestNG.java:1037)
	at com.intellij.rt.testng.IDEARemoteTestNG.run(IDEARemoteTestNG.java:66)
	at com.intellij.rt.testng.RemoteTestNGStarter.main(RemoteTestNGStarter.java:109)

18:10:22.771 [main] INFO   -  
 --------------- Test Execution ENDED --------------- 

18:10:22.843 [main] INFO   - Suite Name->HomeTask4::Report output Ditectory->C:\TestAutomationModule\HomeTask4\test-output\Default Suite::Suite Name->Default Suite
     Start Date Time for execution->Fri Apr 16 18:10:11 CEST 2021::End Date Time for execution->Fri Apr 16 18:10:22 CEST 2021
18:10:22.843 [main] INFO   - --------FAILED TEST CASE---------
18:10:22.859 [main] INFO   - TESTCASE NAME->searchTest
Description->
Priority->0
:Date->Thu Jan 01 00:59:59 CET 1970
18:11:28.471 [main] INFO   -  
 --------------- Test Execution STARTED --------------- 
 
18:11:28.612 [main] INFO  DriverManager - Chrome driver selected
18:11:34.069 [main] INFO  PropertyManager - Trying to access property file: testdata/default.properties
18:11:34.117 [main] INFO   - com.valeryk.test.AsosTest.searchTest --- Test case STARTED
