{"name":"searchTest","status":"broken","statusDetails":{"known":false,"muted":false,"flaky":false,"message":"java.lang.reflect.InvocationTargetException\nBuild info: version: '4.0.0-beta-2', revision: '4ec0cfc112'\nSystem info: host: 'DESKTOP-6RAFNNG', ip: '192.168.43.182', os.name: 'Windows 10', os.arch: 'amd64', os.version: '10.0', java.version: '15'\nDriver info: org.openqa.selenium.remote.RemoteWebDriver\nCommand: [f424d93e18a90717e095d533269e9b2b, actions {actions=[org.openqa.selenium.interactions.Sequence@78508e6b]}]\nCapabilities {acceptInsecureCerts: true, browserName: chrome, browserVersion: 89.0.4389.114, chrome: {chromedriverVersion: 89.0.4389.23 (61b08ee2c5002..., userDataDir: C:\\Users\\Home\\AppData\\Local...}, goog:chromeOptions: {debuggerAddress: localhost:62691}, javascriptEnabled: true, networkConnectionEnabled: false, pageLoadStrategy: normal, platform: WINDOWS, platformName: WINDOWS, proxy: Proxy(), se:cdp: ws://192.168.43.182:4444/se..., se:cdpVersion: 89.0.4389.114, setWindowRect: true, strictFileInteractability: false, timeouts: {implicit: 0, pageLoad: 300000, script: 30000}, unhandledPromptBehavior: dismiss and notify, webauthn:extension:largeBlob: true, webauthn:virtualAuthenticators: true}\nSession ID: f424d93e18a90717e095d533269e9b2b","trace":"org.openqa.selenium.json.JsonException: java.lang.reflect.InvocationTargetException\nBuild info: version: '4.0.0-beta-2', revision: '4ec0cfc112'\nSystem info: host: 'DESKTOP-6RAFNNG', ip: '192.168.43.182', os.name: 'Windows 10', os.arch: 'amd64', os.version: '10.0', java.version: '15'\nDriver info: org.openqa.selenium.remote.RemoteWebDriver\nCommand: [f424d93e18a90717e095d533269e9b2b, actions {actions=[org.openqa.selenium.interactions.Sequence@78508e6b]}]\nCapabilities {acceptInsecureCerts: true, browserName: chrome, browserVersion: 89.0.4389.114, chrome: {chromedriverVersion: 89.0.4389.23 (61b08ee2c5002..., userDataDir: C:\\Users\\Home\\AppData\\Local...}, goog:chromeOptions: {debuggerAddress: localhost:62691}, javascriptEnabled: true, networkConnectionEnabled: false, pageLoadStrategy: normal, platform: WINDOWS, platformName: WINDOWS, proxy: Proxy(), se:cdp: ws://192.168.43.182:4444/se..., se:cdpVersion: 89.0.4389.114, setWindowRect: true, strictFileInteractability: false, timeouts: {implicit: 0, pageLoad: 300000, script: 30000}, unhandledPromptBehavior: dismiss and notify, webauthn:extension:largeBlob: true, webauthn:virtualAuthenticators: true}\nSession ID: f424d93e18a90717e095d533269e9b2b\r\n\tat org.openqa.selenium.json.JsonOutput.convertUsingMethod(JsonOutput.java:362)\r\n\tat org.openqa.selenium.json.JsonOutput.lambda$new$16(JsonOutput.java:154)\r\n\tat org.openqa.selenium.json.JsonOutput.write(JsonOutput.java:287)\r\n\tat org.openqa.selenium.json.JsonOutput.lambda$new$22(JsonOutput.java:169)\r\n\tat java.base/java.util.stream.ForEachOps$ForEachOp$OfRef.accept(ForEachOps.java:183)\r\n\tat java.base/java.util.stream.ReferencePipeline$2$1.accept(ReferencePipeline.java:177)\r\n\tat java.base/java.util.Iterator.forEachRemaining(Iterator.java:133)\r\n\tat java.base/java.util.Spliterators$IteratorSpliterator.forEachRemaining(Spliterators.java:1801)\r\n\tat java.base/java.util.stream.AbstractPipeline.copyInto(AbstractPipeline.java:484)\r\n\tat java.base/java.util.stream.AbstractPipeline.wrapAndCopyInto(AbstractPipeline.java:474)\r\n\tat java.base/java.util.stream.ForEachOps$ForEachOp.evaluateSequential(ForEachOps.java:150)\r\n\tat java.base/java.util.stream.ForEachOps$ForEachOp$OfRef.evaluateSequential(ForEachOps.java:173)\r\n\tat java.base/java.util.stream.AbstractPipeline.evaluate(AbstractPipeline.java:234)\r\n\tat java.base/java.util.stream.ReferencePipeline.forEach(ReferencePipeline.java:497)\r\n\tat org.openqa.selenium.json.JsonOutput.lambda$new$23(JsonOutput.java:169)\r\n\tat org.openqa.selenium.json.JsonOutput.write(JsonOutput.java:287)\r\n\tat org.openqa.selenium.json.JsonOutput.lambda$new$24(JsonOutput.java:182)\r\n\tat com.google.common.collect.SingletonImmutableBiMap.forEach(SingletonImmutableBiMap.java:66)\r\n\tat org.openqa.selenium.json.JsonOutput.lambda$new$25(JsonOutput.java:177)\r\n\tat org.openqa.selenium.json.JsonOutput.write(JsonOutput.java:287)\r\n\tat org.openqa.selenium.json.JsonOutput.write(JsonOutput.java:278)\r\n\tat org.openqa.selenium.json.Json.toJson(Json.java:42)\r\n\tat org.openqa.selenium.remote.codec.AbstractHttpCommandCodec.encode(AbstractHttpCommandCodec.java:253)\r\n\tat org.openqa.selenium.remote.codec.AbstractHttpCommandCodec.encode(AbstractHttpCommandCodec.java:127)\r\n\tat org.openqa.selenium.remote.HttpCommandExecutor.execute(HttpCommandExecutor.java:175)\r\n\tat org.openqa.selenium.remote.TracedCommandExecutor.execute(TracedCommandExecutor.java:39)\r\n\tat org.openqa.selenium.remote.RemoteWebDriver.execute(RemoteWebDriver.java:620)\r\n\tat org.openqa.selenium.remote.RemoteWebDriver.perform(RemoteWebDriver.java:688)\r\n\tat org.openqa.selenium.interactions.Actions$BuiltAction.perform(Actions.java:617)\r\n\tat org.openqa.selenium.interactions.Actions.perform(Actions.java:573)\r\n\tat com.valeryk.BasePage.clickOnElement(BasePage.java:38)\r\n\tat com.valeryk.pageobject.SearchPage.selectProduct(SearchPage.java:24)\r\n\tat com.valeryk.test.AsosTest.searchTest(AsosTest.java:13)\r\n\tat java.base/jdk.internal.reflect.NativeMethodAccessorImpl.invoke0(Native Method)\r\n\tat java.base/jdk.internal.reflect.NativeMethodAccessorImpl.invoke(NativeMethodAccessorImpl.java:64)\r\n\tat java.base/jdk.internal.reflect.DelegatingMethodAccessorImpl.invoke(DelegatingMethodAccessorImpl.java:43)\r\n\tat java.base/java.lang.reflect.Method.invoke(Method.java:564)\r\n\tat org.testng.internal.MethodInvocationHelper.invokeMethod(MethodInvocationHelper.java:132)\r\n\tat org.testng.internal.TestInvoker.invokeMethod(TestInvoker.java:599)\r\n\tat org.testng.internal.TestInvoker.invokeTestMethod(TestInvoker.java:174)\r\n\tat org.testng.internal.MethodRunner.runInSequence(MethodRunner.java:46)\r\n\tat org.testng.internal.TestInvoker$MethodInvocationAgent.invoke(TestInvoker.java:822)\r\n\tat org.testng.internal.TestInvoker.invokeTestMethods(TestInvoker.java:147)\r\n\tat org.testng.internal.TestMethodWorker.invokeTestMethods(TestMethodWorker.java:146)\r\n\tat org.testng.internal.TestMethodWorker.run(TestMethodWorker.java:128)\r\n\tat java.base/java.util.ArrayList.forEach(ArrayList.java:1511)\r\n\tat org.testng.TestRunner.privateRun(TestRunner.java:764)\r\n\tat org.testng.TestRunner.run(TestRunner.java:585)\r\n\tat org.testng.SuiteRunner.runTest(SuiteRunner.java:384)\r\n\tat org.testng.SuiteRunner.runSequentially(SuiteRunner.java:378)\r\n\tat org.testng.SuiteRunner.privateRun(SuiteRunner.java:337)\r\n\tat org.testng.SuiteRunner.run(SuiteRunner.java:286)\r\n\tat org.testng.SuiteRunnerWorker.runSuite(SuiteRunnerWorker.java:53)\r\n\tat org.testng.SuiteRunnerWorker.run(SuiteRunnerWorker.java:96)\r\n\tat org.testng.TestNG.runSuitesSequentially(TestNG.java:1218)\r\n\tat org.testng.TestNG.runSuitesLocally(TestNG.java:1140)\r\n\tat org.testng.TestNG.runSuites(TestNG.java:1069)\r\n\tat org.testng.TestNG.run(TestNG.java:1037)\r\n\tat com.intellij.rt.testng.IDEARemoteTestNG.run(IDEARemoteTestNG.java:66)\r\n\tat com.intellij.rt.testng.RemoteTestNGStarter.main(RemoteTestNGStarter.java:109)\r\n\tSuppressed: org.openqa.selenium.json.JsonException: Attempting to close incomplete json stream\nBuild info: version: '4.0.0-beta-2', revision: '4ec0cfc112'\nSystem info: host: 'DESKTOP-6RAFNNG', ip: '192.168.43.182', os.name: 'Windows 10', os.arch: 'amd64', os.version: '10.0', java.version: '15'\nDriver info: driver.version: RemoteWebDriver\r\n\t\tat org.openqa.selenium.json.JsonOutput.close(JsonOutput.java:303)\r\n\t\tat org.openqa.selenium.json.Json.toJson(Json.java:40)\r\n\t\t... 38 more\r\nCaused by: java.lang.reflect.InvocationTargetException\r\n\tat java.base/jdk.internal.reflect.NativeMethodAccessorImpl.invoke0(Native Method)\r\n\tat java.base/jdk.internal.reflect.NativeMethodAccessorImpl.invoke(NativeMethodAccessorImpl.java:64)\r\n\tat java.base/jdk.internal.reflect.DelegatingMethodAccessorImpl.invoke(DelegatingMethodAccessorImpl.java:43)\r\n\tat java.base/java.lang.reflect.Method.invoke(Method.java:564)\r\n\tat org.openqa.selenium.json.JsonOutput.convertUsingMethod(JsonOutput.java:358)\r\n\t... 59 more\r\nCaused by: org.openqa.selenium.NoSuchElementException: no such element: Unable to locate element: {\"method\":\"xpath\",\"selector\":\"//article[starts-with(@id, 'product')][1]\"}\n  (Session info: chrome=89.0.4389.114)\nFor documentation on this error, please visit: https://selenium.dev/exceptions/#no_such_element\nBuild info: version: '4.0.0-beta-2', revision: '4ec0cfc112'\nSystem info: host: 'DESKTOP-6RAFNNG', ip: '192.168.43.182', os.name: 'Windows 10', os.arch: 'amd64', os.version: '10.0', java.version: '15'\nDriver info: org.openqa.selenium.remote.RemoteWebDriver\nCommand: [f424d93e18a90717e095d533269e9b2b, findElement {using=xpath, value=//article[starts-with(@id, 'product')][1]}]\nCapabilities {acceptInsecureCerts: true, browserName: chrome, browserVersion: 89.0.4389.114, chrome: {chromedriverVersion: 89.0.4389.23 (61b08ee2c5002..., userDataDir: C:\\Users\\Home\\AppData\\Local...}, goog:chromeOptions: {debuggerAddress: localhost:62691}, javascriptEnabled: true, networkConnectionEnabled: false, pageLoadStrategy: normal, platform: WINDOWS, platformName: WINDOWS, proxy: Proxy(), se:cdp: ws://192.168.43.182:4444/se..., se:cdpVersion: 89.0.4389.114, setWindowRect: true, strictFileInteractability: false, timeouts: {implicit: 0, pageLoad: 300000, script: 30000}, unhandledPromptBehavior: dismiss and notify, webauthn:extension:largeBlob: true, webauthn:virtualAuthenticators: true}\nSession ID: f424d93e18a90717e095d533269e9b2b\r\n\tat java.base/jdk.internal.reflect.NativeConstructorAccessorImpl.newInstance0(Native Method)\r\n\tat java.base/jdk.internal.reflect.NativeConstructorAccessorImpl.newInstance(NativeConstructorAccessorImpl.java:64)\r\n\tat java.base/jdk.internal.reflect.DelegatingConstructorAccessorImpl.newInstance(DelegatingConstructorAccessorImpl.java:45)\r\n\tat java.base/java.lang.reflect.Constructor.newInstanceWithCaller(Constructor.java:500)\r\n\tat java.base/java.lang.reflect.Constructor.newInstance(Constructor.java:481)\r\n\tat org.openqa.selenium.remote.codec.w3c.W3CHttpResponseCodec.createException(W3CHttpResponseCodec.java:195)\r\n\tat org.openqa.selenium.remote.codec.w3c.W3CHttpResponseCodec.decode(W3CHttpResponseCodec.java:128)\r\n\tat org.openqa.selenium.remote.codec.w3c.W3CHttpResponseCodec.decode(W3CHttpResponseCodec.java:52)\r\n\tat org.openqa.selenium.remote.HttpCommandExecutor.execute(HttpCommandExecutor.java:187)\r\n\tat org.openqa.selenium.remote.TracedCommandExecutor.execute(TracedCommandExecutor.java:39)\r\n\tat org.openqa.selenium.remote.RemoteWebDriver.execute(RemoteWebDriver.java:620)\r\n\tat org.openqa.selenium.remote.RemoteWebDriver$Mechanism$2.findElement(RemoteWebDriver.java:1259)\r\n\tat org.openqa.selenium.remote.RemoteWebDriver.findElement(RemoteWebDriver.java:388)\r\n\tat org.openqa.selenium.remote.RemoteWebDriver.findElement(RemoteWebDriver.java:382)\r\n\tat org.openqa.selenium.support.pagefactory.DefaultElementLocator.findElement(DefaultElementLocator.java:70)\r\n\tat org.openqa.selenium.support.pagefactory.internal.LocatingElementHandler.invoke(LocatingElementHandler.java:39)\r\n\tat com.sun.proxy.$Proxy34.getWrappedElement(Unknown Source)\r\n\tat org.openqa.selenium.interactions.PointerInput$Origin.asArg(PointerInput.java:201)\r\n\tat org.openqa.selenium.interactions.PointerInput$Move.encode(PointerInput.java:152)\r\n\tat org.openqa.selenium.interactions.Sequence.encode(Sequence.java:73)\r\n\tat org.openqa.selenium.interactions.Sequence.toJson(Sequence.java:82)\r\n\t... 64 more\r\n"},"stage":"finished","steps":[{"name":"Open application home page","status":"passed","stage":"finished","steps":[],"attachments":[],"parameters":[],"start":1618586176665,"stop":1618586183153},{"name":"Accept cookies","status":"passed","stage":"finished","steps":[],"attachments":[],"parameters":[],"start":1618586183153,"stop":1618586184256},{"name":"Search for a product with name: Nike","status":"passed","stage":"finished","steps":[],"attachments":[],"parameters":[{"name":"productTitle","value":"Nike"}],"start":1618586184263,"stop":1618586187391},{"name":"Go to the product page","status":"broken","statusDetails":{"known":false,"muted":false,"flaky":false,"message":"java.lang.reflect.InvocationTargetException\nBuild info: version: '4.0.0-beta-2', revision: '4ec0cfc112'\nSystem info: host: 'DESKTOP-6RAFNNG', ip: '192.168.43.182', os.name: 'Windows 10', os.arch: 'amd64', os.version: '10.0', java.version: '15'\nDriver info: org.openqa.selenium.remote.RemoteWebDriver\nCommand: [f424d93e18a90717e095d533269e9b2b, actions {actions=[org.openqa.selenium.interactions.Sequence@78508e6b]}]\nCapabilities {acceptInsecureCerts: true, browserName: chrome, browserVersion: 89.0.4389.114, chrome: {chromedriverVersion: 89.0.4389.23 (61b08ee2c5002..., userDataDir: C:\\Users\\Home\\AppData\\Local...}, goog:chromeOptions: {debuggerAddress: localhost:62691}, javascriptEnabled: true, networkConnectionEnabled: false, pageLoadStrategy: normal, platform: WINDOWS, platformName: WINDOWS, proxy: Proxy(), se:cdp: ws://192.168.43.182:4444/se..., se:cdpVersion: 89.0.4389.114, setWindowRect: true, strictFileInteractability: false, timeouts: {implicit: 0, pageLoad: 300000, script: 30000}, unhandledPromptBehavior: dismiss and notify, webauthn:extension:largeBlob: true, webauthn:virtualAuthenticators: true}\nSession ID: f424d93e18a90717e095d533269e9b2b","trace":"org.openqa.selenium.json.JsonException: java.lang.reflect.InvocationTargetException\nBuild info: version: '4.0.0-beta-2', revision: '4ec0cfc112'\nSystem info: host: 'DESKTOP-6RAFNNG', ip: '192.168.43.182', os.name: 'Windows 10', os.arch: 'amd64', os.version: '10.0', java.version: '15'\nDriver info: org.openqa.selenium.remote.RemoteWebDriver\nCommand: [f424d93e18a90717e095d533269e9b2b, actions {actions=[org.openqa.selenium.interactions.Sequence@78508e6b]}]\nCapabilities {acceptInsecureCerts: true, browserName: chrome, browserVersion: 89.0.4389.114, chrome: {chromedriverVersion: 89.0.4389.23 (61b08ee2c5002..., userDataDir: C:\\Users\\Home\\AppData\\Local...}, goog:chromeOptions: {debuggerAddress: localhost:62691}, javascriptEnabled: true, networkConnectionEnabled: false, pageLoadStrategy: normal, platform: WINDOWS, platformName: WINDOWS, proxy: Proxy(), se:cdp: ws://192.168.43.182:4444/se..., se:cdpVersion: 89.0.4389.114, setWindowRect: true, strictFileInteractability: false, timeouts: {implicit: 0, pageLoad: 300000, script: 30000}, unhandledPromptBehavior: dismiss and notify, webauthn:extension:largeBlob: true, webauthn:virtualAuthenticators: true}\nSession ID: f424d93e18a90717e095d533269e9b2b\r\n\tat org.openqa.selenium.json.JsonOutput.convertUsingMethod(JsonOutput.java:362)\r\n\tat org.openqa.selenium.json.JsonOutput.lambda$new$16(JsonOutput.java:154)\r\n\tat org.openqa.selenium.json.JsonOutput.write(JsonOutput.java:287)\r\n\tat org.openqa.selenium.json.JsonOutput.lambda$new$22(JsonOutput.java:169)\r\n\tat java.base/java.util.stream.ForEachOps$ForEachOp$OfRef.accept(ForEachOps.java:183)\r\n\tat java.base/java.util.stream.ReferencePipeline$2$1.accept(ReferencePipeline.java:177)\r\n\tat java.base/java.util.Iterator.forEachRemaining(Iterator.java:133)\r\n\tat java.base/java.util.Spliterators$IteratorSpliterator.forEachRemaining(Spliterators.java:1801)\r\n\tat java.base/java.util.stream.AbstractPipeline.copyInto(AbstractPipeline.java:484)\r\n\tat java.base/java.util.stream.AbstractPipeline.wrapAndCopyInto(AbstractPipeline.java:474)\r\n\tat java.base/java.util.stream.ForEachOps$ForEachOp.evaluateSequential(ForEachOps.java:150)\r\n\tat java.base/java.util.stream.ForEachOps$ForEachOp$OfRef.evaluateSequential(ForEachOps.java:173)\r\n\tat java.base/java.util.stream.AbstractPipeline.evaluate(AbstractPipeline.java:234)\r\n\tat java.base/java.util.stream.ReferencePipeline.forEach(ReferencePipeline.java:497)\r\n\tat org.openqa.selenium.json.JsonOutput.lambda$new$23(JsonOutput.java:169)\r\n\tat org.openqa.selenium.json.JsonOutput.write(JsonOutput.java:287)\r\n\tat org.openqa.selenium.json.JsonOutput.lambda$new$24(JsonOutput.java:182)\r\n\tat com.google.common.collect.SingletonImmutableBiMap.forEach(SingletonImmutableBiMap.java:66)\r\n\tat org.openqa.selenium.json.JsonOutput.lambda$new$25(JsonOutput.java:177)\r\n\tat org.openqa.selenium.json.JsonOutput.write(JsonOutput.java:287)\r\n\tat org.openqa.selenium.json.JsonOutput.write(JsonOutput.java:278)\r\n\tat org.openqa.selenium.json.Json.toJson(Json.java:42)\r\n\tat org.openqa.selenium.remote.codec.AbstractHttpCommandCodec.encode(AbstractHttpCommandCodec.java:253)\r\n\tat org.openqa.selenium.remote.codec.AbstractHttpCommandCodec.encode(AbstractHttpCommandCodec.java:127)\r\n\tat org.openqa.selenium.remote.HttpCommandExecutor.execute(HttpCommandExecutor.java:175)\r\n\tat org.openqa.selenium.remote.TracedCommandExecutor.execute(TracedCommandExecutor.java:39)\r\n\tat org.openqa.selenium.remote.RemoteWebDriver.execute(RemoteWebDriver.java:620)\r\n\tat org.openqa.selenium.remote.RemoteWebDriver.perform(RemoteWebDriver.java:688)\r\n\tat org.openqa.selenium.interactions.Actions$BuiltAction.perform(Actions.java:617)\r\n\tat org.openqa.selenium.interactions.Actions.perform(Actions.java:573)\r\n\tat com.valeryk.BasePage.clickOnElement(BasePage.java:38)\r\n\tat com.valeryk.pageobject.SearchPage.selectProduct(SearchPage.java:24)\r\n\tat com.valeryk.test.AsosTest.searchTest(AsosTest.java:13)\r\n\tat java.base/jdk.internal.reflect.NativeMethodAccessorImpl.invoke0(Native Method)\r\n\tat java.base/jdk.internal.reflect.NativeMethodAccessorImpl.invoke(NativeMethodAccessorImpl.java:64)\r\n\tat java.base/jdk.internal.reflect.DelegatingMethodAccessorImpl.invoke(DelegatingMethodAccessorImpl.java:43)\r\n\tat java.base/java.lang.reflect.Method.invoke(Method.java:564)\r\n\tat org.testng.internal.MethodInvocationHelper.invokeMethod(MethodInvocationHelper.java:132)\r\n\tat org.testng.internal.TestInvoker.invokeMethod(TestInvoker.java:599)\r\n\tat org.testng.internal.TestInvoker.invokeTestMethod(TestInvoker.java:174)\r\n\tat org.testng.internal.MethodRunner.runInSequence(MethodRunner.java:46)\r\n\tat org.testng.internal.TestInvoker$MethodInvocationAgent.invoke(TestInvoker.java:822)\r\n\tat org.testng.internal.TestInvoker.invokeTestMethods(TestInvoker.java:147)\r\n\tat org.testng.internal.TestMethodWorker.invokeTestMethods(TestMethodWorker.java:146)\r\n\tat org.testng.internal.TestMethodWorker.run(TestMethodWorker.java:128)\r\n\tat java.base/java.util.ArrayList.forEach(ArrayList.java:1511)\r\n\tat org.testng.TestRunner.privateRun(TestRunner.java:764)\r\n\tat org.testng.TestRunner.run(TestRunner.java:585)\r\n\tat org.testng.SuiteRunner.runTest(SuiteRunner.java:384)\r\n\tat org.testng.SuiteRunner.runSequentially(SuiteRunner.java:378)\r\n\tat org.testng.SuiteRunner.privateRun(SuiteRunner.java:337)\r\n\tat org.testng.SuiteRunner.run(SuiteRunner.java:286)\r\n\tat org.testng.SuiteRunnerWorker.runSuite(SuiteRunnerWorker.java:53)\r\n\tat org.testng.SuiteRunnerWorker.run(SuiteRunnerWorker.java:96)\r\n\tat org.testng.TestNG.runSuitesSequentially(TestNG.java:1218)\r\n\tat org.testng.TestNG.runSuitesLocally(TestNG.java:1140)\r\n\tat org.testng.TestNG.runSuites(TestNG.java:1069)\r\n\tat org.testng.TestNG.run(TestNG.java:1037)\r\n\tat com.intellij.rt.testng.IDEARemoteTestNG.run(IDEARemoteTestNG.java:66)\r\n\tat com.intellij.rt.testng.RemoteTestNGStarter.main(RemoteTestNGStarter.java:109)\r\n\tSuppressed: org.openqa.selenium.json.JsonException: Attempting to close incomplete json stream\nBuild info: version: '4.0.0-beta-2', revision: '4ec0cfc112'\nSystem info: host: 'DESKTOP-6RAFNNG', ip: '192.168.43.182', os.name: 'Windows 10', os.arch: 'amd64', os.version: '10.0', java.version: '15'\nDriver info: driver.version: RemoteWebDriver\r\n\t\tat org.openqa.selenium.json.JsonOutput.close(JsonOutput.java:303)\r\n\t\tat org.openqa.selenium.json.Json.toJson(Json.java:40)\r\n\t\t... 38 more\r\nCaused by: java.lang.reflect.InvocationTargetException\r\n\tat java.base/jdk.internal.reflect.NativeMethodAccessorImpl.invoke0(Native Method)\r\n\tat java.base/jdk.internal.reflect.NativeMethodAccessorImpl.invoke(NativeMethodAccessorImpl.java:64)\r\n\tat java.base/jdk.internal.reflect.DelegatingMethodAccessorImpl.invoke(DelegatingMethodAccessorImpl.java:43)\r\n\tat java.base/java.lang.reflect.Method.invoke(Method.java:564)\r\n\tat org.openqa.selenium.json.JsonOutput.convertUsingMethod(JsonOutput.java:358)\r\n\t... 59 more\r\nCaused by: org.openqa.selenium.NoSuchElementException: no such element: Unable to locate element: {\"method\":\"xpath\",\"selector\":\"//article[starts-with(@id, 'product')][1]\"}\n  (Session info: chrome=89.0.4389.114)\nFor documentation on this error, please visit: https://selenium.dev/exceptions/#no_such_element\nBuild info: version: '4.0.0-beta-2', revision: '4ec0cfc112'\nSystem info: host: 'DESKTOP-6RAFNNG', ip: '192.168.43.182', os.name: 'Windows 10', os.arch: 'amd64', os.version: '10.0', java.version: '15'\nDriver info: org.openqa.selenium.remote.RemoteWebDriver\nCommand: [f424d93e18a90717e095d533269e9b2b, findElement {using=xpath, value=//article[starts-with(@id, 'product')][1]}]\nCapabilities {acceptInsecureCerts: true, browserName: chrome, browserVersion: 89.0.4389.114, chrome: {chromedriverVersion: 89.0.4389.23 (61b08ee2c5002..., userDataDir: C:\\Users\\Home\\AppData\\Local...}, goog:chromeOptions: {debuggerAddress: localhost:62691}, javascriptEnabled: true, networkConnectionEnabled: false, pageLoadStrategy: normal, platform: WINDOWS, platformName: WINDOWS, proxy: Proxy(), se:cdp: ws://192.168.43.182:4444/se..., se:cdpVersion: 89.0.4389.114, setWindowRect: true, strictFileInteractability: false, timeouts: {implicit: 0, pageLoad: 300000, script: 30000}, unhandledPromptBehavior: dismiss and notify, webauthn:extension:largeBlob: true, webauthn:virtualAuthenticators: true}\nSession ID: f424d93e18a90717e095d533269e9b2b\r\n\tat java.base/jdk.internal.reflect.NativeConstructorAccessorImpl.newInstance0(Native Method)\r\n\tat java.base/jdk.internal.reflect.NativeConstructorAccessorImpl.newInstance(NativeConstructorAccessorImpl.java:64)\r\n\tat java.base/jdk.internal.reflect.DelegatingConstructorAccessorImpl.newInstance(DelegatingConstructorAccessorImpl.java:45)\r\n\tat java.base/java.lang.reflect.Constructor.newInstanceWithCaller(Constructor.java:500)\r\n\tat java.base/java.lang.reflect.Constructor.newInstance(Constructor.java:481)\r\n\tat org.openqa.selenium.remote.codec.w3c.W3CHttpResponseCodec.createException(W3CHttpResponseCodec.java:195)\r\n\tat org.openqa.selenium.remote.codec.w3c.W3CHttpResponseCodec.decode(W3CHttpResponseCodec.java:128)\r\n\tat org.openqa.selenium.remote.codec.w3c.W3CHttpResponseCodec.decode(W3CHttpResponseCodec.java:52)\r\n\tat org.openqa.selenium.remote.HttpCommandExecutor.execute(HttpCommandExecutor.java:187)\r\n\tat org.openqa.selenium.remote.TracedCommandExecutor.execute(TracedCommandExecutor.java:39)\r\n\tat org.openqa.selenium.remote.RemoteWebDriver.execute(RemoteWebDriver.java:620)\r\n\tat org.openqa.selenium.remote.RemoteWebDriver$Mechanism$2.findElement(RemoteWebDriver.java:1259)\r\n\tat org.openqa.selenium.remote.RemoteWebDriver.findElement(RemoteWebDriver.java:388)\r\n\tat org.openqa.selenium.remote.RemoteWebDriver.findElement(RemoteWebDriver.java:382)\r\n\tat org.openqa.selenium.support.pagefactory.DefaultElementLocator.findElement(DefaultElementLocator.java:70)\r\n\tat org.openqa.selenium.support.pagefactory.internal.LocatingElementHandler.invoke(LocatingElementHandler.java:39)\r\n\tat com.sun.proxy.$Proxy34.getWrappedElement(Unknown Source)\r\n\tat org.openqa.selenium.interactions.PointerInput$Origin.asArg(PointerInput.java:201)\r\n\tat org.openqa.selenium.interactions.PointerInput$Move.encode(PointerInput.java:152)\r\n\tat org.openqa.selenium.interactions.Sequence.encode(Sequence.java:73)\r\n\tat org.openqa.selenium.interactions.Sequence.toJson(Sequence.java:82)\r\n\t... 64 more\r\n"},"stage":"finished","steps":[],"attachments":[],"parameters":[],"start":1618586187393,"stop":1618586187561}],"attachments":[{"name":"Failure screen","source":"038cf673-bce3-4332-a34a-ecdc997f816a-attachment","type":"image/png"}],"parameters":[],"start":1618586176601,"stop":1618586191851,"uuid":"1003e953-33b5-4d7a-bc0a-ab043ccf516a","historyId":"151f8e0146722054180e14576aaf67d9","fullName":"com.valeryk.test.AsosTest.searchTest","labels":[{"name":"package","value":"com.valeryk.test.AsosTest"},{"name":"testClass","value":"com.valeryk.test.AsosTest"},{"name":"testMethod","value":"searchTest"},{"name":"parentSuite","value":"Default Suite"},{"name":"suite","value":"HomeTask4"},{"name":"subSuite","value":"com.valeryk.test.AsosTest"},{"name":"host","value":"DESKTOP-6RAFNNG"},{"name":"thread","value":"13184@DESKTOP-6RAFNNG.main(1)"},{"name":"framework","value":"testng"},{"name":"language","value":"java"}],"links":[]}